#
# A fatal error has been detected by the Java Runtime Environment:
#
#  SIGSEGV (0xb) at pc=0x0000000120e2d630, pid=56706, tid=0x000000000000a603
#
# JRE version: Java(TM) SE Runtime Environment (8.0_161-b12) (build 1.8.0_161-b12)
# Java VM: Java HotSpot(TM) 64-Bit Server VM (25.161-b12 mixed mode bsd-amd64 compressed oops)
# Problematic frame:
# C  [CppRDFox5432462635850619452.dylib+0x16a630]  _ZN8AtomInfoC2ERK9TermArrayRK12SmartPointerIK14_AtomicFormulaEPK16ArgumentIndexSet+0x110
#
# Failed to write core dump. Core dumps have been disabled. To enable core dumping, try "ulimit -c unlimited" before starting Java again
#
# If you would like to submit a bug report, please visit:
#   http://bugreport.java.com/bugreport/crash.jsp
# The crash happened outside the Java Virtual Machine in native code.
# See problematic frame for where to report the bug.
#

---------------  T H R E A D  ---------------

Current thread (0x00007fa65aa5e800):  JavaThread "ForkJoinPool.commonPool-worker-4" daemon [_thread_in_native, id=42499, stack(0x0000700002850000,0x0000700002950000)]

siginfo: si_signo: 11 (SIGSEGV), si_code: 1 (SEGV_MAPERR), si_addr: 0x0000000000000000

Registers:
RAX=0x0000000000000000, RBX=0x00007fa65b30bc10, RCX=0x0000000000000017, RDX=0x0000000000000008
RSP=0x000070000294e020, RBP=0x000070000294e0c0, RSI=0x00007fa65a38a850, RDI=0x00007fa65b30bba0
R8 =0x7c326b19ea1d66b6, R9 =0x0000000000000001, R10=0x00000000fc000000, R11=0x00007fa6594a37c0
R12=0x00007fa65b30bba0, R13=0x00007fa6594a37d0, R14=0x0000000000000003, R15=0x0000000000000002
RIP=0x0000000120e2d630, EFLAGS=0x0000000000010246, ERR=0x0000000000000004
  TRAPNO=0x000000000000000e

Top of Stack: (sp=0x000070000294e020)
0x000070000294e020:   00007fa6597a56f0 00007fa6594a37d8
0x000070000294e030:   00007fa6594a37f0 00007fa65a38a850
0x000070000294e040:   0000000000000000 000070000294e7a0
0x000070000294e050:   000070000294e090 0000000000000000
0x000070000294e060:   0000700000000007 00007fa659609d20
0x000070000294e070:   00007fa65949e4e0 0000000000000002
0x000070000294e080:   00007fa6594a3980 0000000000000001
0x000070000294e090:   000070003f800000 00007fa65a389a00
0x000070000294e0a0:   00007fa6594a37d0 0000000000000000
0x000070000294e0b0:   00007fa6596096e0 00007fa65a38a850
0x000070000294e0c0:   000070000294e360 0000000120e2eb53
0x000070000294e0d0:   000070000294e448 0000000000000001
0x000070000294e0e0:   00007fa65b200701 00007fa6595059c0
0x000070000294e0f0:   000070000294e1d0 0000000103878b3f
0x000070000294e100:   000070000294e2e8 000070000294e300
0x000070000294e110:   000070000294e450 0000000000000005
0x000070000294e120:   000070000294dee8 000070000294e1a8
0x000070000294e130:   0000000000000001 000070000294e3e0
0x000070000294e140:   00007fa65a38a918 00007fa65a38a8f8
0x000070000294e150:   00007fa6597aa960 00007fa65a38ab00
0x000070000294e160:   00007fa65a38a990 00000001035fe1a2
0x000070000294e170:   00007fa65956d9e4 00007fa65956da00
0x000070000294e180:   ffffffff00000001 00007fa6595059c0
0x000070000294e190:   0000000000000001 00007fa65b2005a0
0x000070000294e1a0:   0000000000000000 00007fa6595059c0
0x000070000294e1b0:   000070000294e1d0 00000001034ad408
0x000070000294e1c0:   000070000294e550 00007fa65b200701
0x000070000294e1d0:   000070000294e1f0 00000001035050fb
0x000070000294e1e0:   00007fa65b200730 00007fff6ee82342
0x000070000294e1f0:   0000000000000001 00000001017b9080
0x000070000294e200:   000000000000001b 00000001017be200
0x000070000294e210:   00000000000001a8 00007fa65949e4e1 

Instructions: (pc=0x0000000120e2d630)
0x0000000120e2d610:   48 8b 00 4c 39 60 10 75 f7 eb 1e 0f 1f 44 00 00
0x0000000120e2d620:   31 d2 4c 89 c0 48 f7 f1 48 8b 06 48 8b 04 d0 90
0x0000000120e2d630:   48 8b 00 4c 39 60 10 75 f7 48 83 7d 80 00 8b 58
0x0000000120e2d640:   18 74 5d 48 8b 4d 80 48 8b 01 48 8b 49 08 48 89 

Register to memory mapping:

RAX=0x0000000000000000 is an unknown value
RBX=0x00007fa65b30bc10 is an unknown value
RCX=0x0000000000000017 is an unknown value
RDX=0x0000000000000008 is an unknown value
RSP=0x000070000294e020 is pointing into the stack for thread: 0x00007fa65aa5e800
RBP=0x000070000294e0c0 is pointing into the stack for thread: 0x00007fa65aa5e800
RSI=0x00007fa65a38a850 is an unknown value
RDI=0x00007fa65b30bba0 is an unknown value
R8 =0x7c326b19ea1d66b6 is an unknown value
R9 =0x0000000000000001 is an unknown value
R10=0x00000000fc000000 is an unknown value
R11=0x00007fa6594a37c0 is an unknown value
R12=0x00007fa65b30bba0 is an unknown value
R13=0x00007fa6594a37d0 is an unknown value
R14=0x0000000000000003 is an unknown value
R15=0x0000000000000002 is an unknown value


Stack: [0x0000700002850000,0x0000700002950000],  sp=0x000070000294e020,  free space=1016k
Native frames: (J=compiled Java code, j=interpreted, Vv=VM code, C=native code)
C  [CppRDFox5432462635850619452.dylib+0x16a630]  _ZN8AtomInfoC2ERK9TermArrayRK12SmartPointerIK14_AtomicFormulaEPK16ArgumentIndexSet+0x110
C  [CppRDFox5432462635850619452.dylib+0x16bb53]  _ZN12BodyAtomInfoC2ERK15EqualityManagerR17BodyAtomInfoIndexR26BodyAtomInfoByPatternIndexI23BodyAtomInfoPatternMainERS5_I30BodyAtomInfoPatternIncrementalER18DataPatternManagerRKNSt3__16vectorIjNSE_9allocatorIjEEEERNSF_INSE_10unique_ptrISI_NSE_14default_deleteISI_EEEENSG_ISO_EEEESR_RNSF_IPKyNSG_IST_EEEER9DataStoreRK9TermArrayRK16ArgumentIndexSetS14_SK_mRK12SmartPointerIK14_AtomicFormulaEbPS_+0x63
C  [CppRDFox5432462635850619452.dylib+0x16fc6a]  _ZN17BodyAtomInfoIndex15getBodyAtomInfoERK15EqualityManagerR26BodyAtomInfoByPatternIndexI23BodyAtomInfoPatternMainERS3_I30BodyAtomInfoPatternIncrementalER18DataPatternManagerRKNSt3__16vectorIjNSC_9allocatorIjEEEERNSD_INSC_10unique_ptrISG_NSC_14default_deleteISG_EEEENSE_ISM_EEEESP_RNSD_IPKyNSE_ISR_EEEER9DataStoreRK9TermArrayRK16ArgumentIndexSetS12_SI_mP12BodyAtomInfoRK12SmartPointerIK14_AtomicFormulaEb+0x25a
C  [CppRDFox5432462635850619452.dylib+0x17099f]  _ZN8RuleInfo15compileBodyAtomER16ArgumentIndexSetRK15EqualityManagerR17BodyAtomInfoIndexR26BodyAtomInfoByPatternIndexI23BodyAtomInfoPatternMainERS7_I30BodyAtomInfoPatternIncrementalER18DataPatternManagerRKNSt3__16vectorIjNSG_9allocatorIjEEEERNSH_INSG_10unique_ptrISK_NSG_14default_deleteISK_EEEENSI_ISQ_EEEEST_RNSH_IPKyNSI_ISV_EEEER9DataStoreR10TupleTableRK9TermArraymRKNSH_INSN_IS0_NSO_IS0_EEEENSI_IS17_EEEES1B_RKSS_m+0xff
C  [CppRDFox5432462635850619452.dylib+0x171ede]  _ZN8RuleInfoC2ERK15EqualityManagerR17BodyAtomInfoIndexR26BodyAtomInfoByPatternIndexI23BodyAtomInfoPatternMainER22RuleInfoByPatternIndexI19RuleInfoPatternMainERS5_I30BodyAtomInfoPatternIncrementalER18DataPatternManagerRKNSt3__16vectorIjNSI_9allocatorIjEEEERNSJ_INSI_10unique_ptrISM_NSI_14default_deleteISM_EEEENSK_ISS_EEEESV_RNSJ_IPKyNSK_ISX_EEEER9DataStoreRK9TermArraymRK12SmartPointerIK5_RuleEbbbb+0xe2e
C  [CppRDFox5432462635850619452.dylib+0x175804]  _ZN9RuleIndex11addRuleInfoERK12SmartPointerIK5_RuleEbbbb+0x404
C  [CppRDFox5432462635850619452.dylib+0x179943]  _ZN9RuleIndex7addRuleEmPKyRK12SmartPointerIK5_RuleEb+0xd3
C  [CppRDFox5432462635850619452.dylib+0x149a89]  _ZN13DatalogEngine8addRulesERKNSt3__16vectorI12SmartPointerIK5_RuleENS0_9allocatorIS5_EEEE+0x59
C  [CppRDFox5432462635850619452.dylib+0xaa34b]  Java_uk_ac_ox_cs_JRDFox_store_DataStore_nAddRules+0xe0b
j  uk.ac.ox.cs.JRDFox.store.DataStore.nAddRules(J[Ljava/lang/String;IZ[Ljava/lang/String;)V+0
j  uk.ac.ox.cs.JRDFox.store.DataStore.importRules(Ljava/lang/String;Luk/ac/ox/cs/JRDFox/store/DataStore$UpdateType;ZLuk/ac/ox/cs/JRDFox/Prefixes;)V+30
j  uk.ac.ox.cs.JRDFox.store.DataStore.importRules(Ljava/lang/String;Luk/ac/ox/cs/JRDFox/store/DataStore$UpdateType;Luk/ac/ox/cs/JRDFox/Prefixes;)V+5
j  uk.ac.ox.cs.JRDFox.store.DataStore.importRules(Ljava/lang/String;Luk/ac/ox/cs/JRDFox/store/DataStore$UpdateType;)V+10
j  uk.ac.ox.cs.JRDFox.store.DataStore.importRules(Ljava/lang/String;)V+5
j  velox.StoreInitializer.transformAxiomToRule(Luk/ac/ox/cs/JRDFox/store/DataStore;Lorg/semanticweb/owlapi/model/OWLAxiom;)Ljava/lang/Object;+583
j  velox.StoreInitializer.lambda$0(Luk/ac/ox/cs/JRDFox/store/DataStore;Lorg/semanticweb/owlapi/model/OWLAxiom;)V+3
j  velox.StoreInitializer$$Lambda$208.accept(Ljava/lang/Object;)V+12
j  java.util.stream.ForEachOps$ForEachOp$OfRef.accept(Ljava/lang/Object;)V+5
j  java.util.ArrayList$ArrayListSpliterator.forEachRemaining(Ljava/util/function/Consumer;)V+99
j  java.util.stream.AbstractPipeline.copyInto(Ljava/util/stream/Sink;Ljava/util/Spliterator;)V+32
j  java.util.stream.ForEachOps$ForEachTask.compute()V+103
j  java.util.concurrent.CountedCompleter.exec()Z+1
j  java.util.concurrent.ForkJoinTask.doExec()I+10
j  java.util.concurrent.ForkJoinPool$WorkQueue.runTask(Ljava/util/concurrent/ForkJoinTask;)V+21
j  java.util.concurrent.ForkJoinPool.runWorker(Ljava/util/concurrent/ForkJoinPool$WorkQueue;)V+35
j  java.util.concurrent.ForkJoinWorkerThread.run()V+24
v  ~StubRoutines::call_stub
V  [libjvm.dylib+0x2ef9aa]
V  [libjvm.dylib+0x2f014e]
V  [libjvm.dylib+0x2f02fa]
V  [libjvm.dylib+0x34aae5]
V  [libjvm.dylib+0x56edef]
V  [libjvm.dylib+0x5704ea]
V  [libjvm.dylib+0x48d83a]
C  [libsystem_pthread.dylib+0x3661]  _pthread_body+0x154
C  [libsystem_pthread.dylib+0x350d]  _pthread_body+0x0
C  [libsystem_pthread.dylib+0x2bf9]  thread_start+0xd
C  0x0000000000000000

Java frames: (J=compiled Java code, j=interpreted, Vv=VM code)
j  uk.ac.ox.cs.JRDFox.store.DataStore.nAddRules(J[Ljava/lang/String;IZ[Ljava/lang/String;)V+0
j  uk.ac.ox.cs.JRDFox.store.DataStore.importRules(Ljava/lang/String;Luk/ac/ox/cs/JRDFox/store/DataStore$UpdateType;ZLuk/ac/ox/cs/JRDFox/Prefixes;)V+30
j  uk.ac.ox.cs.JRDFox.store.DataStore.importRules(Ljava/lang/String;Luk/ac/ox/cs/JRDFox/store/DataStore$UpdateType;Luk/ac/ox/cs/JRDFox/Prefixes;)V+5
j  uk.ac.ox.cs.JRDFox.store.DataStore.importRules(Ljava/lang/String;Luk/ac/ox/cs/JRDFox/store/DataStore$UpdateType;)V+10
j  uk.ac.ox.cs.JRDFox.store.DataStore.importRules(Ljava/lang/String;)V+5
j  velox.StoreInitializer.transformAxiomToRule(Luk/ac/ox/cs/JRDFox/store/DataStore;Lorg/semanticweb/owlapi/model/OWLAxiom;)Ljava/lang/Object;+583
j  velox.StoreInitializer.lambda$0(Luk/ac/ox/cs/JRDFox/store/DataStore;Lorg/semanticweb/owlapi/model/OWLAxiom;)V+3
j  velox.StoreInitializer$$Lambda$208.accept(Ljava/lang/Object;)V+12
j  java.util.stream.ForEachOps$ForEachOp$OfRef.accept(Ljava/lang/Object;)V+5
j  java.util.ArrayList$ArrayListSpliterator.forEachRemaining(Ljava/util/function/Consumer;)V+99
j  java.util.stream.AbstractPipeline.copyInto(Ljava/util/stream/Sink;Ljava/util/Spliterator;)V+32
j  java.util.stream.ForEachOps$ForEachTask.compute()V+103
j  java.util.concurrent.CountedCompleter.exec()Z+1
j  java.util.concurrent.ForkJoinTask.doExec()I+10
j  java.util.concurrent.ForkJoinPool$WorkQueue.runTask(Ljava/util/concurrent/ForkJoinTask;)V+21
j  java.util.concurrent.ForkJoinPool.runWorker(Ljava/util/concurrent/ForkJoinPool$WorkQueue;)V+35
j  java.util.concurrent.ForkJoinWorkerThread.run()V+24
v  ~StubRoutines::call_stub

---------------  P R O C E S S  ---------------

Java Threads: ( => current thread )
  0x00007fa65994b000 JavaThread "ForkJoinPool.commonPool-worker-7" daemon [_thread_in_native, id=24579, stack(0x0000700002ce2000,0x0000700002de2000)]
  0x00007fa65c005000 JavaThread "ForkJoinPool.commonPool-worker-6" daemon [_thread_in_native, id=24067, stack(0x0000700002bdf000,0x0000700002cdf000)]
  0x00007fa65aa5f000 JavaThread "ForkJoinPool.commonPool-worker-5" daemon [_thread_in_native, id=23299, stack(0x0000700002953000,0x0000700002a53000)]
=>0x00007fa65aa5e800 JavaThread "ForkJoinPool.commonPool-worker-4" daemon [_thread_in_native, id=42499, stack(0x0000700002850000,0x0000700002950000)]
  0x00007fa65aa5b800 JavaThread "ForkJoinPool.commonPool-worker-3" daemon [_thread_in_native, id=43011, stack(0x000070000274d000,0x000070000284d000)]
  0x00007fa65aa5a800 JavaThread "ForkJoinPool.commonPool-worker-2" daemon [_thread_in_native, id=22531, stack(0x000070000264a000,0x000070000274a000)]
  0x00007fa65bbea800 JavaThread "ForkJoinPool.commonPool-worker-1" daemon [_thread_in_native, id=22275, stack(0x0000700002547000,0x0000700002647000)]
  0x00007fa659819000 JavaThread "Service Thread" daemon [_thread_blocked, id=15875, stack(0x0000700002341000,0x0000700002441000)]
  0x00007fa65a00a000 JavaThread "C1 CompilerThread3" daemon [_thread_in_vm, id=16131, stack(0x000070000223e000,0x000070000233e000)]
  0x00007fa65986c800 JavaThread "C2 CompilerThread2" daemon [_thread_blocked, id=16387, stack(0x000070000213b000,0x000070000223b000)]
  0x00007fa659879000 JavaThread "C2 CompilerThread1" daemon [_thread_blocked, id=14851, stack(0x0000700002038000,0x0000700002138000)]
  0x00007fa65986b000 JavaThread "C2 CompilerThread0" daemon [_thread_blocked, id=14339, stack(0x0000700001f35000,0x0000700002035000)]
  0x00007fa659878000 JavaThread "Signal Dispatcher" daemon [_thread_blocked, id=13827, stack(0x0000700001e32000,0x0000700001f32000)]
  0x00007fa65a022800 JavaThread "Finalizer" daemon [_thread_blocked, id=18691, stack(0x0000700001d2f000,0x0000700001e2f000)]
  0x00007fa65984e800 JavaThread "Reference Handler" daemon [_thread_blocked, id=19203, stack(0x0000700001c2c000,0x0000700001d2c000)]
  0x00007fa65a803800 JavaThread "main" [_thread_in_native, id=5891, stack(0x000070000120e000,0x000070000130e000)]

Other Threads:
  0x00007fa65c004000 VMThread [stack: 0x0000700001b29000,0x0000700001c29000] [id=19715]
  0x00007fa65a00b000 WatcherThread [stack: 0x0000700002444000,0x0000700002544000] [id=21763]

VM state:not at safepoint (normal execution)

VM Mutex/Monitor currently owned by a thread:  ([mutex/lock_event])
[0x00007fa65b002410] MethodData_lock - owner thread: 0x0000000000000000

Heap:
 PSYoungGen      total 76288K, used 56594K [0x000000076ab00000, 0x0000000770000000, 0x00000007c0000000)
  eden space 65536K, 86% used [0x000000076ab00000,0x000000076e244940,0x000000076eb00000)
  from space 10752K, 0% used [0x000000076f580000,0x000000076f580000,0x0000000770000000)
  to   space 10752K, 0% used [0x000000076eb00000,0x000000076eb00000,0x000000076f580000)
 ParOldGen       total 175104K, used 0K [0x00000006c0000000, 0x00000006cab00000, 0x000000076ab00000)
  object space 175104K, 0% used [0x00000006c0000000,0x00000006c0000000,0x00000006cab00000)
 Metaspace       used 13201K, capacity 13712K, committed 13824K, reserved 1060864K
  class space    used 1822K, capacity 1994K, committed 2048K, reserved 1048576K

Card table byte_map: [0x00000001133b6000,0x0000000113bb7000] byte_map_base: 0x000000010fdb6000

Marking Bits: (ParMarkBitMap*) 0x0000000103cff6c0
 Begin Bits: [0x0000000113bb7000, 0x0000000117bb7000)
 End Bits:   [0x0000000117bb7000, 0x000000011bbb7000)

Polling page: 0x00000001017eb000

CodeCache: size=245760Kb used=4001Kb max_used=4001Kb free=241758Kb
 bounds [0x00000001043b6000, 0x00000001047a6000, 0x00000001133b6000]
 total_blobs=1483 nmethods=1144 adapters=252
 compilation: enabled

Compilation events (10 events):
Event: 1.119 Thread 0x00007fa65a00a000 1099       3       java.lang.String::compareTo (78 bytes)
Event: 1.119 Thread 0x00007fa65a00a000 nmethod 1099 0x0000000104771150 code [0x00000001047712e0, 0x0000000104771630]
Event: 1.119 Thread 0x00007fa65a00a000 1097       3       org.semanticweb.owlapi.util.StringLengthComparator::compare (40 bytes)
Event: 1.120 Thread 0x00007fa65a00a000 nmethod 1097 0x00000001047749d0 code [0x0000000104774be0, 0x0000000104775578]
Event: 1.120 Thread 0x00007fa65a00a000 1098       3       org.semanticweb.owlapi.util.StringLengthComparator::compare (13 bytes)
Event: 1.120 Thread 0x00007fa65a00a000 nmethod 1098 0x0000000104770b90 code [0x0000000104770d20, 0x0000000104771088]
Event: 1.120 Thread 0x00007fa65a00a000 1100       3       java.util.regex.ASCII::toDigit (12 bytes)
Event: 1.120 Thread 0x00007fa65a00a000 nmethod 1100 0x0000000104774610 code [0x0000000104774780, 0x00000001047748f0]
Event: 1.120 Thread 0x00007fa65a00a000 1101       3       java.util.regex.Pattern::sequence (553 bytes)
Event: 1.122 Thread 0x00007fa65986b000 nmethod 1088 0x0000000104784090 code [0x00000001047842e0, 0x0000000104784ce0]

GC Heap History (0 events):
No events

Deoptimization events (9 events):
Event: 0.103 Thread 0x00007fa65a803800 Uncommon trap: reason=unstable_if action=reinterpret pc=0x00000001044cfde8 method=java.lang.String.hashCode()I @ 14
Event: 0.227 Thread 0x00007fa65a803800 Uncommon trap: reason=unstable_if action=reinterpret pc=0x000000010454cd48 method=java.lang.String.indexOf([CII[CIII)I @ 134
Event: 0.427 Thread 0x00007fa65a803800 Uncommon trap: reason=unstable_if action=reinterpret pc=0x00000001045c7d24 method=java.lang.String.indexOf([CII[CIII)I @ 3
Event: 0.481 Thread 0x00007fa65a803800 Uncommon trap: reason=unstable_if action=reinterpret pc=0x000000010457be00 method=java.lang.String.replace(CC)Ljava/lang/String; @ 26
Event: 0.585 Thread 0x00007fa65a803800 Uncommon trap: reason=range_check action=make_not_entrant pc=0x000000010467cd48 method=sun.reflect.generics.parser.SignatureParser.current()C @ 34
Event: 0.766 Thread 0x00007fa65a803800 Uncommon trap: reason=unstable_if action=reinterpret pc=0x00000001045df6d8 method=sun.misc.MetaIndex.mayContain(Ljava/lang/String;)Z @ 38
Event: 0.850 Thread 0x00007fa65a803800 Uncommon trap: reason=unstable_if action=reinterpret pc=0x000000010471ddc4 method=java.io.BufferedReader.read()I @ 19
Event: 0.859 Thread 0x00007fa65a803800 Uncommon trap: reason=unstable_if action=reinterpret pc=0x0000000104720084 method=java.io.BufferedReader.read()I @ 19
Event: 0.873 Thread 0x00007fa65a803800 Uncommon trap: reason=unstable_if action=reinterpret pc=0x00000001047321f8 method=org.semanticweb.owlapi.functional.parser.CustomTokenizer.readChar()C @ 75

Classes redefined (0 events):
No events

Internal exceptions (10 events):
Event: 0.733 Thread 0x00007fa65a803800 Exception <a 'java/lang/IncompatibleClassChangeError': Found class java.lang.Object, but interface was expected> (0x000000076d24c9c0) thrown at [/Users/java_re/workspace/8-2-build-macosx-x86_64/jdk8u161/10277/hotspot/src/share/vm/interpreter/linkResolver.
Event: 0.734 Thread 0x00007fa65a803800 Exception <a 'java/lang/IncompatibleClassChangeError': Found class java.lang.Object, but interface was expected> (0x000000076d253fb8) thrown at [/Users/java_re/workspace/8-2-build-macosx-x86_64/jdk8u161/10277/hotspot/src/share/vm/interpreter/linkResolver.
Event: 0.734 Thread 0x00007fa65a803800 Exception <a 'java/lang/IncompatibleClassChangeError': Found class java.lang.Object, but interface was expected> (0x000000076d25b3d0) thrown at [/Users/java_re/workspace/8-2-build-macosx-x86_64/jdk8u161/10277/hotspot/src/share/vm/interpreter/linkResolver.
Event: 0.735 Thread 0x00007fa65a803800 Exception <a 'java/lang/IncompatibleClassChangeError': Found class java.lang.Object, but interface was expected> (0x000000076d262868) thrown at [/Users/java_re/workspace/8-2-build-macosx-x86_64/jdk8u161/10277/hotspot/src/share/vm/interpreter/linkResolver.
Event: 0.873 Thread 0x00007fa65a803800 Exception <a 'java/lang/IncompatibleClassChangeError': Found class java.lang.Object, but interface was expected> (0x000000076ddae3b0) thrown at [/Users/java_re/workspace/8-2-build-macosx-x86_64/jdk8u161/10277/hotspot/src/share/vm/interpreter/linkResolver.
Event: 0.875 Thread 0x00007fa65a803800 Exception <a 'java/lang/NoSuchMethodError': java.lang.Object.lambda$identity$2(Ljava/lang/Object;)Ljava/lang/Object;> (0x000000076ddbcb58) thrown at [/Users/java_re/workspace/8-2-build-macosx-x86_64/jdk8u161/10277/hotspot/src/share/vm/interpreter/linkReso
Event: 0.876 Thread 0x00007fa65a803800 Exception <a 'java/lang/NoSuchMethodError': java.lang.Object.lambda$determineIllegalPunnings$0(Ljava/util/Collection;Lorg/semanticweb/owlapi/model/OWLEntity;)Z> (0x000000076ddd1938) thrown at [/Users/java_re/workspace/8-2-build-macosx-x86_64/jdk8u161/1027
Event: 0.876 Thread 0x00007fa65a803800 Exception <a 'java/lang/NoSuchMethodError': java.lang.Object.lambda$determineIllegalPunnings$1(Lcom/google/common/collect/Multimap;Lorg/semanticweb/owlapi/model/OWLEntity;)V> (0x000000076ddd58a8) thrown at [/Users/java_re/workspace/8-2-build-macosx-x86_64
Event: 0.879 Thread 0x00007fa65a803800 Exception <a 'java/lang/NoSuchMethodError': java.lang.Object.lambda$axioms$0(Lorg/semanticweb/owlapi/model/AxiomType;Lorg/semanticweb/owlapi/model/OWLOntology;)Ljava/util/stream/Stream;> (0x000000076de23658) thrown at [/Users/java_re/workspace/8-2-build-m
Event: 1.119 Thread 0x00007fa65aa5f000 Exception <a 'java/lang/IncompatibleClassChangeError': Found class java.lang.Object, but interface was expected> (0x000000076dbcf788) thrown at [/Users/java_re/workspace/8-2-build-macosx-x86_64/jdk8u161/10277/hotspot/src/share/vm/interpreter/linkResolver.

Events (10 events):
Event: 1.120 loading class java/util/TreeMap$EntrySet
Event: 1.120 loading class java/util/TreeMap$EntrySet done
Event: 1.120 loading class java/util/TreeMap$EntryIterator
Event: 1.121 loading class java/util/TreeMap$EntryIterator done
Event: 1.121 loading class uk/ac/ox/cs/JRDFox/store/Utilities
Event: 1.121 loading class uk/ac/ox/cs/JRDFox/store/Utilities done
Event: 1.122 loading class java/util/Collections$UnmodifiableMap$UnmodifiableEntrySet
Event: 1.122 loading class java/util/Collections$UnmodifiableMap$UnmodifiableEntrySet done
Event: 1.122 loading class java/util/Collections$UnmodifiableMap$UnmodifiableEntrySet$1
Event: 1.122 loading class java/util/Collections$UnmodifiableMap$UnmodifiableEntrySet$1 done


Dynamic libraries:
0x000000001f2fc000 	/System/Library/Frameworks/Cocoa.framework/Versions/A/Cocoa
0x000000001f2fc000 	/System/Library/Frameworks/Security.framework/Versions/A/Security
0x000000001f2fc000 	/System/Library/Frameworks/ApplicationServices.framework/Versions/A/ApplicationServices
0x000000001f2fc000 	/usr/lib/libz.1.dylib
0x000000001f2fc000 	/usr/lib/libSystem.B.dylib
0x000000001f2fc000 	/usr/lib/libobjc.A.dylib
0x000000001f2fc000 	/System/Library/Frameworks/CoreFoundation.framework/Versions/A/CoreFoundation
0x000000001f2fc000 	/System/Library/Frameworks/Foundation.framework/Versions/C/Foundation
0x000000001f2fc000 	/System/Library/Frameworks/AppKit.framework/Versions/C/AppKit
0x000000001f2fc000 	/System/Library/Frameworks/CoreData.framework/Versions/A/CoreData
0x000000001f2fc000 	/System/Library/PrivateFrameworks/RemoteViewServices.framework/Versions/A/RemoteViewServices
0x000000001f2fc000 	/System/Library/PrivateFrameworks/UIFoundation.framework/Versions/A/UIFoundation
0x000000001f2fc000 	/System/Library/PrivateFrameworks/DFRFoundation.framework/Versions/A/DFRFoundation
0x000000001f2fc000 	/System/Library/Frameworks/Metal.framework/Versions/A/Metal
0x000000001f2fc000 	/System/Library/PrivateFrameworks/DesktopServicesPriv.framework/Versions/A/DesktopServicesPriv
0x000000001f2fc000 	/usr/lib/libenergytrace.dylib
0x000000001f2fc000 	/System/Library/PrivateFrameworks/SkyLight.framework/Versions/A/SkyLight
0x000000001f2fc000 	/System/Library/Frameworks/CoreGraphics.framework/Versions/A/CoreGraphics
0x000000001f2fc000 	/usr/lib/libScreenReader.dylib
0x000000001f2fc000 	/System/Library/Frameworks/Accelerate.framework/Versions/A/Accelerate
0x000000001f2fc000 	/System/Library/Frameworks/IOSurface.framework/Versions/A/IOSurface
0x000000001f2fc000 	/System/Library/Frameworks/AudioToolbox.framework/Versions/A/AudioToolbox
0x000000001f2fc000 	/System/Library/Frameworks/AudioUnit.framework/Versions/A/AudioUnit
0x000000001f2fc000 	/System/Library/PrivateFrameworks/DataDetectorsCore.framework/Versions/A/DataDetectorsCore
0x000000001f2fc000 	/System/Library/Frameworks/Carbon.framework/Versions/A/Frameworks/HIToolbox.framework/Versions/A/HIToolbox
0x000000001f2fc000 	/usr/lib/libicucore.A.dylib
0x000000001f2fc000 	/System/Library/Frameworks/QuartzCore.framework/Versions/A/QuartzCore
0x000000001f2fc000 	/System/Library/PrivateFrameworks/SignpostNotification.framework/Versions/A/SignpostNotification
0x000000001f2fc000 	/System/Library/Frameworks/Carbon.framework/Versions/A/Frameworks/SpeechRecognition.framework/Versions/A/SpeechRecognition
0x000000001f2fc000 	/usr/lib/libauto.dylib
0x000000001f2fc000 	/usr/lib/libxml2.2.dylib
0x000000001f2fc000 	/System/Library/PrivateFrameworks/CoreUI.framework/Versions/A/CoreUI
0x000000001f2fc000 	/System/Library/Frameworks/CoreAudio.framework/Versions/A/CoreAudio
0x000000001f2fc000 	/System/Library/Frameworks/DiskArbitration.framework/Versions/A/DiskArbitration
0x000000001f2fc000 	/usr/lib/liblangid.dylib
0x000000001f2fc000 	/System/Library/PrivateFrameworks/MultitouchSupport.framework/Versions/A/MultitouchSupport
0x000000001f2fc000 	/System/Library/Frameworks/IOKit.framework/Versions/A/IOKit
0x000000001f2fc000 	/usr/lib/libDiagnosticMessagesClient.dylib
0x000000001f2fc000 	/System/Library/Frameworks/CoreServices.framework/Versions/A/CoreServices
0x000000001f2fc000 	/System/Library/PrivateFrameworks/PerformanceAnalysis.framework/Versions/A/PerformanceAnalysis
0x000000001f2fc000 	/System/Library/Frameworks/OpenGL.framework/Versions/A/OpenGL
0x000000001f2fc000 	/System/Library/Frameworks/ColorSync.framework/Versions/A/ColorSync
0x000000001f2fc000 	/System/Library/Frameworks/CoreImage.framework/Versions/A/CoreImage
0x000000001f2fc000 	/System/Library/Frameworks/CoreText.framework/Versions/A/CoreText
0x000000001f2fc000 	/System/Library/Frameworks/ImageIO.framework/Versions/A/ImageIO
0x000000001f2fc000 	/System/Library/PrivateFrameworks/Backup.framework/Versions/A/Backup
0x000000001f2fc000 	/usr/lib/libarchive.2.dylib
0x000000001f2fc000 	/System/Library/Frameworks/CFNetwork.framework/Versions/A/CFNetwork
0x000000001f2fc000 	/System/Library/Frameworks/SystemConfiguration.framework/Versions/A/SystemConfiguration
0x000000001f2fc000 	/usr/lib/libCRFSuite.dylib
0x000000001f2fc000 	/usr/lib/libc++.1.dylib
0x000000001f2fc000 	/usr/lib/libc++abi.dylib
0x000000001f2fc000 	/usr/lib/system/libcache.dylib
0x000000001f2fc000 	/usr/lib/system/libcommonCrypto.dylib
0x000000001f2fc000 	/usr/lib/system/libcompiler_rt.dylib
0x000000001f2fc000 	/usr/lib/system/libcopyfile.dylib
0x000000001f2fc000 	/usr/lib/system/libcorecrypto.dylib
0x000000001f2fc000 	/usr/lib/system/libdispatch.dylib
0x000000001f2fc000 	/usr/lib/system/libdyld.dylib
0x000000001f2fc000 	/usr/lib/system/libkeymgr.dylib
0x000000001f2fc000 	/usr/lib/system/liblaunch.dylib
0x000000001f2fc000 	/usr/lib/system/libmacho.dylib
0x000000001f2fc000 	/usr/lib/system/libquarantine.dylib
0x000000001f2fc000 	/usr/lib/system/libremovefile.dylib
0x000000001f2fc000 	/usr/lib/system/libsystem_asl.dylib
0x000000001f2fc000 	/usr/lib/system/libsystem_blocks.dylib
0x000000001f2fc000 	/usr/lib/system/libsystem_c.dylib
0x000000001f2fc000 	/usr/lib/system/libsystem_configuration.dylib
0x000000001f2fc000 	/usr/lib/system/libsystem_coreservices.dylib
0x000000001f2fc000 	/usr/lib/system/libsystem_darwin.dylib
0x000000001f2fc000 	/usr/lib/system/libsystem_dnssd.dylib
0x000000001f2fc000 	/usr/lib/system/libsystem_info.dylib
0x000000001f2fc000 	/usr/lib/system/libsystem_m.dylib
0x000000001f2fc000 	/usr/lib/system/libsystem_malloc.dylib
0x000000001f2fc000 	/usr/lib/system/libsystem_network.dylib
0x000000001f2fc000 	/usr/lib/system/libsystem_networkextension.dylib
0x000000001f2fc000 	/usr/lib/system/libsystem_notify.dylib
0x000000001f2fc000 	/usr/lib/system/libsystem_sandbox.dylib
0x000000001f2fc000 	/usr/lib/system/libsystem_secinit.dylib
0x000000001f2fc000 	/usr/lib/system/libsystem_kernel.dylib
0x000000001f2fc000 	/usr/lib/system/libsystem_platform.dylib
0x000000001f2fc000 	/usr/lib/system/libsystem_pthread.dylib
0x000000001f2fc000 	/usr/lib/system/libsystem_symptoms.dylib
0x000000001f2fc000 	/usr/lib/system/libsystem_trace.dylib
0x000000001f2fc000 	/usr/lib/system/libunwind.dylib
0x000000001f2fc000 	/usr/lib/system/libxpc.dylib
0x000000001f2fc000 	/usr/lib/closure/libclosured.dylib
0x000000001f2fc000 	/usr/lib/libbsm.0.dylib
0x000000001f2fc000 	/usr/lib/system/libkxld.dylib
0x000000001f2fc000 	/usr/lib/libOpenScriptingUtil.dylib
0x000000001f2fc000 	/usr/lib/libcoretls.dylib
0x000000001f2fc000 	/usr/lib/libcoretls_cfhelpers.dylib
0x000000001f2fc000 	/usr/lib/libpam.2.dylib
0x000000001f2fc000 	/usr/lib/libsqlite3.dylib
0x000000001f2fc000 	/usr/lib/libxar.1.dylib
0x000000001f2fc000 	/usr/lib/libbz2.1.0.dylib
0x000000001f2fc000 	/usr/lib/liblzma.5.dylib
0x000000001f2fc000 	/usr/lib/libnetwork.dylib
0x000000001f2fc000 	/usr/lib/libapple_nghttp2.dylib
0x000000001f2fc000 	/usr/lib/libpcap.A.dylib
0x000000001f2fc000 	/usr/lib/libboringssl.dylib
0x000000001f2fc000 	/usr/lib/libusrtcp.dylib
0x000000001f2fc000 	/usr/lib/libapple_crypto.dylib
0x000000001f2fc000 	/System/Library/Frameworks/CoreServices.framework/Versions/A/Frameworks/FSEvents.framework/Versions/A/FSEvents
0x000000001f2fc000 	/System/Library/Frameworks/CoreServices.framework/Versions/A/Frameworks/CarbonCore.framework/Versions/A/CarbonCore
0x000000001f2fc000 	/System/Library/Frameworks/CoreServices.framework/Versions/A/Frameworks/Metadata.framework/Versions/A/Metadata
0x000000001f2fc000 	/System/Library/Frameworks/CoreServices.framework/Versions/A/Frameworks/OSServices.framework/Versions/A/OSServices
0x000000001f2fc000 	/System/Library/Frameworks/CoreServices.framework/Versions/A/Frameworks/SearchKit.framework/Versions/A/SearchKit
0x000000001f2fc000 	/System/Library/Frameworks/CoreServices.framework/Versions/A/Frameworks/AE.framework/Versions/A/AE
0x000000001f2fc000 	/System/Library/Frameworks/CoreServices.framework/Versions/A/Frameworks/LaunchServices.framework/Versions/A/LaunchServices
0x000000001f2fc000 	/System/Library/Frameworks/CoreServices.framework/Versions/A/Frameworks/DictionaryServices.framework/Versions/A/DictionaryServices
0x000000001f2fc000 	/System/Library/Frameworks/CoreServices.framework/Versions/A/Frameworks/SharedFileList.framework/Versions/A/SharedFileList
0x000000001f2fc000 	/System/Library/Frameworks/NetFS.framework/Versions/A/NetFS
0x000000001f2fc000 	/System/Library/PrivateFrameworks/NetAuth.framework/Versions/A/NetAuth
0x000000001f2fc000 	/System/Library/PrivateFrameworks/login.framework/Versions/A/Frameworks/loginsupport.framework/Versions/A/loginsupport
0x000000001f2fc000 	/System/Library/PrivateFrameworks/TCC.framework/Versions/A/TCC
0x000000001f2fc000 	/usr/lib/libmecabra.dylib
0x000000001f2fc000 	/System/Library/Frameworks/ApplicationServices.framework/Versions/A/Frameworks/ATS.framework/Versions/A/ATS
0x000000001f2fc000 	/System/Library/Frameworks/ApplicationServices.framework/Versions/A/Frameworks/ColorSyncLegacy.framework/Versions/A/ColorSyncLegacy
0x000000001f2fc000 	/System/Library/Frameworks/ApplicationServices.framework/Versions/A/Frameworks/HIServices.framework/Versions/A/HIServices
0x000000001f2fc000 	/System/Library/Frameworks/ApplicationServices.framework/Versions/A/Frameworks/LangAnalysis.framework/Versions/A/LangAnalysis
0x000000001f2fc000 	/System/Library/Frameworks/ApplicationServices.framework/Versions/A/Frameworks/PrintCore.framework/Versions/A/PrintCore
0x000000001f2fc000 	/System/Library/Frameworks/ApplicationServices.framework/Versions/A/Frameworks/QD.framework/Versions/A/QD
0x000000001f2fc000 	/System/Library/Frameworks/ApplicationServices.framework/Versions/A/Frameworks/SpeechSynthesis.framework/Versions/A/SpeechSynthesis
0x000000001f2fc000 	/System/Library/Frameworks/CoreDisplay.framework/Versions/A/CoreDisplay
0x000000001f2fc000 	/System/Library/Frameworks/Accelerate.framework/Versions/A/Frameworks/vImage.framework/Versions/A/vImage
0x000000001f2fc000 	/System/Library/Frameworks/Accelerate.framework/Versions/A/Frameworks/vecLib.framework/Versions/A/vecLib
0x000000001f2fc000 	/System/Library/Frameworks/Accelerate.framework/Versions/A/Frameworks/vecLib.framework/Versions/A/libvDSP.dylib
0x000000001f2fc000 	/System/Library/Frameworks/Accelerate.framework/Versions/A/Frameworks/vecLib.framework/Versions/A/libBNNS.dylib
0x000000001f2fc000 	/System/Library/Frameworks/Accelerate.framework/Versions/A/Frameworks/vecLib.framework/Versions/A/libQuadrature.dylib
0x000000001f2fc000 	/System/Library/Frameworks/Accelerate.framework/Versions/A/Frameworks/vecLib.framework/Versions/A/libvMisc.dylib
0x000000001f2fc000 	/System/Library/Frameworks/Accelerate.framework/Versions/A/Frameworks/vecLib.framework/Versions/A/libLAPACK.dylib
0x000000001f2fc000 	/System/Library/Frameworks/Accelerate.framework/Versions/A/Frameworks/vecLib.framework/Versions/A/libBLAS.dylib
0x000000001f2fc000 	/System/Library/Frameworks/Accelerate.framework/Versions/A/Frameworks/vecLib.framework/Versions/A/libLinearAlgebra.dylib
0x000000001f2fc000 	/System/Library/Frameworks/Accelerate.framework/Versions/A/Frameworks/vecLib.framework/Versions/A/libSparse.dylib
0x000000001f2fc000 	/System/Library/Frameworks/Accelerate.framework/Versions/A/Frameworks/vecLib.framework/Versions/A/libSparseBLAS.dylib
0x000000001f2fc000 	/System/Library/PrivateFrameworks/GPUWrangler.framework/Versions/A/GPUWrangler
0x000000001f2fc000 	/System/Library/PrivateFrameworks/IOAccelerator.framework/Versions/A/IOAccelerator
0x000000001f2fc000 	/System/Library/PrivateFrameworks/IOPresentment.framework/Versions/A/IOPresentment
0x000000001f2fc000 	/System/Library/PrivateFrameworks/DSExternalDisplay.framework/Versions/A/DSExternalDisplay
0x000000001f2fc000 	/System/Library/Frameworks/OpenGL.framework/Versions/A/Libraries/libCoreFSCache.dylib
0x000000001f2fc000 	/System/Library/Frameworks/CoreVideo.framework/Versions/A/CoreVideo
0x000000001f2fc000 	/System/Library/PrivateFrameworks/GraphVisualizer.framework/Versions/A/GraphVisualizer
0x000000001f2fc000 	/System/Library/Frameworks/MetalPerformanceShaders.framework/Versions/A/MetalPerformanceShaders
0x000000001f2fc000 	/usr/lib/libFosl_dynamic.dylib
0x000000001f2fc000 	/System/Library/PrivateFrameworks/FaceCore.framework/Versions/A/FaceCore
0x000000001f2fc000 	/System/Library/Frameworks/OpenCL.framework/Versions/A/OpenCL
0x000000001f2fc000 	/usr/lib/libcompression.dylib
0x000000001f2fc000 	/System/Library/Frameworks/ApplicationServices.framework/Versions/A/Frameworks/ATS.framework/Versions/A/Resources/libFontParser.dylib
0x000000001f2fc000 	/System/Library/Frameworks/ApplicationServices.framework/Versions/A/Frameworks/ATS.framework/Versions/A/Resources/libFontRegistry.dylib
0x000000001f2fc000 	/System/Library/Frameworks/ImageIO.framework/Versions/A/Resources/libJPEG.dylib
0x000000001f2fc000 	/System/Library/Frameworks/ImageIO.framework/Versions/A/Resources/libTIFF.dylib
0x000000001f2fc000 	/System/Library/Frameworks/ImageIO.framework/Versions/A/Resources/libPng.dylib
0x000000001f2fc000 	/System/Library/Frameworks/ImageIO.framework/Versions/A/Resources/libGIF.dylib
0x000000001f2fc000 	/System/Library/Frameworks/ImageIO.framework/Versions/A/Resources/libJP2.dylib
0x000000001f2fc000 	/System/Library/Frameworks/ImageIO.framework/Versions/A/Resources/libRadiance.dylib
0x000000001f2fc000 	/System/Library/PrivateFrameworks/AppleJPEG.framework/Versions/A/AppleJPEG
0x000000001f2fc000 	/System/Library/Frameworks/MetalPerformanceShaders.framework/Frameworks/MPSCore.framework/Versions/A/MPSCore
0x000000001f2fc000 	/System/Library/Frameworks/MetalPerformanceShaders.framework/Frameworks/MPSImage.framework/Versions/A/MPSImage
0x000000001f2fc000 	/System/Library/Frameworks/MetalPerformanceShaders.framework/Frameworks/MPSNeuralNetwork.framework/Versions/A/MPSNeuralNetwork
0x000000001f2fc000 	/System/Library/Frameworks/MetalPerformanceShaders.framework/Frameworks/MPSMatrix.framework/Versions/A/MPSMatrix
0x000000001f2fc000 	/System/Library/PrivateFrameworks/MetalTools.framework/Versions/A/MetalTools
0x000000001f2fc000 	/System/Library/Frameworks/OpenGL.framework/Versions/A/Libraries/libGLU.dylib
0x000000001f2fc000 	/System/Library/Frameworks/OpenGL.framework/Versions/A/Libraries/libGFXShared.dylib
0x000000001f2fc000 	/System/Library/Frameworks/OpenGL.framework/Versions/A/Libraries/libGL.dylib
0x000000001f2fc000 	/System/Library/Frameworks/OpenGL.framework/Versions/A/Libraries/libGLImage.dylib
0x000000001f2fc000 	/System/Library/Frameworks/OpenGL.framework/Versions/A/Libraries/libCVMSPluginSupport.dylib
0x000000001f2fc000 	/System/Library/Frameworks/OpenGL.framework/Versions/A/Libraries/libCoreVMClient.dylib
0x000000001f2fc000 	/usr/lib/libcups.2.dylib
0x000000001f2fc000 	/System/Library/Frameworks/Kerberos.framework/Versions/A/Kerberos
0x000000001f2fc000 	/System/Library/Frameworks/GSS.framework/Versions/A/GSS
0x000000001f2fc000 	/usr/lib/libresolv.9.dylib
0x000000001f2fc000 	/usr/lib/libiconv.2.dylib
0x000000001f2fc000 	/System/Library/PrivateFrameworks/Heimdal.framework/Versions/A/Heimdal
0x000000001f2fc000 	/usr/lib/libheimdal-asn1.dylib
0x000000001f2fc000 	/System/Library/Frameworks/OpenDirectory.framework/Versions/A/OpenDirectory
0x000000001f2fc000 	/System/Library/PrivateFrameworks/CommonAuth.framework/Versions/A/CommonAuth
0x000000001f2fc000 	/System/Library/Frameworks/OpenDirectory.framework/Versions/A/Frameworks/CFOpenDirectory.framework/Versions/A/CFOpenDirectory
0x000000001f2fc000 	/System/Library/Frameworks/SecurityFoundation.framework/Versions/A/SecurityFoundation
0x000000001f2fc000 	/System/Library/PrivateFrameworks/APFS.framework/Versions/A/APFS
0x000000001f2fc000 	/usr/lib/libutil.dylib
0x000000001f2fc000 	/System/Library/PrivateFrameworks/AppleSauce.framework/Versions/A/AppleSauce
0x000000001f2fc000 	/System/Library/PrivateFrameworks/LinguisticData.framework/Versions/A/LinguisticData
0x000000001f2fc000 	/usr/lib/libmarisa.dylib
0x000000001f2fc000 	/System/Library/PrivateFrameworks/Lexicon.framework/Versions/A/Lexicon
0x000000001f2fc000 	/usr/lib/libChineseTokenizer.dylib
0x000000001f2fc000 	/usr/lib/libcmph.dylib
0x000000001f2fc000 	/System/Library/PrivateFrameworks/LanguageModeling.framework/Versions/A/LanguageModeling
0x000000001f2fc000 	/System/Library/PrivateFrameworks/CoreEmoji.framework/Versions/A/CoreEmoji
0x000000001f2fc000 	/System/Library/Frameworks/ServiceManagement.framework/Versions/A/ServiceManagement
0x000000001f2fc000 	/System/Library/PrivateFrameworks/BackgroundTaskManagement.framework/Versions/A/BackgroundTaskManagement
0x000000001f2fc000 	/usr/lib/libxslt.1.dylib
0x000000001f2fc000 	/System/Library/Frameworks/Carbon.framework/Versions/A/Frameworks/Ink.framework/Versions/A/Ink
0x000000001f2fc000 	/System/Library/PrivateFrameworks/TextureIO.framework/Versions/A/TextureIO
0x000000001f2fc000 	/usr/lib/libate.dylib
0x000000001f2fc000 	/System/Library/PrivateFrameworks/CrashReporterSupport.framework/Versions/A/CrashReporterSupport
0x000000001f2fc000 	/System/Library/PrivateFrameworks/Sharing.framework/Versions/A/Sharing
0x000000001f2fc000 	/System/Library/PrivateFrameworks/IconServices.framework/Versions/A/IconServices
0x000000001f2fc000 	/System/Library/PrivateFrameworks/AuthKit.framework/Versions/A/AuthKit
0x000000001f2fc000 	/System/Library/PrivateFrameworks/Apple80211.framework/Versions/A/Apple80211
0x000000001f2fc000 	/System/Library/PrivateFrameworks/CoreUtils.framework/Versions/A/CoreUtils
0x000000001f2fc000 	/System/Library/Frameworks/CoreWLAN.framework/Versions/A/CoreWLAN
0x000000001f2fc000 	/System/Library/Frameworks/IOBluetooth.framework/Versions/A/IOBluetooth
0x000000001f2fc000 	/System/Library/PrivateFrameworks/ProtocolBuffer.framework/Versions/A/ProtocolBuffer
0x000000001f2fc000 	/System/Library/PrivateFrameworks/MobileKeyBag.framework/Versions/A/MobileKeyBag
0x000000001f2fc000 	/System/Library/PrivateFrameworks/CorePhoneNumbers.framework/Versions/A/CorePhoneNumbers
0x000000001f2fc000 	/System/Library/PrivateFrameworks/AppleIDAuthSupport.framework/Versions/A/AppleIDAuthSupport
0x000000001f2fc000 	/System/Library/PrivateFrameworks/KeychainCircle.framework/Versions/A/KeychainCircle
0x000000001f2fc000 	/System/Library/PrivateFrameworks/CoreWiFi.framework/Versions/A/CoreWiFi
0x000000001f2fc000 	/System/Library/Frameworks/CoreBluetooth.framework/Versions/A/CoreBluetooth
0x000000001f2fc000 	/System/Library/PrivateFrameworks/DebugSymbols.framework/Versions/A/DebugSymbols
0x000000001f2fc000 	/System/Library/PrivateFrameworks/CoreSymbolication.framework/Versions/A/CoreSymbolication
0x000000001f2fc000 	/System/Library/PrivateFrameworks/Symbolication.framework/Versions/A/Symbolication
0x000000001f2fc000 	/System/Library/PrivateFrameworks/AppleFSCompression.framework/Versions/A/AppleFSCompression
0x000000001f2fc000 	/System/Library/PrivateFrameworks/SpeechRecognitionCore.framework/Versions/A/SpeechRecognitionCore
0x0000000103408000 	/Library/Java/JavaVirtualMachines/jdk1.8.0_161.jdk/Contents/Home/jre/lib/server/libjvm.dylib
0x000000001f2fc000 	/usr/lib/libstdc++.6.0.9.dylib
0x00000001017dd000 	/Library/Java/JavaVirtualMachines/jdk1.8.0_161.jdk/Contents/Home/jre/lib/libverify.dylib
0x0000000102800000 	/Library/Java/JavaVirtualMachines/jdk1.8.0_161.jdk/Contents/Home/jre/lib/libjava.dylib
0x00000001017f5000 	/Library/Java/JavaVirtualMachines/jdk1.8.0_161.jdk/Contents/Home/jre/lib/libzip.dylib
0x0000000120cc3000 	/private/var/folders/k0/15vs_byd1cdd6nv9xqkw7trm0000gp/T/CppRDFox5432462635850619452.dylib

VM Arguments:
jvm_args: -Dfile.encoding=UTF-8 
java_command: launcher.Launcher
java_class_path (initial): /Library/Java/JavaVirtualMachines/jdk1.8.0_161.jdk/Contents/Home/jre/lib/resources.jar:/Library/Java/JavaVirtualMachines/jdk1.8.0_161.jdk/Contents/Home/jre/lib/rt.jar:/Library/Java/JavaVirtualMachines/jdk1.8.0_161.jdk/Contents/Home/jre/lib/jsse.jar:/Library/Java/JavaVirtualMachines/jdk1.8.0_161.jdk/Contents/Home/jre/lib/jce.jar:/Library/Java/JavaVirtualMachines/jdk1.8.0_161.jdk/Contents/Home/jre/lib/charsets.jar:/Library/Java/JavaVirtualMachines/jdk1.8.0_161.jdk/Contents/Home/jre/lib/jfr.jar:/Library/Java/JavaVirtualMachines/jdk1.8.0_161.jdk/Contents/Home/jre/lib/ext/sunec.jar:/Library/Java/JavaVirtualMachines/jdk1.8.0_161.jdk/Contents/Home/jre/lib/ext/nashorn.jar:/Library/Java/JavaVirtualMachines/jdk1.8.0_161.jdk/Contents/Home/jre/lib/ext/cldrdata.jar:/Library/Java/JavaVirtualMachines/jdk1.8.0_161.jdk/Contents/Home/jre/lib/ext/jfxrt.jar:/Library/Java/JavaVirtualMachines/jdk1.8.0_161.jdk/Contents/Home/jre/lib/ext/dnsns.jar:/Library/Java/JavaVirtualMachines/jdk1.8.0_161.jdk/Contents/Home/jre/lib/ext/localedata.jar:/Library/Java/JavaVirtualMachines/jdk1.8.0_161.jdk/Contents/Home/jre/lib/ext/sunjce_provider.jar:/Library/Java/JavaVirtualMachines/jdk1.8.0_161.jdk/Contents/Home/jre/lib/ext/sunpkcs11.jar:/Library/Java/JavaVirtualMachines/jdk1.8.0_161.jdk/Contents/Home/jre/lib/ext/jaccess.jar:/Library/Java/JavaVirtualMachines/jdk1.8.0_161.jdk/Contents/Home/jre/lib/ext/zipfs.jar:/System/Library/Java/Extensions/MRJToolkit.jar:/Users/carralma/Desktop/velox-evalution/code/Velox/Velox/target/classes:/Users/carralma/Desktop/velox-evalution/code/Velox/Velox/Libraries/JRDFox.jar:/Users/carralma/.m2/repository/net/sourceforge/owlapi/owlapi-distribution/5.1.7/owlapi-distribution-5.1.7.jar:/Users/carralma/.m2/repository/net/sourceforge/owlapi/owlapi-compatibility/5.1.7/owlapi-compatibility-5.1.7.jar:/Users/carralma/.m2/repository/net/sourceforge/owlapi/owlapi-apibinding/5.1.7/owlapi-apibinding-5.1.7.jar:/Users/carralma/.m2/repository/net/sourceforge/owlapi
Launcher Type: SUN_STANDARD

Environment Variables:
PATH=/usr/bin:/bin:/usr/sbin:/sbin
SHELL=/bin/bash
DISPLAY=/private/tmp/com.apple.launchd.XiXb8OmcGF/org.macosforge.xquartz:0

Signal Handlers:
SIGSEGV: [libjvm.dylib+0x5b5439], sa_mask[0]=11111111011111110111111111111111, sa_flags=SA_ONSTACK|SA_RESTART|SA_SIGINFO
SIGBUS: [libjvm.dylib+0x5b5439], sa_mask[0]=11111111011111110111111111111111, sa_flags=SA_RESTART|SA_SIGINFO
SIGFPE: [libjvm.dylib+0x48ae24], sa_mask[0]=11111111011111110111111111111111, sa_flags=SA_RESTART|SA_SIGINFO
SIGPIPE: [libjvm.dylib+0x48ae24], sa_mask[0]=11111111011111110111111111111111, sa_flags=SA_RESTART|SA_SIGINFO
SIGXFSZ: [libjvm.dylib+0x48ae24], sa_mask[0]=11111111011111110111111111111111, sa_flags=SA_RESTART|SA_SIGINFO
SIGILL: [libjvm.dylib+0x48ae24], sa_mask[0]=11111111011111110111111111111111, sa_flags=SA_RESTART|SA_SIGINFO
SIGUSR1: SIG_DFL, sa_mask[0]=00000000000000000000000000000000, sa_flags=none
SIGUSR2: [libjvm.dylib+0x48a942], sa_mask[0]=00100000000000000000000000000000, sa_flags=SA_RESTART|SA_SIGINFO
SIGHUP: [libjvm.dylib+0x488f0d], sa_mask[0]=11111111011111110111111111111111, sa_flags=SA_RESTART|SA_SIGINFO
SIGINT: [libjvm.dylib+0x488f0d], sa_mask[0]=11111111011111110111111111111111, sa_flags=SA_RESTART|SA_SIGINFO
SIGTERM: [libjvm.dylib+0x488f0d], sa_mask[0]=11111111011111110111111111111111, sa_flags=SA_RESTART|SA_SIGINFO
SIGQUIT: [libjvm.dylib+0x488f0d], sa_mask[0]=11111111011111110111111111111111, sa_flags=SA_RESTART|SA_SIGINFO


---------------  S Y S T E M  ---------------

OS:Bsduname:Darwin 17.7.0 Darwin Kernel Version 17.7.0: Thu Jun 21 22:53:14 PDT 2018; root:xnu-4570.71.2~1/RELEASE_X86_64 x86_64
rlimit: STACK 8192k, CORE 0k, NPROC 1418, NOFILE 10240, AS infinity
load average:2.27 2.07 1.92

CPU:total 8 (initial active 8) (4 cores per cpu, 2 threads per core) family 6 model 70 stepping 1, cmov, cx8, fxsr, mmx, sse, sse2, sse3, ssse3, sse4.1, sse4.2, popcnt, avx, avx2, aes, clmul, erms, lzcnt, ht, tsc, tscinvbit, bmi1, bmi2

Memory: 4k page, physical 16777216k(1672924k free)

/proc/meminfo:


vm_info: Java HotSpot(TM) 64-Bit Server VM (25.161-b12) for bsd-amd64 JRE (1.8.0_161-b12), built on Dec 19 2017 16:22:20 by "java_re" with gcc 4.2.1 (Based on Apple Inc. build 5658) (LLVM build 2336.11.00)

time: Wed Sep 19 15:21:18 2018
elapsed time: 1 seconds (0d 0h 0m 1s)

