#
# A fatal error has been detected by the Java Runtime Environment:
#
#  SIGSEGV (0xb) at pc=0x000000012178f8c3, pid=56767, tid=0x0000000000005d03
#
# JRE version: Java(TM) SE Runtime Environment (8.0_161-b12) (build 1.8.0_161-b12)
# Java VM: Java HotSpot(TM) 64-Bit Server VM (25.161-b12 mixed mode bsd-amd64 compressed oops)
# Problematic frame:
# C  [CppRDFox1470606733347936190.dylib+0x59e8c3]  LogicObjectWalker::visit(SmartPointer<_Atom const> const&)+0x23
#
# Failed to write core dump. Core dumps have been disabled. To enable core dumping, try "ulimit -c unlimited" before starting Java again
#
# If you would like to submit a bug report, please visit:
#   http://bugreport.java.com/bugreport/crash.jsp
# The crash happened outside the Java Virtual Machine in native code.
# See problematic frame for where to report the bug.
#

---------------  T H R E A D  ---------------

Current thread (0x00007fbc1a053800):  JavaThread "ForkJoinPool.commonPool-worker-7" daemon [_thread_in_native, id=23811, stack(0x00007000034f7000,0x00007000035f7000)]

siginfo: si_signo: 11 (SIGSEGV), si_code: 0 (unknown), si_addr: 0x0000000000000000

Registers:
RAX=0x0000000121b80006, RBX=0x0000000000000000, RCX=0x000000012178f8a0, RDX=0x0000000000000003
RSP=0x00007000035f5a80, RBP=0x00007000035f5aa0, RSI=0x00007000035f5b28, RDI=0x00007fbc18a920d0
R8 =0x000000000000000a, R9 =0x000000000000000a, R10=0x00000000c0000000, R11=0x00007fbc18800000
R12=0x0000000000000001, R13=0x0000000000000000, R14=0x00007000035f5b28, R15=0x00007000035f5ab0
RIP=0x000000012178f8c3, EFLAGS=0x0000000000010202, ERR=0x0000000000000000
  TRAPNO=0x000000000000000d

Top of Stack: (sp=0x00007000035f5a80)
0x00007000035f5a80:   0000000000000000 0000000000000001
0x00007000035f5a90:   00007000035f5b28 00007000035f5b00
0x00007000035f5aa0:   00007000035f5ac0 00000001212a1f65
0x00007000035f5ab0:   00007fbc1887f860 0000000000000000
0x00007000035f5ac0:   00007000035f5af0 000000012178fc98
0x00007000035f5ad0:   00007fbc1aac8e50 0000000000000000
0x00007000035f5ae0:   00007000035f5c58 00007fbc1aac8e30
0x00007000035f5af0:   00007000035f5b10 00000001212c0aa8
0x00007000035f5b00:   00007fbc1887f820 00007fbc1aac8e50
0x00007000035f5b10:   00007000035f5b40 0000000121315760
0x00007000035f5b20:   0000000000000000 0000000121ba3830
0x00007000035f5b30:   00007fbc1aac8e50 00007fbc1aac8e78
0x00007000035f5b40:   00007000035f5c40 0000000121366497
0x00007000035f5b50:   0000000101c79080 00007fbc18800000
0x00007000035f5b60:   00007000035f5bc0 00007fff6ee99256
0x00007000035f5b70:   00007fbc1887f8c0 00007fbc18800000
0x00007000035f5b80:   0000000000000000 0000000000000001
0x00007000035f5b90:   00007fbc18879f90 00007fbc18877fd0
0x00007000035f5ba0:   00007000035f5c08 00007fbc18879308
0x00007000035f5bb0:   00007000035f5c60 00007fbc1aac8e90
0x00007000035f5bc0:   00007000035f5c40 00000001212c05b4
0x00007000035f5bd0:   00007000035f5c60 0000000000000000
0x00007000035f5be0:   0000000100000000 00000005bc40e000
0x00007000035f5bf0:   00007fbc18877fd0 00007fbc18877fd0
0x00007000035f5c00:   00007fbc18877fd8 00007fbc1887f860
0x00007000035f5c10:   00007fbc1887f820 0000000000000000
0x00007000035f5c20:   00007fbc1aac8001 00007fbc1887f820
0x00007000035f5c30:   00007fbc1aac8e30 0000000000000000
0x00007000035f5c40:   00007000035f5c90 000000012136a943
0x00007000035f5c50:   0000000101c7ba00 00007fbc1887f820
0x00007000035f5c60:   00007fbc1887f820 00007fbc18872fe0
0x00007000035f5c70:   00007fbc1aac8000 0000000000000000 

Instructions: (pc=0x000000012178f8c3)
0x000000012178f8a3:   e5 41 57 41 56 41 54 53 49 89 f7 49 89 fe 49 8b
0x000000012178f8b3:   3f 48 8b 07 ff 50 58 48 8b 38 48 8b 07 4c 89 f6
0x000000012178f8c3:   ff 50 18 49 8b 3f 48 8b 07 ff 50 48 49 89 c4 31
0x000000012178f8d3:   db 4d 85 e4 74 27 0f 1f 80 00 00 00 00 49 8b 3f 

Register to memory mapping:

RAX=0x0000000121b80006: _ZTSN11xercesc_3_112PosixFileMgrE+0x2b646 in /private/var/folders/k0/15vs_byd1cdd6nv9xqkw7trm0000gp/T/CppRDFox1470606733347936190.dylib at 0x00000001211f1000
RBX=0x0000000000000000 is an unknown value
RCX=0x000000012178f8a0: _ZN17LogicObjectWalker5visitERK12SmartPointerIK5_AtomE+0 in /private/var/folders/k0/15vs_byd1cdd6nv9xqkw7trm0000gp/T/CppRDFox1470606733347936190.dylib at 0x00000001211f1000
RDX=0x0000000000000003 is an unknown value
RSP=0x00007000035f5a80 is pointing into the stack for thread: 0x00007fbc1a053800
RBP=0x00007000035f5aa0 is pointing into the stack for thread: 0x00007fbc1a053800
RSI=0x00007000035f5b28 is pointing into the stack for thread: 0x00007fbc1a053800
RDI=0x00007fbc18a920d0 is an unknown value
R8 =0x000000000000000a is an unknown value
R9 =0x000000000000000a is an unknown value
R10=0x00000000c0000000 is an unknown value
R11=0x00007fbc18800000 is an unknown value
R12=0x0000000000000001 is an unknown value
R13=0x0000000000000000 is an unknown value
R14=0x00007000035f5b28 is pointing into the stack for thread: 0x00007fbc1a053800
R15=0x00007000035f5ab0 is pointing into the stack for thread: 0x00007fbc1a053800


Stack: [0x00007000034f7000,0x00007000035f7000],  sp=0x00007000035f5a80,  free space=1018k
Native frames: (J=compiled Java code, j=interpreted, Vv=VM code, C=native code)
C  [CppRDFox1470606733347936190.dylib+0x59e8c3]  LogicObjectWalker::visit(SmartPointer<_Atom const> const&)+0x23
C  [CppRDFox1470606733347936190.dylib+0xb0f65]  _Atom::accept(LogicObjectVisitor&) const+0x25
C  [CppRDFox1470606733347936190.dylib+0x59ec98]  LogicObjectWalker::visit(SmartPointer<_Rule const> const&)+0x58
C  [CppRDFox1470606733347936190.dylib+0xcfaa8]  _Rule::accept(LogicObjectVisitor&) const+0x28
C  [CppRDFox1470606733347936190.dylib+0x124760]  TermArray::visitFormula(SmartPointer<_Formula const> const&)+0x30
C  [CppRDFox1470606733347936190.dylib+0x175497]  RuleIndex::addRuleInfo(SmartPointer<_Rule const> const&, bool, bool, bool, bool)+0x97
C  [CppRDFox1470606733347936190.dylib+0x179943]  RuleIndex::addRule(unsigned long, unsigned long long const*, SmartPointer<_Rule const> const&, bool)+0xd3
C  [CppRDFox1470606733347936190.dylib+0x149a89]  DatalogEngine::addRules(std::__1::vector<SmartPointer<_Rule const>, std::__1::allocator<SmartPointer<_Rule const> > > const&)+0x59
C  [CppRDFox1470606733347936190.dylib+0xaa34b]  Java_uk_ac_ox_cs_JRDFox_store_DataStore_nAddRules+0xe0b
j  uk.ac.ox.cs.JRDFox.store.DataStore.nAddRules(J[Ljava/lang/String;IZ[Ljava/lang/String;)V+0
j  uk.ac.ox.cs.JRDFox.store.DataStore.importRules(Ljava/lang/String;Luk/ac/ox/cs/JRDFox/store/DataStore$UpdateType;ZLuk/ac/ox/cs/JRDFox/Prefixes;)V+30
j  uk.ac.ox.cs.JRDFox.store.DataStore.importRules(Ljava/lang/String;Luk/ac/ox/cs/JRDFox/store/DataStore$UpdateType;Luk/ac/ox/cs/JRDFox/Prefixes;)V+5
j  uk.ac.ox.cs.JRDFox.store.DataStore.importRules(Ljava/lang/String;Luk/ac/ox/cs/JRDFox/store/DataStore$UpdateType;)V+10
j  uk.ac.ox.cs.JRDFox.store.DataStore.importRules(Ljava/lang/String;)V+5
j  velox.StoreInitializer.transformAxiomToRule(Luk/ac/ox/cs/JRDFox/store/DataStore;Lorg/semanticweb/owlapi/model/OWLAxiom;)Ljava/lang/Object;+1298
j  velox.StoreInitializer.lambda$0(Luk/ac/ox/cs/JRDFox/store/DataStore;Lorg/semanticweb/owlapi/model/OWLAxiom;)V+3
j  velox.StoreInitializer$$Lambda$208.accept(Ljava/lang/Object;)V+12
j  java.util.stream.ForEachOps$ForEachOp$OfRef.accept(Ljava/lang/Object;)V+5
j  java.util.ArrayList$ArrayListSpliterator.forEachRemaining(Ljava/util/function/Consumer;)V+99
j  java.util.stream.AbstractPipeline.copyInto(Ljava/util/stream/Sink;Ljava/util/Spliterator;)V+32
j  java.util.stream.ForEachOps$ForEachTask.compute()V+103
j  java.util.concurrent.CountedCompleter.exec()Z+1
j  java.util.concurrent.ForkJoinTask.doExec()I+10
j  java.util.concurrent.ForkJoinPool$WorkQueue.execLocalTasks()V+95
j  java.util.concurrent.ForkJoinPool$WorkQueue.runTask(Ljava/util/concurrent/ForkJoinTask;)V+37
j  java.util.concurrent.ForkJoinPool.runWorker(Ljava/util/concurrent/ForkJoinPool$WorkQueue;)V+35
j  java.util.concurrent.ForkJoinWorkerThread.run()V+24
v  ~StubRoutines::call_stub
V  [libjvm.dylib+0x2ef9aa]  JavaCalls::call_helper(JavaValue*, methodHandle*, JavaCallArguments*, Thread*)+0x6ae
V  [libjvm.dylib+0x2f014e]  JavaCalls::call_virtual(JavaValue*, KlassHandle, Symbol*, Symbol*, JavaCallArguments*, Thread*)+0x164
V  [libjvm.dylib+0x2f02fa]  JavaCalls::call_virtual(JavaValue*, Handle, KlassHandle, Symbol*, Symbol*, Thread*)+0x4a
V  [libjvm.dylib+0x34aae5]  thread_entry(JavaThread*, Thread*)+0x7c
V  [libjvm.dylib+0x56edef]  JavaThread::thread_main_inner()+0x9b
V  [libjvm.dylib+0x5704ea]  JavaThread::run()+0x1c2
V  [libjvm.dylib+0x48d83a]  java_start(Thread*)+0xf6
C  [libsystem_pthread.dylib+0x3661]  _pthread_body+0x154
C  [libsystem_pthread.dylib+0x350d]  _pthread_body+0x0
C  [libsystem_pthread.dylib+0x2bf9]  thread_start+0xd
C  0x0000000000000000

Java frames: (J=compiled Java code, j=interpreted, Vv=VM code)
j  uk.ac.ox.cs.JRDFox.store.DataStore.nAddRules(J[Ljava/lang/String;IZ[Ljava/lang/String;)V+0
j  uk.ac.ox.cs.JRDFox.store.DataStore.importRules(Ljava/lang/String;Luk/ac/ox/cs/JRDFox/store/DataStore$UpdateType;ZLuk/ac/ox/cs/JRDFox/Prefixes;)V+30
j  uk.ac.ox.cs.JRDFox.store.DataStore.importRules(Ljava/lang/String;Luk/ac/ox/cs/JRDFox/store/DataStore$UpdateType;Luk/ac/ox/cs/JRDFox/Prefixes;)V+5
j  uk.ac.ox.cs.JRDFox.store.DataStore.importRules(Ljava/lang/String;Luk/ac/ox/cs/JRDFox/store/DataStore$UpdateType;)V+10
j  uk.ac.ox.cs.JRDFox.store.DataStore.importRules(Ljava/lang/String;)V+5
j  velox.StoreInitializer.transformAxiomToRule(Luk/ac/ox/cs/JRDFox/store/DataStore;Lorg/semanticweb/owlapi/model/OWLAxiom;)Ljava/lang/Object;+1298
j  velox.StoreInitializer.lambda$0(Luk/ac/ox/cs/JRDFox/store/DataStore;Lorg/semanticweb/owlapi/model/OWLAxiom;)V+3
j  velox.StoreInitializer$$Lambda$208.accept(Ljava/lang/Object;)V+12
j  java.util.stream.ForEachOps$ForEachOp$OfRef.accept(Ljava/lang/Object;)V+5
j  java.util.ArrayList$ArrayListSpliterator.forEachRemaining(Ljava/util/function/Consumer;)V+99
j  java.util.stream.AbstractPipeline.copyInto(Ljava/util/stream/Sink;Ljava/util/Spliterator;)V+32
j  java.util.stream.ForEachOps$ForEachTask.compute()V+103
j  java.util.concurrent.CountedCompleter.exec()Z+1
j  java.util.concurrent.ForkJoinTask.doExec()I+10
j  java.util.concurrent.ForkJoinPool$WorkQueue.execLocalTasks()V+95
j  java.util.concurrent.ForkJoinPool$WorkQueue.runTask(Ljava/util/concurrent/ForkJoinTask;)V+37
j  java.util.concurrent.ForkJoinPool.runWorker(Ljava/util/concurrent/ForkJoinPool$WorkQueue;)V+35
j  java.util.concurrent.ForkJoinWorkerThread.run()V+24
v  ~StubRoutines::call_stub

---------------  P R O C E S S  ---------------

Java Threads: ( => current thread )
=>0x00007fbc1a053800 JavaThread "ForkJoinPool.commonPool-worker-7" daemon [_thread_in_native, id=23811, stack(0x00007000034f7000,0x00007000035f7000)]
  0x00007fbc195e8800 JavaThread "ForkJoinPool.commonPool-worker-5" daemon [_thread_in_native, id=41731, stack(0x00007000033f4000,0x00007000034f4000)]
  0x00007fbc16996000 JavaThread "ForkJoinPool.commonPool-worker-6" daemon [_thread_blocked, id=23299, stack(0x00007000032f1000,0x00007000033f1000)]
  0x00007fbc1700a800 JavaThread "ForkJoinPool.commonPool-worker-4" daemon [_thread_blocked, id=42243, stack(0x0000700003065000,0x0000700003165000)]
  0x00007fbc1aabe000 JavaThread "ForkJoinPool.commonPool-worker-3" daemon [_thread_blocked, id=42499, stack(0x0000700002f62000,0x0000700003062000)]
  0x00007fbc1aac5800 JavaThread "ForkJoinPool.commonPool-worker-2" daemon [_thread_in_native, id=43011, stack(0x0000700002e5f000,0x0000700002f5f000)]
  0x00007fbc19c6b800 JavaThread "ForkJoinPool.commonPool-worker-1" daemon [_thread_blocked, id=22019, stack(0x0000700002d5c000,0x0000700002e5c000)]
  0x00007fbc19004800 JavaThread "Service Thread" daemon [_thread_blocked, id=16131, stack(0x0000700002b56000,0x0000700002c56000)]
  0x00007fbc16866800 JavaThread "C1 CompilerThread3" daemon [_thread_blocked, id=16643, stack(0x0000700002a53000,0x0000700002b53000)]
  0x00007fbc19007000 JavaThread "C2 CompilerThread2" daemon [_thread_blocked, id=16899, stack(0x0000700002950000,0x0000700002a50000)]
  0x00007fbc1685e000 JavaThread "C2 CompilerThread1" daemon [_thread_blocked, id=17155, stack(0x000070000284d000,0x000070000294d000)]
  0x00007fbc19806800 JavaThread "C2 CompilerThread0" daemon [_thread_blocked, id=17667, stack(0x000070000274a000,0x000070000284a000)]
  0x00007fbc19806000 JavaThread "Signal Dispatcher" daemon [_thread_blocked, id=14599, stack(0x0000700002647000,0x0000700002747000)]
  0x00007fbc19002800 JavaThread "Finalizer" daemon [_thread_blocked, id=12035, stack(0x00007000024c1000,0x00007000025c1000)]
  0x00007fbc1683c000 JavaThread "Reference Handler" daemon [_thread_blocked, id=11523, stack(0x00007000023be000,0x00007000024be000)]
  0x00007fbc16801800 JavaThread "main" [_thread_blocked, id=9731, stack(0x00007000019a0000,0x0000700001aa0000)]

Other Threads:
  0x00007fbc16837800 VMThread [stack: 0x00007000022bb000,0x00007000023bb000] [id=19203]
  0x00007fbc19005800 WatcherThread [stack: 0x0000700002c59000,0x0000700002d59000] [id=15875]

VM state:not at safepoint (normal execution)

VM Mutex/Monitor currently owned by a thread: None

Heap:
 PSYoungGen      total 76288K, used 56593K [0x000000076ab00000, 0x0000000770000000, 0x00000007c0000000)
  eden space 65536K, 86% used [0x000000076ab00000,0x000000076e244400,0x000000076eb00000)
  from space 10752K, 0% used [0x000000076f580000,0x000000076f580000,0x0000000770000000)
  to   space 10752K, 0% used [0x000000076eb00000,0x000000076eb00000,0x000000076f580000)
 ParOldGen       total 175104K, used 0K [0x00000006c0000000, 0x00000006cab00000, 0x000000076ab00000)
  object space 175104K, 0% used [0x00000006c0000000,0x00000006c0000000,0x00000006cab00000)
 Metaspace       used 13148K, capacity 13632K, committed 13824K, reserved 1060864K
  class space    used 1819K, capacity 1992K, committed 2048K, reserved 1048576K

Card table byte_map: [0x0000000113881000,0x0000000114082000] byte_map_base: 0x0000000110281000

Marking Bits: (ParMarkBitMap*) 0x00000001041ca6c0
 Begin Bits: [0x0000000114082000, 0x0000000118082000)
 End Bits:   [0x0000000118082000, 0x000000011c082000)

Polling page: 0x0000000101ce1000

CodeCache: size=245760Kb used=3946Kb max_used=3950Kb free=241813Kb
 bounds [0x0000000104881000, 0x0000000104c61000, 0x0000000113881000]
 total_blobs=1456 nmethods=1117 adapters=252
 compilation: enabled

Compilation events (10 events):
Event: 1.108 Thread 0x00007fbc19007000 nmethod 1097 0x0000000104c39910 code [0x0000000104c39a60, 0x0000000104c39ab8]
Event: 1.109 Thread 0x00007fbc1685e000 nmethod 1093 0x0000000104c4c550 code [0x0000000104c4c6a0, 0x0000000104c4c878]
Event: 1.110 Thread 0x00007fbc16866800 nmethod 1095 0x0000000104c4f750 code [0x0000000104c4fbe0, 0x0000000104c52358]
Event: 1.110 Thread 0x00007fbc16866800 1108       1       java.lang.String::toString (2 bytes)
Event: 1.110 Thread 0x00007fbc16866800 nmethod 1108 0x0000000104c36790 code [0x0000000104c368e0, 0x0000000104c369f0]
Event: 1.110 Thread 0x00007fbc16866800 1087       3       java.util.TreeMap::setColor (10 bytes)
Event: 1.110 Thread 0x00007fbc16866800 nmethod 1087 0x0000000104c4c1d0 code [0x0000000104c4c340, 0x0000000104c4c4b0]
Event: 1.110 Thread 0x00007fbc16866800 1089       3       java.util.TreeMap::leftOf (13 bytes)
Event: 1.110 Thread 0x00007fbc16866800 nmethod 1089 0x0000000104c4be10 code [0x0000000104c4bf80, 0x0000000104c4c130]
Event: 1.110 Thread 0x00007fbc16866800 1091       3       java.util.TreeMap$Entry::<init> (25 bytes)

GC Heap History (0 events):
No events

Deoptimization events (9 events):
Event: 0.099 Thread 0x00007fbc16801800 Uncommon trap: reason=unstable_if action=reinterpret pc=0x000000010499a6e8 method=java.lang.String.hashCode()I @ 14
Event: 0.222 Thread 0x00007fbc16801800 Uncommon trap: reason=unstable_if action=reinterpret pc=0x0000000104a12a40 method=java.lang.String.indexOf([CII[CIII)I @ 134
Event: 0.411 Thread 0x00007fbc16801800 Uncommon trap: reason=unstable_if action=reinterpret pc=0x0000000104a92530 method=java.lang.String.indexOf([CII[CIII)I @ 3
Event: 0.464 Thread 0x00007fbc16801800 Uncommon trap: reason=unstable_if action=reinterpret pc=0x0000000104a3f940 method=java.lang.String.replace(CC)Ljava/lang/String; @ 26
Event: 0.559 Thread 0x00007fbc16801800 Uncommon trap: reason=range_check action=make_not_entrant pc=0x0000000104b4c788 method=sun.reflect.generics.parser.SignatureParser.current()C @ 34
Event: 0.750 Thread 0x00007fbc16801800 Uncommon trap: reason=unstable_if action=reinterpret pc=0x0000000104aa6dd8 method=sun.misc.MetaIndex.mayContain(Ljava/lang/String;)Z @ 38
Event: 0.831 Thread 0x00007fbc16801800 Uncommon trap: reason=unstable_if action=reinterpret pc=0x0000000104bf2144 method=java.io.BufferedReader.read()I @ 19
Event: 0.841 Thread 0x00007fbc16801800 Uncommon trap: reason=unstable_if action=reinterpret pc=0x0000000104bf7244 method=java.io.BufferedReader.read()I @ 19
Event: 0.851 Thread 0x00007fbc16801800 Uncommon trap: reason=unstable_if action=reinterpret pc=0x0000000104bff678 method=org.semanticweb.owlapi.functional.parser.CustomTokenizer.readChar()C @ 75

Classes redefined (0 events):
No events

Internal exceptions (10 events):
Event: 0.718 Thread 0x00007fbc16801800 Exception <a 'java/lang/IncompatibleClassChangeError': Found class java.lang.Object, but interface was expected> (0x000000076d24c538) thrown at [/Users/java_re/workspace/8-2-build-macosx-x86_64/jdk8u161/10277/hotspot/src/share/vm/interpreter/linkResolver.
Event: 0.719 Thread 0x00007fbc16801800 Exception <a 'java/lang/IncompatibleClassChangeError': Found class java.lang.Object, but interface was expected> (0x000000076d253b30) thrown at [/Users/java_re/workspace/8-2-build-macosx-x86_64/jdk8u161/10277/hotspot/src/share/vm/interpreter/linkResolver.
Event: 0.720 Thread 0x00007fbc16801800 Exception <a 'java/lang/IncompatibleClassChangeError': Found class java.lang.Object, but interface was expected> (0x000000076d25af48) thrown at [/Users/java_re/workspace/8-2-build-macosx-x86_64/jdk8u161/10277/hotspot/src/share/vm/interpreter/linkResolver.
Event: 0.720 Thread 0x00007fbc16801800 Exception <a 'java/lang/IncompatibleClassChangeError': Found class java.lang.Object, but interface was expected> (0x000000076d2623e0) thrown at [/Users/java_re/workspace/8-2-build-macosx-x86_64/jdk8u161/10277/hotspot/src/share/vm/interpreter/linkResolver.
Event: 0.851 Thread 0x00007fbc16801800 Exception <a 'java/lang/IncompatibleClassChangeError': Found class java.lang.Object, but interface was expected> (0x000000076dc4e398) thrown at [/Users/java_re/workspace/8-2-build-macosx-x86_64/jdk8u161/10277/hotspot/src/share/vm/interpreter/linkResolver.
Event: 0.853 Thread 0x00007fbc16801800 Exception <a 'java/lang/NoSuchMethodError': java.lang.Object.lambda$identity$2(Ljava/lang/Object;)Ljava/lang/Object;> (0x000000076dc5cb40) thrown at [/Users/java_re/workspace/8-2-build-macosx-x86_64/jdk8u161/10277/hotspot/src/share/vm/interpreter/linkReso
Event: 0.854 Thread 0x00007fbc16801800 Exception <a 'java/lang/NoSuchMethodError': java.lang.Object.lambda$determineIllegalPunnings$0(Ljava/util/Collection;Lorg/semanticweb/owlapi/model/OWLEntity;)Z> (0x000000076dc717e0) thrown at [/Users/java_re/workspace/8-2-build-macosx-x86_64/jdk8u161/1027
Event: 0.854 Thread 0x00007fbc16801800 Exception <a 'java/lang/NoSuchMethodError': java.lang.Object.lambda$determineIllegalPunnings$1(Lcom/google/common/collect/Multimap;Lorg/semanticweb/owlapi/model/OWLEntity;)V> (0x000000076dc75750) thrown at [/Users/java_re/workspace/8-2-build-macosx-x86_64
Event: 0.858 Thread 0x00007fbc16801800 Exception <a 'java/lang/NoSuchMethodError': java.lang.Object.lambda$axioms$0(Lorg/semanticweb/owlapi/model/AxiomType;Lorg/semanticweb/owlapi/model/OWLOntology;)Ljava/util/stream/Stream;> (0x000000076dcc3640) thrown at [/Users/java_re/workspace/8-2-build-m
Event: 1.105 Thread 0x00007fbc195e8800 Exception <a 'java/lang/IncompatibleClassChangeError': Found class java.lang.Object, but interface was expected> (0x000000076dfae110) thrown at [/Users/java_re/workspace/8-2-build-macosx-x86_64/jdk8u161/10277/hotspot/src/share/vm/interpreter/linkResolver.

Events (10 events):
Event: 1.107 loading class java/util/TreeMap$EntrySet
Event: 1.107 loading class java/util/TreeMap$EntrySet done
Event: 1.107 loading class java/util/TreeMap$EntryIterator
Event: 1.107 loading class java/util/TreeMap$EntryIterator done
Event: 1.109 loading class uk/ac/ox/cs/JRDFox/store/Utilities
Event: 1.109 loading class uk/ac/ox/cs/JRDFox/store/Utilities done
Event: 1.109 loading class java/util/Collections$UnmodifiableMap$UnmodifiableEntrySet
Event: 1.109 loading class java/util/Collections$UnmodifiableMap$UnmodifiableEntrySet done
Event: 1.109 loading class java/util/Collections$UnmodifiableMap$UnmodifiableEntrySet$1
Event: 1.109 loading class java/util/Collections$UnmodifiableMap$UnmodifiableEntrySet$1 done


Dynamic libraries:
0x000000001f2fc000 	/System/Library/Frameworks/Cocoa.framework/Versions/A/Cocoa
0x000000001f2fc000 	/System/Library/Frameworks/Security.framework/Versions/A/Security
0x000000001f2fc000 	/System/Library/Frameworks/ApplicationServices.framework/Versions/A/ApplicationServices
0x000000001f2fc000 	/usr/lib/libz.1.dylib
0x000000001f2fc000 	/usr/lib/libSystem.B.dylib
0x000000001f2fc000 	/usr/lib/libobjc.A.dylib
0x000000001f2fc000 	/System/Library/Frameworks/CoreFoundation.framework/Versions/A/CoreFoundation
0x000000001f2fc000 	/System/Library/Frameworks/Foundation.framework/Versions/C/Foundation
0x000000001f2fc000 	/System/Library/Frameworks/AppKit.framework/Versions/C/AppKit
0x000000001f2fc000 	/System/Library/Frameworks/CoreData.framework/Versions/A/CoreData
0x000000001f2fc000 	/System/Library/PrivateFrameworks/RemoteViewServices.framework/Versions/A/RemoteViewServices
0x000000001f2fc000 	/System/Library/PrivateFrameworks/UIFoundation.framework/Versions/A/UIFoundation
0x000000001f2fc000 	/System/Library/PrivateFrameworks/DFRFoundation.framework/Versions/A/DFRFoundation
0x000000001f2fc000 	/System/Library/Frameworks/Metal.framework/Versions/A/Metal
0x000000001f2fc000 	/System/Library/PrivateFrameworks/DesktopServicesPriv.framework/Versions/A/DesktopServicesPriv
0x000000001f2fc000 	/usr/lib/libenergytrace.dylib
0x000000001f2fc000 	/System/Library/PrivateFrameworks/SkyLight.framework/Versions/A/SkyLight
0x000000001f2fc000 	/System/Library/Frameworks/CoreGraphics.framework/Versions/A/CoreGraphics
0x000000001f2fc000 	/usr/lib/libScreenReader.dylib
0x000000001f2fc000 	/System/Library/Frameworks/Accelerate.framework/Versions/A/Accelerate
0x000000001f2fc000 	/System/Library/Frameworks/IOSurface.framework/Versions/A/IOSurface
0x000000001f2fc000 	/System/Library/Frameworks/AudioToolbox.framework/Versions/A/AudioToolbox
0x000000001f2fc000 	/System/Library/Frameworks/AudioUnit.framework/Versions/A/AudioUnit
0x000000001f2fc000 	/System/Library/PrivateFrameworks/DataDetectorsCore.framework/Versions/A/DataDetectorsCore
0x000000001f2fc000 	/System/Library/Frameworks/Carbon.framework/Versions/A/Frameworks/HIToolbox.framework/Versions/A/HIToolbox
0x000000001f2fc000 	/usr/lib/libicucore.A.dylib
0x000000001f2fc000 	/System/Library/Frameworks/QuartzCore.framework/Versions/A/QuartzCore
0x000000001f2fc000 	/System/Library/PrivateFrameworks/SignpostNotification.framework/Versions/A/SignpostNotification
0x000000001f2fc000 	/System/Library/Frameworks/Carbon.framework/Versions/A/Frameworks/SpeechRecognition.framework/Versions/A/SpeechRecognition
0x000000001f2fc000 	/usr/lib/libauto.dylib
0x000000001f2fc000 	/usr/lib/libxml2.2.dylib
0x000000001f2fc000 	/System/Library/PrivateFrameworks/CoreUI.framework/Versions/A/CoreUI
0x000000001f2fc000 	/System/Library/Frameworks/CoreAudio.framework/Versions/A/CoreAudio
0x000000001f2fc000 	/System/Library/Frameworks/DiskArbitration.framework/Versions/A/DiskArbitration
0x000000001f2fc000 	/usr/lib/liblangid.dylib
0x000000001f2fc000 	/System/Library/PrivateFrameworks/MultitouchSupport.framework/Versions/A/MultitouchSupport
0x000000001f2fc000 	/System/Library/Frameworks/IOKit.framework/Versions/A/IOKit
0x000000001f2fc000 	/usr/lib/libDiagnosticMessagesClient.dylib
0x000000001f2fc000 	/System/Library/Frameworks/CoreServices.framework/Versions/A/CoreServices
0x000000001f2fc000 	/System/Library/PrivateFrameworks/PerformanceAnalysis.framework/Versions/A/PerformanceAnalysis
0x000000001f2fc000 	/System/Library/Frameworks/OpenGL.framework/Versions/A/OpenGL
0x000000001f2fc000 	/System/Library/Frameworks/ColorSync.framework/Versions/A/ColorSync
0x000000001f2fc000 	/System/Library/Frameworks/CoreImage.framework/Versions/A/CoreImage
0x000000001f2fc000 	/System/Library/Frameworks/CoreText.framework/Versions/A/CoreText
0x000000001f2fc000 	/System/Library/Frameworks/ImageIO.framework/Versions/A/ImageIO
0x000000001f2fc000 	/System/Library/PrivateFrameworks/Backup.framework/Versions/A/Backup
0x000000001f2fc000 	/usr/lib/libarchive.2.dylib
0x000000001f2fc000 	/System/Library/Frameworks/CFNetwork.framework/Versions/A/CFNetwork
0x000000001f2fc000 	/System/Library/Frameworks/SystemConfiguration.framework/Versions/A/SystemConfiguration
0x000000001f2fc000 	/usr/lib/libCRFSuite.dylib
0x000000001f2fc000 	/usr/lib/libc++.1.dylib
0x000000001f2fc000 	/usr/lib/libc++abi.dylib
0x000000001f2fc000 	/usr/lib/system/libcache.dylib
0x000000001f2fc000 	/usr/lib/system/libcommonCrypto.dylib
0x000000001f2fc000 	/usr/lib/system/libcompiler_rt.dylib
0x000000001f2fc000 	/usr/lib/system/libcopyfile.dylib
0x000000001f2fc000 	/usr/lib/system/libcorecrypto.dylib
0x000000001f2fc000 	/usr/lib/system/libdispatch.dylib
0x000000001f2fc000 	/usr/lib/system/libdyld.dylib
0x000000001f2fc000 	/usr/lib/system/libkeymgr.dylib
0x000000001f2fc000 	/usr/lib/system/liblaunch.dylib
0x000000001f2fc000 	/usr/lib/system/libmacho.dylib
0x000000001f2fc000 	/usr/lib/system/libquarantine.dylib
0x000000001f2fc000 	/usr/lib/system/libremovefile.dylib
0x000000001f2fc000 	/usr/lib/system/libsystem_asl.dylib
0x000000001f2fc000 	/usr/lib/system/libsystem_blocks.dylib
0x000000001f2fc000 	/usr/lib/system/libsystem_c.dylib
0x000000001f2fc000 	/usr/lib/system/libsystem_configuration.dylib
0x000000001f2fc000 	/usr/lib/system/libsystem_coreservices.dylib
0x000000001f2fc000 	/usr/lib/system/libsystem_darwin.dylib
0x000000001f2fc000 	/usr/lib/system/libsystem_dnssd.dylib
0x000000001f2fc000 	/usr/lib/system/libsystem_info.dylib
0x000000001f2fc000 	/usr/lib/system/libsystem_m.dylib
0x000000001f2fc000 	/usr/lib/system/libsystem_malloc.dylib
0x000000001f2fc000 	/usr/lib/system/libsystem_network.dylib
0x000000001f2fc000 	/usr/lib/system/libsystem_networkextension.dylib
0x000000001f2fc000 	/usr/lib/system/libsystem_notify.dylib
0x000000001f2fc000 	/usr/lib/system/libsystem_sandbox.dylib
0x000000001f2fc000 	/usr/lib/system/libsystem_secinit.dylib
0x000000001f2fc000 	/usr/lib/system/libsystem_kernel.dylib
0x000000001f2fc000 	/usr/lib/system/libsystem_platform.dylib
0x000000001f2fc000 	/usr/lib/system/libsystem_pthread.dylib
0x000000001f2fc000 	/usr/lib/system/libsystem_symptoms.dylib
0x000000001f2fc000 	/usr/lib/system/libsystem_trace.dylib
0x000000001f2fc000 	/usr/lib/system/libunwind.dylib
0x000000001f2fc000 	/usr/lib/system/libxpc.dylib
0x000000001f2fc000 	/usr/lib/closure/libclosured.dylib
0x000000001f2fc000 	/usr/lib/libbsm.0.dylib
0x000000001f2fc000 	/usr/lib/system/libkxld.dylib
0x000000001f2fc000 	/usr/lib/libOpenScriptingUtil.dylib
0x000000001f2fc000 	/usr/lib/libcoretls.dylib
0x000000001f2fc000 	/usr/lib/libcoretls_cfhelpers.dylib
0x000000001f2fc000 	/usr/lib/libpam.2.dylib
0x000000001f2fc000 	/usr/lib/libsqlite3.dylib
0x000000001f2fc000 	/usr/lib/libxar.1.dylib
0x000000001f2fc000 	/usr/lib/libbz2.1.0.dylib
0x000000001f2fc000 	/usr/lib/liblzma.5.dylib
0x000000001f2fc000 	/usr/lib/libnetwork.dylib
0x000000001f2fc000 	/usr/lib/libapple_nghttp2.dylib
0x000000001f2fc000 	/usr/lib/libpcap.A.dylib
0x000000001f2fc000 	/usr/lib/libboringssl.dylib
0x000000001f2fc000 	/usr/lib/libusrtcp.dylib
0x000000001f2fc000 	/usr/lib/libapple_crypto.dylib
0x000000001f2fc000 	/System/Library/Frameworks/CoreServices.framework/Versions/A/Frameworks/FSEvents.framework/Versions/A/FSEvents
0x000000001f2fc000 	/System/Library/Frameworks/CoreServices.framework/Versions/A/Frameworks/CarbonCore.framework/Versions/A/CarbonCore
0x000000001f2fc000 	/System/Library/Frameworks/CoreServices.framework/Versions/A/Frameworks/Metadata.framework/Versions/A/Metadata
0x000000001f2fc000 	/System/Library/Frameworks/CoreServices.framework/Versions/A/Frameworks/OSServices.framework/Versions/A/OSServices
0x000000001f2fc000 	/System/Library/Frameworks/CoreServices.framework/Versions/A/Frameworks/SearchKit.framework/Versions/A/SearchKit
0x000000001f2fc000 	/System/Library/Frameworks/CoreServices.framework/Versions/A/Frameworks/AE.framework/Versions/A/AE
0x000000001f2fc000 	/System/Library/Frameworks/CoreServices.framework/Versions/A/Frameworks/LaunchServices.framework/Versions/A/LaunchServices
0x000000001f2fc000 	/System/Library/Frameworks/CoreServices.framework/Versions/A/Frameworks/DictionaryServices.framework/Versions/A/DictionaryServices
0x000000001f2fc000 	/System/Library/Frameworks/CoreServices.framework/Versions/A/Frameworks/SharedFileList.framework/Versions/A/SharedFileList
0x000000001f2fc000 	/System/Library/Frameworks/NetFS.framework/Versions/A/NetFS
0x000000001f2fc000 	/System/Library/PrivateFrameworks/NetAuth.framework/Versions/A/NetAuth
0x000000001f2fc000 	/System/Library/PrivateFrameworks/login.framework/Versions/A/Frameworks/loginsupport.framework/Versions/A/loginsupport
0x000000001f2fc000 	/System/Library/PrivateFrameworks/TCC.framework/Versions/A/TCC
0x000000001f2fc000 	/usr/lib/libmecabra.dylib
0x000000001f2fc000 	/System/Library/Frameworks/ApplicationServices.framework/Versions/A/Frameworks/ATS.framework/Versions/A/ATS
0x000000001f2fc000 	/System/Library/Frameworks/ApplicationServices.framework/Versions/A/Frameworks/ColorSyncLegacy.framework/Versions/A/ColorSyncLegacy
0x000000001f2fc000 	/System/Library/Frameworks/ApplicationServices.framework/Versions/A/Frameworks/HIServices.framework/Versions/A/HIServices
0x000000001f2fc000 	/System/Library/Frameworks/ApplicationServices.framework/Versions/A/Frameworks/LangAnalysis.framework/Versions/A/LangAnalysis
0x000000001f2fc000 	/System/Library/Frameworks/ApplicationServices.framework/Versions/A/Frameworks/PrintCore.framework/Versions/A/PrintCore
0x000000001f2fc000 	/System/Library/Frameworks/ApplicationServices.framework/Versions/A/Frameworks/QD.framework/Versions/A/QD
0x000000001f2fc000 	/System/Library/Frameworks/ApplicationServices.framework/Versions/A/Frameworks/SpeechSynthesis.framework/Versions/A/SpeechSynthesis
0x000000001f2fc000 	/System/Library/Frameworks/CoreDisplay.framework/Versions/A/CoreDisplay
0x000000001f2fc000 	/System/Library/Frameworks/Accelerate.framework/Versions/A/Frameworks/vImage.framework/Versions/A/vImage
0x000000001f2fc000 	/System/Library/Frameworks/Accelerate.framework/Versions/A/Frameworks/vecLib.framework/Versions/A/vecLib
0x000000001f2fc000 	/System/Library/Frameworks/Accelerate.framework/Versions/A/Frameworks/vecLib.framework/Versions/A/libvDSP.dylib
0x000000001f2fc000 	/System/Library/Frameworks/Accelerate.framework/Versions/A/Frameworks/vecLib.framework/Versions/A/libBNNS.dylib
0x000000001f2fc000 	/System/Library/Frameworks/Accelerate.framework/Versions/A/Frameworks/vecLib.framework/Versions/A/libQuadrature.dylib
0x000000001f2fc000 	/System/Library/Frameworks/Accelerate.framework/Versions/A/Frameworks/vecLib.framework/Versions/A/libvMisc.dylib
0x000000001f2fc000 	/System/Library/Frameworks/Accelerate.framework/Versions/A/Frameworks/vecLib.framework/Versions/A/libLAPACK.dylib
0x000000001f2fc000 	/System/Library/Frameworks/Accelerate.framework/Versions/A/Frameworks/vecLib.framework/Versions/A/libBLAS.dylib
0x000000001f2fc000 	/System/Library/Frameworks/Accelerate.framework/Versions/A/Frameworks/vecLib.framework/Versions/A/libLinearAlgebra.dylib
0x000000001f2fc000 	/System/Library/Frameworks/Accelerate.framework/Versions/A/Frameworks/vecLib.framework/Versions/A/libSparse.dylib
0x000000001f2fc000 	/System/Library/Frameworks/Accelerate.framework/Versions/A/Frameworks/vecLib.framework/Versions/A/libSparseBLAS.dylib
0x000000001f2fc000 	/System/Library/PrivateFrameworks/GPUWrangler.framework/Versions/A/GPUWrangler
0x000000001f2fc000 	/System/Library/PrivateFrameworks/IOAccelerator.framework/Versions/A/IOAccelerator
0x000000001f2fc000 	/System/Library/PrivateFrameworks/IOPresentment.framework/Versions/A/IOPresentment
0x000000001f2fc000 	/System/Library/PrivateFrameworks/DSExternalDisplay.framework/Versions/A/DSExternalDisplay
0x000000001f2fc000 	/System/Library/Frameworks/OpenGL.framework/Versions/A/Libraries/libCoreFSCache.dylib
0x000000001f2fc000 	/System/Library/Frameworks/CoreVideo.framework/Versions/A/CoreVideo
0x000000001f2fc000 	/System/Library/PrivateFrameworks/GraphVisualizer.framework/Versions/A/GraphVisualizer
0x000000001f2fc000 	/System/Library/Frameworks/MetalPerformanceShaders.framework/Versions/A/MetalPerformanceShaders
0x000000001f2fc000 	/usr/lib/libFosl_dynamic.dylib
0x000000001f2fc000 	/System/Library/PrivateFrameworks/FaceCore.framework/Versions/A/FaceCore
0x000000001f2fc000 	/System/Library/Frameworks/OpenCL.framework/Versions/A/OpenCL
0x000000001f2fc000 	/usr/lib/libcompression.dylib
0x000000001f2fc000 	/System/Library/Frameworks/ApplicationServices.framework/Versions/A/Frameworks/ATS.framework/Versions/A/Resources/libFontParser.dylib
0x000000001f2fc000 	/System/Library/Frameworks/ApplicationServices.framework/Versions/A/Frameworks/ATS.framework/Versions/A/Resources/libFontRegistry.dylib
0x000000001f2fc000 	/System/Library/Frameworks/ImageIO.framework/Versions/A/Resources/libJPEG.dylib
0x000000001f2fc000 	/System/Library/Frameworks/ImageIO.framework/Versions/A/Resources/libTIFF.dylib
0x000000001f2fc000 	/System/Library/Frameworks/ImageIO.framework/Versions/A/Resources/libPng.dylib
0x000000001f2fc000 	/System/Library/Frameworks/ImageIO.framework/Versions/A/Resources/libGIF.dylib
0x000000001f2fc000 	/System/Library/Frameworks/ImageIO.framework/Versions/A/Resources/libJP2.dylib
0x000000001f2fc000 	/System/Library/Frameworks/ImageIO.framework/Versions/A/Resources/libRadiance.dylib
0x000000001f2fc000 	/System/Library/PrivateFrameworks/AppleJPEG.framework/Versions/A/AppleJPEG
0x000000001f2fc000 	/System/Library/Frameworks/MetalPerformanceShaders.framework/Frameworks/MPSCore.framework/Versions/A/MPSCore
0x000000001f2fc000 	/System/Library/Frameworks/MetalPerformanceShaders.framework/Frameworks/MPSImage.framework/Versions/A/MPSImage
0x000000001f2fc000 	/System/Library/Frameworks/MetalPerformanceShaders.framework/Frameworks/MPSNeuralNetwork.framework/Versions/A/MPSNeuralNetwork
0x000000001f2fc000 	/System/Library/Frameworks/MetalPerformanceShaders.framework/Frameworks/MPSMatrix.framework/Versions/A/MPSMatrix
0x000000001f2fc000 	/System/Library/PrivateFrameworks/MetalTools.framework/Versions/A/MetalTools
0x000000001f2fc000 	/System/Library/Frameworks/OpenGL.framework/Versions/A/Libraries/libGLU.dylib
0x000000001f2fc000 	/System/Library/Frameworks/OpenGL.framework/Versions/A/Libraries/libGFXShared.dylib
0x000000001f2fc000 	/System/Library/Frameworks/OpenGL.framework/Versions/A/Libraries/libGL.dylib
0x000000001f2fc000 	/System/Library/Frameworks/OpenGL.framework/Versions/A/Libraries/libGLImage.dylib
0x000000001f2fc000 	/System/Library/Frameworks/OpenGL.framework/Versions/A/Libraries/libCVMSPluginSupport.dylib
0x000000001f2fc000 	/System/Library/Frameworks/OpenGL.framework/Versions/A/Libraries/libCoreVMClient.dylib
0x000000001f2fc000 	/usr/lib/libcups.2.dylib
0x000000001f2fc000 	/System/Library/Frameworks/Kerberos.framework/Versions/A/Kerberos
0x000000001f2fc000 	/System/Library/Frameworks/GSS.framework/Versions/A/GSS
0x000000001f2fc000 	/usr/lib/libresolv.9.dylib
0x000000001f2fc000 	/usr/lib/libiconv.2.dylib
0x000000001f2fc000 	/System/Library/PrivateFrameworks/Heimdal.framework/Versions/A/Heimdal
0x000000001f2fc000 	/usr/lib/libheimdal-asn1.dylib
0x000000001f2fc000 	/System/Library/Frameworks/OpenDirectory.framework/Versions/A/OpenDirectory
0x000000001f2fc000 	/System/Library/PrivateFrameworks/CommonAuth.framework/Versions/A/CommonAuth
0x000000001f2fc000 	/System/Library/Frameworks/OpenDirectory.framework/Versions/A/Frameworks/CFOpenDirectory.framework/Versions/A/CFOpenDirectory
0x000000001f2fc000 	/System/Library/Frameworks/SecurityFoundation.framework/Versions/A/SecurityFoundation
0x000000001f2fc000 	/System/Library/PrivateFrameworks/APFS.framework/Versions/A/APFS
0x000000001f2fc000 	/usr/lib/libutil.dylib
0x000000001f2fc000 	/System/Library/PrivateFrameworks/AppleSauce.framework/Versions/A/AppleSauce
0x000000001f2fc000 	/System/Library/PrivateFrameworks/LinguisticData.framework/Versions/A/LinguisticData
0x000000001f2fc000 	/usr/lib/libmarisa.dylib
0x000000001f2fc000 	/System/Library/PrivateFrameworks/Lexicon.framework/Versions/A/Lexicon
0x000000001f2fc000 	/usr/lib/libChineseTokenizer.dylib
0x000000001f2fc000 	/usr/lib/libcmph.dylib
0x000000001f2fc000 	/System/Library/PrivateFrameworks/LanguageModeling.framework/Versions/A/LanguageModeling
0x000000001f2fc000 	/System/Library/PrivateFrameworks/CoreEmoji.framework/Versions/A/CoreEmoji
0x000000001f2fc000 	/System/Library/Frameworks/ServiceManagement.framework/Versions/A/ServiceManagement
0x000000001f2fc000 	/System/Library/PrivateFrameworks/BackgroundTaskManagement.framework/Versions/A/BackgroundTaskManagement
0x000000001f2fc000 	/usr/lib/libxslt.1.dylib
0x000000001f2fc000 	/System/Library/Frameworks/Carbon.framework/Versions/A/Frameworks/Ink.framework/Versions/A/Ink
0x000000001f2fc000 	/System/Library/PrivateFrameworks/TextureIO.framework/Versions/A/TextureIO
0x000000001f2fc000 	/usr/lib/libate.dylib
0x000000001f2fc000 	/System/Library/PrivateFrameworks/CrashReporterSupport.framework/Versions/A/CrashReporterSupport
0x000000001f2fc000 	/System/Library/PrivateFrameworks/Sharing.framework/Versions/A/Sharing
0x000000001f2fc000 	/System/Library/PrivateFrameworks/IconServices.framework/Versions/A/IconServices
0x000000001f2fc000 	/System/Library/PrivateFrameworks/AuthKit.framework/Versions/A/AuthKit
0x000000001f2fc000 	/System/Library/PrivateFrameworks/Apple80211.framework/Versions/A/Apple80211
0x000000001f2fc000 	/System/Library/PrivateFrameworks/CoreUtils.framework/Versions/A/CoreUtils
0x000000001f2fc000 	/System/Library/Frameworks/CoreWLAN.framework/Versions/A/CoreWLAN
0x000000001f2fc000 	/System/Library/Frameworks/IOBluetooth.framework/Versions/A/IOBluetooth
0x000000001f2fc000 	/System/Library/PrivateFrameworks/ProtocolBuffer.framework/Versions/A/ProtocolBuffer
0x000000001f2fc000 	/System/Library/PrivateFrameworks/MobileKeyBag.framework/Versions/A/MobileKeyBag
0x000000001f2fc000 	/System/Library/PrivateFrameworks/CorePhoneNumbers.framework/Versions/A/CorePhoneNumbers
0x000000001f2fc000 	/System/Library/PrivateFrameworks/AppleIDAuthSupport.framework/Versions/A/AppleIDAuthSupport
0x000000001f2fc000 	/System/Library/PrivateFrameworks/KeychainCircle.framework/Versions/A/KeychainCircle
0x000000001f2fc000 	/System/Library/PrivateFrameworks/CoreWiFi.framework/Versions/A/CoreWiFi
0x000000001f2fc000 	/System/Library/Frameworks/CoreBluetooth.framework/Versions/A/CoreBluetooth
0x000000001f2fc000 	/System/Library/PrivateFrameworks/DebugSymbols.framework/Versions/A/DebugSymbols
0x000000001f2fc000 	/System/Library/PrivateFrameworks/CoreSymbolication.framework/Versions/A/CoreSymbolication
0x000000001f2fc000 	/System/Library/PrivateFrameworks/Symbolication.framework/Versions/A/Symbolication
0x000000001f2fc000 	/System/Library/PrivateFrameworks/AppleFSCompression.framework/Versions/A/AppleFSCompression
0x000000001f2fc000 	/System/Library/PrivateFrameworks/SpeechRecognitionCore.framework/Versions/A/SpeechRecognitionCore
0x00000001038d3000 	/Library/Java/JavaVirtualMachines/jdk1.8.0_161.jdk/Contents/Home/jre/lib/server/libjvm.dylib
0x000000001f2fc000 	/usr/lib/libstdc++.6.0.9.dylib
0x0000000101c9d000 	/Library/Java/JavaVirtualMachines/jdk1.8.0_161.jdk/Contents/Home/jre/lib/libverify.dylib
0x0000000101cab000 	/Library/Java/JavaVirtualMachines/jdk1.8.0_161.jdk/Contents/Home/jre/lib/libjava.dylib
0x0000000101d2b000 	/Library/Java/JavaVirtualMachines/jdk1.8.0_161.jdk/Contents/Home/jre/lib/libzip.dylib
0x00000001211f1000 	/private/var/folders/k0/15vs_byd1cdd6nv9xqkw7trm0000gp/T/CppRDFox1470606733347936190.dylib

VM Arguments:
jvm_args: -Dfile.encoding=UTF-8 
java_command: launcher.Launcher
java_class_path (initial): /Library/Java/JavaVirtualMachines/jdk1.8.0_161.jdk/Contents/Home/jre/lib/resources.jar:/Library/Java/JavaVirtualMachines/jdk1.8.0_161.jdk/Contents/Home/jre/lib/rt.jar:/Library/Java/JavaVirtualMachines/jdk1.8.0_161.jdk/Contents/Home/jre/lib/jsse.jar:/Library/Java/JavaVirtualMachines/jdk1.8.0_161.jdk/Contents/Home/jre/lib/jce.jar:/Library/Java/JavaVirtualMachines/jdk1.8.0_161.jdk/Contents/Home/jre/lib/charsets.jar:/Library/Java/JavaVirtualMachines/jdk1.8.0_161.jdk/Contents/Home/jre/lib/jfr.jar:/Library/Java/JavaVirtualMachines/jdk1.8.0_161.jdk/Contents/Home/jre/lib/ext/sunec.jar:/Library/Java/JavaVirtualMachines/jdk1.8.0_161.jdk/Contents/Home/jre/lib/ext/nashorn.jar:/Library/Java/JavaVirtualMachines/jdk1.8.0_161.jdk/Contents/Home/jre/lib/ext/cldrdata.jar:/Library/Java/JavaVirtualMachines/jdk1.8.0_161.jdk/Contents/Home/jre/lib/ext/jfxrt.jar:/Library/Java/JavaVirtualMachines/jdk1.8.0_161.jdk/Contents/Home/jre/lib/ext/dnsns.jar:/Library/Java/JavaVirtualMachines/jdk1.8.0_161.jdk/Contents/Home/jre/lib/ext/localedata.jar:/Library/Java/JavaVirtualMachines/jdk1.8.0_161.jdk/Contents/Home/jre/lib/ext/sunjce_provider.jar:/Library/Java/JavaVirtualMachines/jdk1.8.0_161.jdk/Contents/Home/jre/lib/ext/sunpkcs11.jar:/Library/Java/JavaVirtualMachines/jdk1.8.0_161.jdk/Contents/Home/jre/lib/ext/jaccess.jar:/Library/Java/JavaVirtualMachines/jdk1.8.0_161.jdk/Contents/Home/jre/lib/ext/zipfs.jar:/System/Library/Java/Extensions/MRJToolkit.jar:/Users/carralma/Desktop/velox-evalution/code/Velox/Velox/target/classes:/Users/carralma/Desktop/velox-evalution/code/Velox/Velox/Libraries/JRDFox.jar:/Users/carralma/.m2/repository/net/sourceforge/owlapi/owlapi-distribution/5.1.7/owlapi-distribution-5.1.7.jar:/Users/carralma/.m2/repository/net/sourceforge/owlapi/owlapi-compatibility/5.1.7/owlapi-compatibility-5.1.7.jar:/Users/carralma/.m2/repository/net/sourceforge/owlapi/owlapi-apibinding/5.1.7/owlapi-apibinding-5.1.7.jar:/Users/carralma/.m2/repository/net/sourceforge/owlapi
Launcher Type: SUN_STANDARD

Environment Variables:
PATH=/usr/bin:/bin:/usr/sbin:/sbin
SHELL=/bin/bash
DISPLAY=/private/tmp/com.apple.launchd.XiXb8OmcGF/org.macosforge.xquartz:0

Signal Handlers:
SIGSEGV: [libjvm.dylib+0x5b5439], sa_mask[0]=11111111011111110111111111111111, sa_flags=SA_ONSTACK|SA_RESTART|SA_SIGINFO
SIGBUS: [libjvm.dylib+0x5b5439], sa_mask[0]=11111111011111110111111111111111, sa_flags=SA_RESTART|SA_SIGINFO
SIGFPE: [libjvm.dylib+0x48ae24], sa_mask[0]=11111111011111110111111111111111, sa_flags=SA_RESTART|SA_SIGINFO
SIGPIPE: [libjvm.dylib+0x48ae24], sa_mask[0]=11111111011111110111111111111111, sa_flags=SA_RESTART|SA_SIGINFO
SIGXFSZ: [libjvm.dylib+0x48ae24], sa_mask[0]=11111111011111110111111111111111, sa_flags=SA_RESTART|SA_SIGINFO
SIGILL: [libjvm.dylib+0x48ae24], sa_mask[0]=11111111011111110111111111111111, sa_flags=SA_RESTART|SA_SIGINFO
SIGUSR1: SIG_DFL, sa_mask[0]=00000000000000000000000000000000, sa_flags=none
SIGUSR2: [libjvm.dylib+0x48a942], sa_mask[0]=00100000000000000000000000000000, sa_flags=SA_RESTART|SA_SIGINFO
SIGHUP: [libjvm.dylib+0x488f0d], sa_mask[0]=11111111011111110111111111111111, sa_flags=SA_RESTART|SA_SIGINFO
SIGINT: [libjvm.dylib+0x488f0d], sa_mask[0]=11111111011111110111111111111111, sa_flags=SA_RESTART|SA_SIGINFO
SIGTERM: [libjvm.dylib+0x488f0d], sa_mask[0]=11111111011111110111111111111111, sa_flags=SA_RESTART|SA_SIGINFO
SIGQUIT: [libjvm.dylib+0x488f0d], sa_mask[0]=11111111011111110111111111111111, sa_flags=SA_RESTART|SA_SIGINFO


---------------  S Y S T E M  ---------------

OS:Bsduname:Darwin 17.7.0 Darwin Kernel Version 17.7.0: Thu Jun 21 22:53:14 PDT 2018; root:xnu-4570.71.2~1/RELEASE_X86_64 x86_64
rlimit: STACK 8192k, CORE 0k, NPROC 1418, NOFILE 10240, AS infinity
load average:2.43 2.40 2.11

CPU:total 8 (initial active 8) (4 cores per cpu, 2 threads per core) family 6 model 70 stepping 1, cmov, cx8, fxsr, mmx, sse, sse2, sse3, ssse3, sse4.1, sse4.2, popcnt, avx, avx2, aes, clmul, erms, lzcnt, ht, tsc, tscinvbit, bmi1, bmi2

Memory: 4k page, physical 16777216k(1160240k free)

/proc/meminfo:


vm_info: Java HotSpot(TM) 64-Bit Server VM (25.161-b12) for bsd-amd64 JRE (1.8.0_161-b12), built on Dec 19 2017 16:22:20 by "java_re" with gcc 4.2.1 (Based on Apple Inc. build 5658) (LLVM build 2336.11.00)

time: Wed Sep 19 15:26:11 2018
elapsed time: 1 seconds (0d 0h 0m 1s)

