#
# A fatal error has been detected by the Java Runtime Environment:
#
#  SIGSEGV (0xb) at pc=0x000000012af2dc1a, pid=56697, tid=0x0000000000005b03
#
# JRE version: Java(TM) SE Runtime Environment (8.0_161-b12) (build 1.8.0_161-b12)
# Java VM: Java HotSpot(TM) 64-Bit Server VM (25.161-b12 mixed mode bsd-amd64 compressed oops)
# Problematic frame:
# C  [CppRDFox7769180850605194558.dylib+0x178c1a]  RuleIndex::ensureThreadReady(unsigned long, unsigned long long const*)+0x6a
#
# Failed to write core dump. Core dumps have been disabled. To enable core dumping, try "ulimit -c unlimited" before starting Java again
#
# If you would like to submit a bug report, please visit:
#   http://bugreport.java.com/bugreport/crash.jsp
#

---------------  T H R E A D  ---------------

Current thread is native thread

siginfo: si_signo: 11 (SIGSEGV), si_code: 0 (unknown), si_addr: 0x0000000000000000

Registers:
RAX=0x00007fb8f98a8030, RBX=0x000070000c2d8dc0, RCX=0x000070000c2d8df0, RDX=0x00007fb8fa00a1d8
RSP=0x000070000c2d8c60, RBP=0x000070000c2d8e80, RSI=0x000070000c2d8d60, RDI=0x000000010b775080
R8 =0x0000000000000001, R9 =0x00007fb8fa00a830, R10=0x000007fb8fa0081c, R11=0x0000000000000002
R12=0x000070000c2d8d60, R13=0x3000000000000000, R14=0x000070000c2d8df0, R15=0x0000000000000001
RIP=0x000000012af2dc1a, EFLAGS=0x0000000000010202, ERR=0x0000000000000000
  TRAPNO=0x000000000000000d

Top of Stack: (sp=0x000070000c2d8c60)
0x000070000c2d8c60:   0000000000000001 00007fb8fa00a1d8
0x000070000c2d8c70:   00007fb8f98a8030 0000000000000000
0x000070000c2d8c80:   0000000000000000 0000000000000002
0x000070000c2d8c90:   00007fb8f8dafe40 0000000000000001
0x000070000c2d8ca0:   ffffffff3f800000 0000000000000000
0x000070000c2d8cb0:   0000000000000000 0000000000000002
0x000070000c2d8cc0:   00007fb8f8dafe40 0000000000000001
0x000070000c2d8cd0:   000000003f800000 0000000000000000
0x000070000c2d8ce0:   0000000000000000 0000000000000002
0x000070000c2d8cf0:   00007fb8f8dafe40 0000000000000001
0x000070000c2d8d00:   00007fff3f800000 0000000000000000
0x000070000c2d8d10:   0000000000000000 0000000000000002
0x000070000c2d8d20:   00007fb8f8dafe40 0000000000000001
0x000070000c2d8d30:   000000003f800000 00007fb8f8ea9c60
0x000070000c2d8d40:   00007fb8f8eaaa90 00007fb8f8eaaa90
0x000070000c2d8d50:   00007fb8f8ea9c60 0000000000000000
0x000070000c2d8d60:   0000000000000000 0000000000000002
0x000070000c2d8d70:   00007fb8fa00a830 0000000000000002
0x000070000c2d8d80:   000000003f800000 0000000000000000
0x000070000c2d8d90:   0000000000000000 0000000000000002
0x000070000c2d8da0:   00007fb8fa00b040 0000000000000002
0x000070000c2d8db0:   000070003f800000 0000000000000000
0x000070000c2d8dc0:   0000000000000000 0000000000000002
0x000070000c2d8dd0:   00007fb8fa00b040 0000000000000002
0x000070000c2d8de0:   000000003f800000 0000000000000000
0x000070000c2d8df0:   0000000000000000 0000000000000002
0x000070000c2d8e00:   00007fb8fa00b040 0000000000000002
0x000070000c2d8e10:   00007fb83f800000 00007fb8f8ea9c60
0x000070000c2d8e20:   00007fb8f8eab6d0 00007fb8f8eaaa90
0x000070000c2d8e30:   00007fb8f8eab6d0 00007fb8f8eab6d0
0x000070000c2d8e40:   00007fb8f8ea9c60 00007fb8f8ea9c60
0x000070000c2d8e50:   00007fb8f8eab6d0 0000000000000000 

Instructions: (pc=0x000000012af2dc1a)
0x000000012af2dbfa:   ff 48 8d b5 e0 fe ff ff 66 66 66 66 66 2e 0f 1f
0x000000012af2dc0a:   84 00 00 00 00 00 48 89 95 e8 fd ff ff 4c 8b 2a
0x000000012af2dc1a:   49 8b 45 38 4a 83 3c f8 00 0f 85 1c 01 00 00 49
0x000000012af2dc2a:   89 dc 0f 57 c0 0f 29 45 80 0f 29 85 70 ff ff ff 

Register to memory mapping:

RAX=0x00007fb8f98a8030 is an unknown value
RBX=0x000070000c2d8dc0 is an unknown value
RCX=0x000070000c2d8df0 is an unknown value
RDX=0x00007fb8fa00a1d8 is an unknown value
RSP=0x000070000c2d8c60 is an unknown value
RBP=0x000070000c2d8e80 is an unknown value
RSI=0x000070000c2d8d60 is an unknown value
RDI=0x000000010b775080 is an unknown value
R8 =0x0000000000000001 is an unknown value
R9 =0x00007fb8fa00a830 is an unknown value
R10=0x000007fb8fa0081c is an unknown value
R11=0x0000000000000002 is an unknown value
R12=0x000070000c2d8d60 is an unknown value
R13=0x3000000000000000 is an unknown value
R14=0x000070000c2d8df0 is an unknown value
R15=0x0000000000000001 is an unknown value


Stack: [0x000070000c259000,0x000070000c2d9000],  sp=0x000070000c2d8c60,  free space=511k
Native frames: (J=compiled Java code, j=interpreted, Vv=VM code, C=native code)
C  [CppRDFox7769180850605194558.dylib+0x178c1a]  RuleIndex::ensureThreadReady(unsigned long, unsigned long long const*)+0x6a
C  [CppRDFox7769180850605194558.dylib+0x148668]  DatalogEngineWorker::run()+0x188
C  [CppRDFox7769180850605194558.dylib+0x5a216a]  threadStarter(void*)+0xa
C  [libsystem_pthread.dylib+0x3661]  _pthread_body+0x154
C  [libsystem_pthread.dylib+0x350d]  _pthread_body+0x0
C  [libsystem_pthread.dylib+0x2bf9]  thread_start+0xd


---------------  P R O C E S S  ---------------

VM state:not at safepoint (normal execution)

VM Mutex/Monitor currently owned by a thread:  ([mutex/lock_event])
[0x00007fb8f8d12490] MethodCompileQueue_lock - owner thread: 0x0000000000000000

Heap:
 PSYoungGen      total 76288K, used 56596K [0x000000076ab00000, 0x0000000770000000, 0x00000007c0000000)
  eden space 65536K, 86% used [0x000000076ab00000,0x000000076e245280,0x000000076eb00000)
  from space 10752K, 0% used [0x000000076f580000,0x000000076f580000,0x0000000770000000)
  to   space 10752K, 0% used [0x000000076eb00000,0x000000076eb00000,0x000000076f580000)
 ParOldGen       total 175104K, used 0K [0x00000006c0000000, 0x00000006cab00000, 0x000000076ab00000)
  object space 175104K, 0% used [0x00000006c0000000,0x00000006c0000000,0x00000006cab00000)
 Metaspace       used 13163K, capacity 13644K, committed 13824K, reserved 1060864K
  class space    used 1823K, capacity 1994K, committed 2048K, reserved 1048576K

Card table byte_map: [0x000000010dbae000,0x000000010e3af000] byte_map_base: 0x000000010a5ae000

Marking Bits: (ParMarkBitMap*) 0x000000010d0f76c0
 Begin Bits: [0x000000011dd2f000, 0x0000000121d2f000)
 End Bits:   [0x0000000121d2f000, 0x0000000125d2f000)

Polling page: 0x000000010b7dd000

CodeCache: size=245760Kb used=3908Kb max_used=3919Kb free=241851Kb
 bounds [0x000000010ed2f000, 0x000000010f10f000, 0x000000011dd2f000]
 total_blobs=1442 nmethods=1103 adapters=252
 compilation: enabled

Compilation events (10 events):
Event: 1.250 Thread 0x00007fb8fd011800 nmethod 1084 0x000000010f0e9d10 code [0x000000010f0e9ea0, 0x000000010f0ea208]
Event: 1.251 Thread 0x00007fb8fd011800 1086       3       java.lang.String::compareTo (78 bytes)
Event: 1.251 Thread 0x00007fb8fd011800 nmethod 1086 0x000000010f0e9610 code [0x000000010f0e97a0, 0x000000010f0e9af0]
Event: 1.251 Thread 0x00007fb8fd011800 1085       3       org.semanticweb.owlapi.util.StringLengthComparator::compare (40 bytes)
Event: 1.251 Thread 0x00007fb8fd011800 nmethod 1085 0x000000010f0f37d0 code [0x000000010f0f39e0, 0x000000010f0f4378]
Event: 1.252 Thread 0x00007fb8fd011800 1088       3       java.util.regex.Pattern::sequence (553 bytes)
Event: 1.255 Thread 0x00007fb8fd011800 nmethod 1088 0x000000010f0f4950 code [0x000000010f0f4ec0, 0x000000010f0f7fd8]
Event: 1.255 Thread 0x00007fb8fd011800 1091       3       java.util.regex.Pattern::append (39 bytes)
Event: 1.256 Thread 0x00007fb8fd011800 nmethod 1091 0x000000010f0e9010 code [0x000000010f0e9180, 0x000000010f0e94c8]
Event: 1.256 Thread 0x00007fb8fd011800 1092       3       java.util.regex.ASCII::isAscii (13 bytes)

GC Heap History (0 events):
No events

Deoptimization events (9 events):
Event: 0.117 Thread 0x00007fb8fb801800 Uncommon trap: reason=unstable_if action=reinterpret pc=0x000000010ee47568 method=java.lang.String.hashCode()I @ 14
Event: 0.258 Thread 0x00007fb8fb801800 Uncommon trap: reason=unstable_if action=reinterpret pc=0x000000010eec2184 method=java.lang.String.indexOf([CII[CIII)I @ 134
Event: 0.485 Thread 0x00007fb8fb801800 Uncommon trap: reason=unstable_if action=reinterpret pc=0x000000010ef53130 method=java.lang.String.indexOf([CII[CIII)I @ 3
Event: 0.543 Thread 0x00007fb8fb801800 Uncommon trap: reason=unstable_if action=reinterpret pc=0x000000010eeef940 method=java.lang.String.replace(CC)Ljava/lang/String; @ 26
Event: 0.648 Thread 0x00007fb8fb801800 Uncommon trap: reason=range_check action=make_not_entrant pc=0x000000010eff2288 method=sun.reflect.generics.parser.SignatureParser.current()C @ 34
Event: 0.848 Thread 0x00007fb8fb801800 Uncommon trap: reason=unstable_if action=reinterpret pc=0x000000010ef58c98 method=sun.misc.MetaIndex.mayContain(Ljava/lang/String;)Z @ 38
Event: 0.943 Thread 0x00007fb8fb801800 Uncommon trap: reason=unstable_if action=reinterpret pc=0x000000010f095804 method=java.io.BufferedReader.read()I @ 19
Event: 0.951 Thread 0x00007fb8fb801800 Uncommon trap: reason=unstable_if action=reinterpret pc=0x000000010f097744 method=java.io.BufferedReader.read()I @ 19
Event: 0.970 Thread 0x00007fb8fb801800 Uncommon trap: reason=unstable_if action=reinterpret pc=0x000000010f0aaeb8 method=org.semanticweb.owlapi.functional.parser.CustomTokenizer.readChar()C @ 75

Classes redefined (0 events):
No events

Internal exceptions (10 events):
Event: 0.816 Thread 0x00007fb8fb801800 Exception <a 'java/lang/IncompatibleClassChangeError': Found class java.lang.Object, but interface was expected> (0x000000076d25bd40) thrown at [/Users/java_re/workspace/8-2-build-macosx-x86_64/jdk8u161/10277/hotspot/src/share/vm/interpreter/linkResolver.
Event: 0.816 Thread 0x00007fb8fb801800 Exception <a 'java/lang/IncompatibleClassChangeError': Found class java.lang.Object, but interface was expected> (0x000000076d2631d8) thrown at [/Users/java_re/workspace/8-2-build-macosx-x86_64/jdk8u161/10277/hotspot/src/share/vm/interpreter/linkResolver.
Event: 0.970 Thread 0x00007fb8fb801800 Exception <a 'java/lang/IncompatibleClassChangeError': Found class java.lang.Object, but interface was expected> (0x000000076db0f2f0) thrown at [/Users/java_re/workspace/8-2-build-macosx-x86_64/jdk8u161/10277/hotspot/src/share/vm/interpreter/linkResolver.
Event: 0.972 Thread 0x00007fb8fb801800 Exception <a 'java/lang/NoSuchMethodError': java.lang.Object.lambda$identity$2(Ljava/lang/Object;)Ljava/lang/Object;> (0x000000076db1da98) thrown at [/Users/java_re/workspace/8-2-build-macosx-x86_64/jdk8u161/10277/hotspot/src/share/vm/interpreter/linkReso
Event: 0.973 Thread 0x00007fb8fb801800 Exception <a 'java/lang/NoSuchMethodError': java.lang.Object.lambda$determineIllegalPunnings$0(Ljava/util/Collection;Lorg/semanticweb/owlapi/model/OWLEntity;)Z> (0x000000076db32738) thrown at [/Users/java_re/workspace/8-2-build-macosx-x86_64/jdk8u161/1027
Event: 0.973 Thread 0x00007fb8fb801800 Exception <a 'java/lang/NoSuchMethodError': java.lang.Object.lambda$determineIllegalPunnings$1(Lcom/google/common/collect/Multimap;Lorg/semanticweb/owlapi/model/OWLEntity;)V> (0x000000076db366a8) thrown at [/Users/java_re/workspace/8-2-build-macosx-x86_64
Event: 0.978 Thread 0x00007fb8fb801800 Exception <a 'java/lang/NoSuchMethodError': java.lang.Object.lambda$axioms$0(Lorg/semanticweb/owlapi/model/AxiomType;Lorg/semanticweb/owlapi/model/OWLOntology;)Ljava/util/stream/Stream;> (0x000000076db84598) thrown at [/Users/java_re/workspace/8-2-build-m
Event: 1.250 Thread 0x00007fb8f9e96800 Exception <a 'java/lang/IncompatibleClassChangeError': Found class java.lang.Object, but interface was expected> (0x000000076e0fe9a0) thrown at [/Users/java_re/workspace/8-2-build-macosx-x86_64/jdk8u161/10277/hotspot/src/share/vm/interpreter/linkResolver.
Event: 1.255 Thread 0x00007fb8fb801800 Exception <a 'uk/ac/ox/cs/JRDFox/JRDFStoreException': RDFStoreException: Out of memory (file: src/logic/../util/InterningManager.h; line: 127)
> (0x000000076dc8ab78) thrown at [/Users/java_re/workspace/8-2-build-macosx-x86_64/jdk8u161/10277/hotspot/src/sh
Event: 1.255 Thread 0x00007fb8f9e45000 Exception <a 'uk/ac/ox/cs/JRDFox/JRDFStoreException': RDFStoreException: Out of memory (file: src/logic/../util/InterningManager.h; line: 109)
> (0x000000076dd486d8) thrown at [/Users/java_re/workspace/8-2-build-macosx-x86_64/jdk8u161/10277/hotspot/src/sh

Events (10 events):
Event: 1.255 loading class org/semanticweb/owlapi/util/SimpleRenderer
Event: 1.255 loading class org/semanticweb/owlapi/util/SimpleRenderer done
Event: 1.255 loading class org/semanticweb/owlapi/util/SimpleRenderer
Event: 1.255 loading class org/semanticweb/owlapi/util/SimpleRenderer done
Event: 1.255 loading class java/lang/Throwable$WrappedPrintStream
Event: 1.255 loading class java/lang/Throwable$PrintStreamOrWriter
Event: 1.255 loading class java/lang/Throwable$PrintStreamOrWriter done
Event: 1.255 loading class java/lang/Throwable$WrappedPrintStream done
Event: 1.255 loading class java/util/IdentityHashMap$KeySet
Event: 1.256 loading class java/util/IdentityHashMap$KeySet done


Dynamic libraries:
0x000000001f2fc000 	/System/Library/Frameworks/Cocoa.framework/Versions/A/Cocoa
0x000000001f2fc000 	/System/Library/Frameworks/Security.framework/Versions/A/Security
0x000000001f2fc000 	/System/Library/Frameworks/ApplicationServices.framework/Versions/A/ApplicationServices
0x000000001f2fc000 	/usr/lib/libz.1.dylib
0x000000001f2fc000 	/usr/lib/libSystem.B.dylib
0x000000001f2fc000 	/usr/lib/libobjc.A.dylib
0x000000001f2fc000 	/System/Library/Frameworks/CoreFoundation.framework/Versions/A/CoreFoundation
0x000000001f2fc000 	/System/Library/Frameworks/Foundation.framework/Versions/C/Foundation
0x000000001f2fc000 	/System/Library/Frameworks/AppKit.framework/Versions/C/AppKit
0x000000001f2fc000 	/System/Library/Frameworks/CoreData.framework/Versions/A/CoreData
0x000000001f2fc000 	/System/Library/PrivateFrameworks/RemoteViewServices.framework/Versions/A/RemoteViewServices
0x000000001f2fc000 	/System/Library/PrivateFrameworks/UIFoundation.framework/Versions/A/UIFoundation
0x000000001f2fc000 	/System/Library/PrivateFrameworks/DFRFoundation.framework/Versions/A/DFRFoundation
0x000000001f2fc000 	/System/Library/Frameworks/Metal.framework/Versions/A/Metal
0x000000001f2fc000 	/System/Library/PrivateFrameworks/DesktopServicesPriv.framework/Versions/A/DesktopServicesPriv
0x000000001f2fc000 	/usr/lib/libenergytrace.dylib
0x000000001f2fc000 	/System/Library/PrivateFrameworks/SkyLight.framework/Versions/A/SkyLight
0x000000001f2fc000 	/System/Library/Frameworks/CoreGraphics.framework/Versions/A/CoreGraphics
0x000000001f2fc000 	/usr/lib/libScreenReader.dylib
0x000000001f2fc000 	/System/Library/Frameworks/Accelerate.framework/Versions/A/Accelerate
0x000000001f2fc000 	/System/Library/Frameworks/IOSurface.framework/Versions/A/IOSurface
0x000000001f2fc000 	/System/Library/Frameworks/AudioToolbox.framework/Versions/A/AudioToolbox
0x000000001f2fc000 	/System/Library/Frameworks/AudioUnit.framework/Versions/A/AudioUnit
0x000000001f2fc000 	/System/Library/PrivateFrameworks/DataDetectorsCore.framework/Versions/A/DataDetectorsCore
0x000000001f2fc000 	/System/Library/Frameworks/Carbon.framework/Versions/A/Frameworks/HIToolbox.framework/Versions/A/HIToolbox
0x000000001f2fc000 	/usr/lib/libicucore.A.dylib
0x000000001f2fc000 	/System/Library/Frameworks/QuartzCore.framework/Versions/A/QuartzCore
0x000000001f2fc000 	/System/Library/PrivateFrameworks/SignpostNotification.framework/Versions/A/SignpostNotification
0x000000001f2fc000 	/System/Library/Frameworks/Carbon.framework/Versions/A/Frameworks/SpeechRecognition.framework/Versions/A/SpeechRecognition
0x000000001f2fc000 	/usr/lib/libauto.dylib
0x000000001f2fc000 	/usr/lib/libxml2.2.dylib
0x000000001f2fc000 	/System/Library/PrivateFrameworks/CoreUI.framework/Versions/A/CoreUI
0x000000001f2fc000 	/System/Library/Frameworks/CoreAudio.framework/Versions/A/CoreAudio
0x000000001f2fc000 	/System/Library/Frameworks/DiskArbitration.framework/Versions/A/DiskArbitration
0x000000001f2fc000 	/usr/lib/liblangid.dylib
0x000000001f2fc000 	/System/Library/PrivateFrameworks/MultitouchSupport.framework/Versions/A/MultitouchSupport
0x000000001f2fc000 	/System/Library/Frameworks/IOKit.framework/Versions/A/IOKit
0x000000001f2fc000 	/usr/lib/libDiagnosticMessagesClient.dylib
0x000000001f2fc000 	/System/Library/Frameworks/CoreServices.framework/Versions/A/CoreServices
0x000000001f2fc000 	/System/Library/PrivateFrameworks/PerformanceAnalysis.framework/Versions/A/PerformanceAnalysis
0x000000001f2fc000 	/System/Library/Frameworks/OpenGL.framework/Versions/A/OpenGL
0x000000001f2fc000 	/System/Library/Frameworks/ColorSync.framework/Versions/A/ColorSync
0x000000001f2fc000 	/System/Library/Frameworks/CoreImage.framework/Versions/A/CoreImage
0x000000001f2fc000 	/System/Library/Frameworks/CoreText.framework/Versions/A/CoreText
0x000000001f2fc000 	/System/Library/Frameworks/ImageIO.framework/Versions/A/ImageIO
0x000000001f2fc000 	/System/Library/PrivateFrameworks/Backup.framework/Versions/A/Backup
0x000000001f2fc000 	/usr/lib/libarchive.2.dylib
0x000000001f2fc000 	/System/Library/Frameworks/CFNetwork.framework/Versions/A/CFNetwork
0x000000001f2fc000 	/System/Library/Frameworks/SystemConfiguration.framework/Versions/A/SystemConfiguration
0x000000001f2fc000 	/usr/lib/libCRFSuite.dylib
0x000000001f2fc000 	/usr/lib/libc++.1.dylib
0x000000001f2fc000 	/usr/lib/libc++abi.dylib
0x000000001f2fc000 	/usr/lib/system/libcache.dylib
0x000000001f2fc000 	/usr/lib/system/libcommonCrypto.dylib
0x000000001f2fc000 	/usr/lib/system/libcompiler_rt.dylib
0x000000001f2fc000 	/usr/lib/system/libcopyfile.dylib
0x000000001f2fc000 	/usr/lib/system/libcorecrypto.dylib
0x000000001f2fc000 	/usr/lib/system/libdispatch.dylib
0x000000001f2fc000 	/usr/lib/system/libdyld.dylib
0x000000001f2fc000 	/usr/lib/system/libkeymgr.dylib
0x000000001f2fc000 	/usr/lib/system/liblaunch.dylib
0x000000001f2fc000 	/usr/lib/system/libmacho.dylib
0x000000001f2fc000 	/usr/lib/system/libquarantine.dylib
0x000000001f2fc000 	/usr/lib/system/libremovefile.dylib
0x000000001f2fc000 	/usr/lib/system/libsystem_asl.dylib
0x000000001f2fc000 	/usr/lib/system/libsystem_blocks.dylib
0x000000001f2fc000 	/usr/lib/system/libsystem_c.dylib
0x000000001f2fc000 	/usr/lib/system/libsystem_configuration.dylib
0x000000001f2fc000 	/usr/lib/system/libsystem_coreservices.dylib
0x000000001f2fc000 	/usr/lib/system/libsystem_darwin.dylib
0x000000001f2fc000 	/usr/lib/system/libsystem_dnssd.dylib
0x000000001f2fc000 	/usr/lib/system/libsystem_info.dylib
0x000000001f2fc000 	/usr/lib/system/libsystem_m.dylib
0x000000001f2fc000 	/usr/lib/system/libsystem_malloc.dylib
0x000000001f2fc000 	/usr/lib/system/libsystem_network.dylib
0x000000001f2fc000 	/usr/lib/system/libsystem_networkextension.dylib
0x000000001f2fc000 	/usr/lib/system/libsystem_notify.dylib
0x000000001f2fc000 	/usr/lib/system/libsystem_sandbox.dylib
0x000000001f2fc000 	/usr/lib/system/libsystem_secinit.dylib
0x000000001f2fc000 	/usr/lib/system/libsystem_kernel.dylib
0x000000001f2fc000 	/usr/lib/system/libsystem_platform.dylib
0x000000001f2fc000 	/usr/lib/system/libsystem_pthread.dylib
0x000000001f2fc000 	/usr/lib/system/libsystem_symptoms.dylib
0x000000001f2fc000 	/usr/lib/system/libsystem_trace.dylib
0x000000001f2fc000 	/usr/lib/system/libunwind.dylib
0x000000001f2fc000 	/usr/lib/system/libxpc.dylib
0x000000001f2fc000 	/usr/lib/closure/libclosured.dylib
0x000000001f2fc000 	/usr/lib/libbsm.0.dylib
0x000000001f2fc000 	/usr/lib/system/libkxld.dylib
0x000000001f2fc000 	/usr/lib/libOpenScriptingUtil.dylib
0x000000001f2fc000 	/usr/lib/libcoretls.dylib
0x000000001f2fc000 	/usr/lib/libcoretls_cfhelpers.dylib
0x000000001f2fc000 	/usr/lib/libpam.2.dylib
0x000000001f2fc000 	/usr/lib/libsqlite3.dylib
0x000000001f2fc000 	/usr/lib/libxar.1.dylib
0x000000001f2fc000 	/usr/lib/libbz2.1.0.dylib
0x000000001f2fc000 	/usr/lib/liblzma.5.dylib
0x000000001f2fc000 	/usr/lib/libnetwork.dylib
0x000000001f2fc000 	/usr/lib/libapple_nghttp2.dylib
0x000000001f2fc000 	/usr/lib/libpcap.A.dylib
0x000000001f2fc000 	/usr/lib/libboringssl.dylib
0x000000001f2fc000 	/usr/lib/libusrtcp.dylib
0x000000001f2fc000 	/usr/lib/libapple_crypto.dylib
0x000000001f2fc000 	/System/Library/Frameworks/CoreServices.framework/Versions/A/Frameworks/FSEvents.framework/Versions/A/FSEvents
0x000000001f2fc000 	/System/Library/Frameworks/CoreServices.framework/Versions/A/Frameworks/CarbonCore.framework/Versions/A/CarbonCore
0x000000001f2fc000 	/System/Library/Frameworks/CoreServices.framework/Versions/A/Frameworks/Metadata.framework/Versions/A/Metadata
0x000000001f2fc000 	/System/Library/Frameworks/CoreServices.framework/Versions/A/Frameworks/OSServices.framework/Versions/A/OSServices
0x000000001f2fc000 	/System/Library/Frameworks/CoreServices.framework/Versions/A/Frameworks/SearchKit.framework/Versions/A/SearchKit
0x000000001f2fc000 	/System/Library/Frameworks/CoreServices.framework/Versions/A/Frameworks/AE.framework/Versions/A/AE
0x000000001f2fc000 	/System/Library/Frameworks/CoreServices.framework/Versions/A/Frameworks/LaunchServices.framework/Versions/A/LaunchServices
0x000000001f2fc000 	/System/Library/Frameworks/CoreServices.framework/Versions/A/Frameworks/DictionaryServices.framework/Versions/A/DictionaryServices
0x000000001f2fc000 	/System/Library/Frameworks/CoreServices.framework/Versions/A/Frameworks/SharedFileList.framework/Versions/A/SharedFileList
0x000000001f2fc000 	/System/Library/Frameworks/NetFS.framework/Versions/A/NetFS
0x000000001f2fc000 	/System/Library/PrivateFrameworks/NetAuth.framework/Versions/A/NetAuth
0x000000001f2fc000 	/System/Library/PrivateFrameworks/login.framework/Versions/A/Frameworks/loginsupport.framework/Versions/A/loginsupport
0x000000001f2fc000 	/System/Library/PrivateFrameworks/TCC.framework/Versions/A/TCC
0x000000001f2fc000 	/usr/lib/libmecabra.dylib
0x000000001f2fc000 	/System/Library/Frameworks/ApplicationServices.framework/Versions/A/Frameworks/ATS.framework/Versions/A/ATS
0x000000001f2fc000 	/System/Library/Frameworks/ApplicationServices.framework/Versions/A/Frameworks/ColorSyncLegacy.framework/Versions/A/ColorSyncLegacy
0x000000001f2fc000 	/System/Library/Frameworks/ApplicationServices.framework/Versions/A/Frameworks/HIServices.framework/Versions/A/HIServices
0x000000001f2fc000 	/System/Library/Frameworks/ApplicationServices.framework/Versions/A/Frameworks/LangAnalysis.framework/Versions/A/LangAnalysis
0x000000001f2fc000 	/System/Library/Frameworks/ApplicationServices.framework/Versions/A/Frameworks/PrintCore.framework/Versions/A/PrintCore
0x000000001f2fc000 	/System/Library/Frameworks/ApplicationServices.framework/Versions/A/Frameworks/QD.framework/Versions/A/QD
0x000000001f2fc000 	/System/Library/Frameworks/ApplicationServices.framework/Versions/A/Frameworks/SpeechSynthesis.framework/Versions/A/SpeechSynthesis
0x000000001f2fc000 	/System/Library/Frameworks/CoreDisplay.framework/Versions/A/CoreDisplay
0x000000001f2fc000 	/System/Library/Frameworks/Accelerate.framework/Versions/A/Frameworks/vImage.framework/Versions/A/vImage
0x000000001f2fc000 	/System/Library/Frameworks/Accelerate.framework/Versions/A/Frameworks/vecLib.framework/Versions/A/vecLib
0x000000001f2fc000 	/System/Library/Frameworks/Accelerate.framework/Versions/A/Frameworks/vecLib.framework/Versions/A/libvDSP.dylib
0x000000001f2fc000 	/System/Library/Frameworks/Accelerate.framework/Versions/A/Frameworks/vecLib.framework/Versions/A/libBNNS.dylib
0x000000001f2fc000 	/System/Library/Frameworks/Accelerate.framework/Versions/A/Frameworks/vecLib.framework/Versions/A/libQuadrature.dylib
0x000000001f2fc000 	/System/Library/Frameworks/Accelerate.framework/Versions/A/Frameworks/vecLib.framework/Versions/A/libvMisc.dylib
0x000000001f2fc000 	/System/Library/Frameworks/Accelerate.framework/Versions/A/Frameworks/vecLib.framework/Versions/A/libLAPACK.dylib
0x000000001f2fc000 	/System/Library/Frameworks/Accelerate.framework/Versions/A/Frameworks/vecLib.framework/Versions/A/libBLAS.dylib
0x000000001f2fc000 	/System/Library/Frameworks/Accelerate.framework/Versions/A/Frameworks/vecLib.framework/Versions/A/libLinearAlgebra.dylib
0x000000001f2fc000 	/System/Library/Frameworks/Accelerate.framework/Versions/A/Frameworks/vecLib.framework/Versions/A/libSparse.dylib
0x000000001f2fc000 	/System/Library/Frameworks/Accelerate.framework/Versions/A/Frameworks/vecLib.framework/Versions/A/libSparseBLAS.dylib
0x000000001f2fc000 	/System/Library/PrivateFrameworks/GPUWrangler.framework/Versions/A/GPUWrangler
0x000000001f2fc000 	/System/Library/PrivateFrameworks/IOAccelerator.framework/Versions/A/IOAccelerator
0x000000001f2fc000 	/System/Library/PrivateFrameworks/IOPresentment.framework/Versions/A/IOPresentment
0x000000001f2fc000 	/System/Library/PrivateFrameworks/DSExternalDisplay.framework/Versions/A/DSExternalDisplay
0x000000001f2fc000 	/System/Library/Frameworks/OpenGL.framework/Versions/A/Libraries/libCoreFSCache.dylib
0x000000001f2fc000 	/System/Library/Frameworks/CoreVideo.framework/Versions/A/CoreVideo
0x000000001f2fc000 	/System/Library/PrivateFrameworks/GraphVisualizer.framework/Versions/A/GraphVisualizer
0x000000001f2fc000 	/System/Library/Frameworks/MetalPerformanceShaders.framework/Versions/A/MetalPerformanceShaders
0x000000001f2fc000 	/usr/lib/libFosl_dynamic.dylib
0x000000001f2fc000 	/System/Library/PrivateFrameworks/FaceCore.framework/Versions/A/FaceCore
0x000000001f2fc000 	/System/Library/Frameworks/OpenCL.framework/Versions/A/OpenCL
0x000000001f2fc000 	/usr/lib/libcompression.dylib
0x000000001f2fc000 	/System/Library/Frameworks/ApplicationServices.framework/Versions/A/Frameworks/ATS.framework/Versions/A/Resources/libFontParser.dylib
0x000000001f2fc000 	/System/Library/Frameworks/ApplicationServices.framework/Versions/A/Frameworks/ATS.framework/Versions/A/Resources/libFontRegistry.dylib
0x000000001f2fc000 	/System/Library/Frameworks/ImageIO.framework/Versions/A/Resources/libJPEG.dylib
0x000000001f2fc000 	/System/Library/Frameworks/ImageIO.framework/Versions/A/Resources/libTIFF.dylib
0x000000001f2fc000 	/System/Library/Frameworks/ImageIO.framework/Versions/A/Resources/libPng.dylib
0x000000001f2fc000 	/System/Library/Frameworks/ImageIO.framework/Versions/A/Resources/libGIF.dylib
0x000000001f2fc000 	/System/Library/Frameworks/ImageIO.framework/Versions/A/Resources/libJP2.dylib
0x000000001f2fc000 	/System/Library/Frameworks/ImageIO.framework/Versions/A/Resources/libRadiance.dylib
0x000000001f2fc000 	/System/Library/PrivateFrameworks/AppleJPEG.framework/Versions/A/AppleJPEG
0x000000001f2fc000 	/System/Library/Frameworks/MetalPerformanceShaders.framework/Frameworks/MPSCore.framework/Versions/A/MPSCore
0x000000001f2fc000 	/System/Library/Frameworks/MetalPerformanceShaders.framework/Frameworks/MPSImage.framework/Versions/A/MPSImage
0x000000001f2fc000 	/System/Library/Frameworks/MetalPerformanceShaders.framework/Frameworks/MPSNeuralNetwork.framework/Versions/A/MPSNeuralNetwork
0x000000001f2fc000 	/System/Library/Frameworks/MetalPerformanceShaders.framework/Frameworks/MPSMatrix.framework/Versions/A/MPSMatrix
0x000000001f2fc000 	/System/Library/PrivateFrameworks/MetalTools.framework/Versions/A/MetalTools
0x000000001f2fc000 	/System/Library/Frameworks/OpenGL.framework/Versions/A/Libraries/libGLU.dylib
0x000000001f2fc000 	/System/Library/Frameworks/OpenGL.framework/Versions/A/Libraries/libGFXShared.dylib
0x000000001f2fc000 	/System/Library/Frameworks/OpenGL.framework/Versions/A/Libraries/libGL.dylib
0x000000001f2fc000 	/System/Library/Frameworks/OpenGL.framework/Versions/A/Libraries/libGLImage.dylib
0x000000001f2fc000 	/System/Library/Frameworks/OpenGL.framework/Versions/A/Libraries/libCVMSPluginSupport.dylib
0x000000001f2fc000 	/System/Library/Frameworks/OpenGL.framework/Versions/A/Libraries/libCoreVMClient.dylib
0x000000001f2fc000 	/usr/lib/libcups.2.dylib
0x000000001f2fc000 	/System/Library/Frameworks/Kerberos.framework/Versions/A/Kerberos
0x000000001f2fc000 	/System/Library/Frameworks/GSS.framework/Versions/A/GSS
0x000000001f2fc000 	/usr/lib/libresolv.9.dylib
0x000000001f2fc000 	/usr/lib/libiconv.2.dylib
0x000000001f2fc000 	/System/Library/PrivateFrameworks/Heimdal.framework/Versions/A/Heimdal
0x000000001f2fc000 	/usr/lib/libheimdal-asn1.dylib
0x000000001f2fc000 	/System/Library/Frameworks/OpenDirectory.framework/Versions/A/OpenDirectory
0x000000001f2fc000 	/System/Library/PrivateFrameworks/CommonAuth.framework/Versions/A/CommonAuth
0x000000001f2fc000 	/System/Library/Frameworks/OpenDirectory.framework/Versions/A/Frameworks/CFOpenDirectory.framework/Versions/A/CFOpenDirectory
0x000000001f2fc000 	/System/Library/Frameworks/SecurityFoundation.framework/Versions/A/SecurityFoundation
0x000000001f2fc000 	/System/Library/PrivateFrameworks/APFS.framework/Versions/A/APFS
0x000000001f2fc000 	/usr/lib/libutil.dylib
0x000000001f2fc000 	/System/Library/PrivateFrameworks/AppleSauce.framework/Versions/A/AppleSauce
0x000000001f2fc000 	/System/Library/PrivateFrameworks/LinguisticData.framework/Versions/A/LinguisticData
0x000000001f2fc000 	/usr/lib/libmarisa.dylib
0x000000001f2fc000 	/System/Library/PrivateFrameworks/Lexicon.framework/Versions/A/Lexicon
0x000000001f2fc000 	/usr/lib/libChineseTokenizer.dylib
0x000000001f2fc000 	/usr/lib/libcmph.dylib
0x000000001f2fc000 	/System/Library/PrivateFrameworks/LanguageModeling.framework/Versions/A/LanguageModeling
0x000000001f2fc000 	/System/Library/PrivateFrameworks/CoreEmoji.framework/Versions/A/CoreEmoji
0x000000001f2fc000 	/System/Library/Frameworks/ServiceManagement.framework/Versions/A/ServiceManagement
0x000000001f2fc000 	/System/Library/PrivateFrameworks/BackgroundTaskManagement.framework/Versions/A/BackgroundTaskManagement
0x000000001f2fc000 	/usr/lib/libxslt.1.dylib
0x000000001f2fc000 	/System/Library/Frameworks/Carbon.framework/Versions/A/Frameworks/Ink.framework/Versions/A/Ink
0x000000001f2fc000 	/System/Library/PrivateFrameworks/TextureIO.framework/Versions/A/TextureIO
0x000000001f2fc000 	/usr/lib/libate.dylib
0x000000001f2fc000 	/System/Library/PrivateFrameworks/CrashReporterSupport.framework/Versions/A/CrashReporterSupport
0x000000001f2fc000 	/System/Library/PrivateFrameworks/Sharing.framework/Versions/A/Sharing
0x000000001f2fc000 	/System/Library/PrivateFrameworks/IconServices.framework/Versions/A/IconServices
0x000000001f2fc000 	/System/Library/PrivateFrameworks/AuthKit.framework/Versions/A/AuthKit
0x000000001f2fc000 	/System/Library/PrivateFrameworks/Apple80211.framework/Versions/A/Apple80211
0x000000001f2fc000 	/System/Library/PrivateFrameworks/CoreUtils.framework/Versions/A/CoreUtils
0x000000001f2fc000 	/System/Library/Frameworks/CoreWLAN.framework/Versions/A/CoreWLAN
0x000000001f2fc000 	/System/Library/Frameworks/IOBluetooth.framework/Versions/A/IOBluetooth
0x000000001f2fc000 	/System/Library/PrivateFrameworks/ProtocolBuffer.framework/Versions/A/ProtocolBuffer
0x000000001f2fc000 	/System/Library/PrivateFrameworks/MobileKeyBag.framework/Versions/A/MobileKeyBag
0x000000001f2fc000 	/System/Library/PrivateFrameworks/CorePhoneNumbers.framework/Versions/A/CorePhoneNumbers
0x000000001f2fc000 	/System/Library/PrivateFrameworks/AppleIDAuthSupport.framework/Versions/A/AppleIDAuthSupport
0x000000001f2fc000 	/System/Library/PrivateFrameworks/KeychainCircle.framework/Versions/A/KeychainCircle
0x000000001f2fc000 	/System/Library/PrivateFrameworks/CoreWiFi.framework/Versions/A/CoreWiFi
0x000000001f2fc000 	/System/Library/Frameworks/CoreBluetooth.framework/Versions/A/CoreBluetooth
0x000000001f2fc000 	/System/Library/PrivateFrameworks/DebugSymbols.framework/Versions/A/DebugSymbols
0x000000001f2fc000 	/System/Library/PrivateFrameworks/CoreSymbolication.framework/Versions/A/CoreSymbolication
0x000000001f2fc000 	/System/Library/PrivateFrameworks/Symbolication.framework/Versions/A/Symbolication
0x000000001f2fc000 	/System/Library/PrivateFrameworks/AppleFSCompression.framework/Versions/A/AppleFSCompression
0x000000001f2fc000 	/System/Library/PrivateFrameworks/SpeechRecognitionCore.framework/Versions/A/SpeechRecognitionCore
0x000000010c800000 	/Library/Java/JavaVirtualMachines/jdk1.8.0_161.jdk/Contents/Home/jre/lib/server/libjvm.dylib
0x000000001f2fc000 	/usr/lib/libstdc++.6.0.9.dylib
0x000000010b799000 	/Library/Java/JavaVirtualMachines/jdk1.8.0_161.jdk/Contents/Home/jre/lib/libverify.dylib
0x000000010b7a7000 	/Library/Java/JavaVirtualMachines/jdk1.8.0_161.jdk/Contents/Home/jre/lib/libjava.dylib
0x000000010b7e7000 	/Library/Java/JavaVirtualMachines/jdk1.8.0_161.jdk/Contents/Home/jre/lib/libzip.dylib
0x000000012adb5000 	/private/var/folders/k0/15vs_byd1cdd6nv9xqkw7trm0000gp/T/CppRDFox7769180850605194558.dylib

VM Arguments:
jvm_args: -Dfile.encoding=UTF-8 
java_command: launcher.Launcher
java_class_path (initial): /Library/Java/JavaVirtualMachines/jdk1.8.0_161.jdk/Contents/Home/jre/lib/resources.jar:/Library/Java/JavaVirtualMachines/jdk1.8.0_161.jdk/Contents/Home/jre/lib/rt.jar:/Library/Java/JavaVirtualMachines/jdk1.8.0_161.jdk/Contents/Home/jre/lib/jsse.jar:/Library/Java/JavaVirtualMachines/jdk1.8.0_161.jdk/Contents/Home/jre/lib/jce.jar:/Library/Java/JavaVirtualMachines/jdk1.8.0_161.jdk/Contents/Home/jre/lib/charsets.jar:/Library/Java/JavaVirtualMachines/jdk1.8.0_161.jdk/Contents/Home/jre/lib/jfr.jar:/Library/Java/JavaVirtualMachines/jdk1.8.0_161.jdk/Contents/Home/jre/lib/ext/sunec.jar:/Library/Java/JavaVirtualMachines/jdk1.8.0_161.jdk/Contents/Home/jre/lib/ext/nashorn.jar:/Library/Java/JavaVirtualMachines/jdk1.8.0_161.jdk/Contents/Home/jre/lib/ext/cldrdata.jar:/Library/Java/JavaVirtualMachines/jdk1.8.0_161.jdk/Contents/Home/jre/lib/ext/jfxrt.jar:/Library/Java/JavaVirtualMachines/jdk1.8.0_161.jdk/Contents/Home/jre/lib/ext/dnsns.jar:/Library/Java/JavaVirtualMachines/jdk1.8.0_161.jdk/Contents/Home/jre/lib/ext/localedata.jar:/Library/Java/JavaVirtualMachines/jdk1.8.0_161.jdk/Contents/Home/jre/lib/ext/sunjce_provider.jar:/Library/Java/JavaVirtualMachines/jdk1.8.0_161.jdk/Contents/Home/jre/lib/ext/sunpkcs11.jar:/Library/Java/JavaVirtualMachines/jdk1.8.0_161.jdk/Contents/Home/jre/lib/ext/jaccess.jar:/Library/Java/JavaVirtualMachines/jdk1.8.0_161.jdk/Contents/Home/jre/lib/ext/zipfs.jar:/System/Library/Java/Extensions/MRJToolkit.jar:/Users/carralma/Desktop/velox-evalution/code/Velox/Velox/target/classes:/Users/carralma/Desktop/velox-evalution/code/Velox/Velox/Libraries/JRDFox.jar:/Users/carralma/.m2/repository/net/sourceforge/owlapi/owlapi-distribution/5.1.7/owlapi-distribution-5.1.7.jar:/Users/carralma/.m2/repository/net/sourceforge/owlapi/owlapi-compatibility/5.1.7/owlapi-compatibility-5.1.7.jar:/Users/carralma/.m2/repository/net/sourceforge/owlapi/owlapi-apibinding/5.1.7/owlapi-apibinding-5.1.7.jar:/Users/carralma/.m2/repository/net/sourceforge/owlapi
Launcher Type: SUN_STANDARD

Environment Variables:
PATH=/usr/bin:/bin:/usr/sbin:/sbin
SHELL=/bin/bash
DISPLAY=/private/tmp/com.apple.launchd.XiXb8OmcGF/org.macosforge.xquartz:0

Signal Handlers:
SIGSEGV: [libjvm.dylib+0x5b5439], sa_mask[0]=11111111011111110111111111111111, sa_flags=SA_ONSTACK|SA_RESTART|SA_SIGINFO
SIGBUS: [libjvm.dylib+0x5b5439], sa_mask[0]=11111111011111110111111111111111, sa_flags=SA_RESTART|SA_SIGINFO
SIGFPE: [libjvm.dylib+0x48ae24], sa_mask[0]=11111111011111110111111111111111, sa_flags=SA_RESTART|SA_SIGINFO
SIGPIPE: [libjvm.dylib+0x48ae24], sa_mask[0]=11111111011111110111111111111111, sa_flags=SA_RESTART|SA_SIGINFO
SIGXFSZ: [libjvm.dylib+0x48ae24], sa_mask[0]=11111111011111110111111111111111, sa_flags=SA_RESTART|SA_SIGINFO
SIGILL: [libjvm.dylib+0x48ae24], sa_mask[0]=11111111011111110111111111111111, sa_flags=SA_RESTART|SA_SIGINFO
SIGUSR1: SIG_DFL, sa_mask[0]=00000000000000000000000000000000, sa_flags=none
SIGUSR2: [libjvm.dylib+0x48a942], sa_mask[0]=00100000000000000000000000000000, sa_flags=SA_RESTART|SA_SIGINFO
SIGHUP: [libjvm.dylib+0x488f0d], sa_mask[0]=11111111011111110111111111111111, sa_flags=SA_RESTART|SA_SIGINFO
SIGINT: [libjvm.dylib+0x488f0d], sa_mask[0]=11111111011111110111111111111111, sa_flags=SA_RESTART|SA_SIGINFO
SIGTERM: [libjvm.dylib+0x488f0d], sa_mask[0]=11111111011111110111111111111111, sa_flags=SA_RESTART|SA_SIGINFO
SIGQUIT: [libjvm.dylib+0x488f0d], sa_mask[0]=11111111011111110111111111111111, sa_flags=SA_RESTART|SA_SIGINFO


---------------  S Y S T E M  ---------------

OS:Bsduname:Darwin 17.7.0 Darwin Kernel Version 17.7.0: Thu Jun 21 22:53:14 PDT 2018; root:xnu-4570.71.2~1/RELEASE_X86_64 x86_64
rlimit: STACK 8192k, CORE 0k, NPROC 1418, NOFILE 10240, AS infinity
load average:2.72 2.11 1.93

CPU:total 8 (initial active 8) (4 cores per cpu, 2 threads per core) family 6 model 70 stepping 1, cmov, cx8, fxsr, mmx, sse, sse2, sse3, ssse3, sse4.1, sse4.2, popcnt, avx, avx2, aes, clmul, erms, lzcnt, ht, tsc, tscinvbit, bmi1, bmi2

Memory: 4k page, physical 16777216k(1487588k free)

/proc/meminfo:


vm_info: Java HotSpot(TM) 64-Bit Server VM (25.161-b12) for bsd-amd64 JRE (1.8.0_161-b12), built on Dec 19 2017 16:22:20 by "java_re" with gcc 4.2.1 (Based on Apple Inc. build 5658) (LLVM build 2336.11.00)

time: Wed Sep 19 15:20:30 2018
elapsed time: 1 seconds (0d 0h 0m 1s)

