#
# A fatal error has been detected by the Java Runtime Environment:
#
#  SIGSEGV (0xb) at pc=0x000000011105f9f0, pid=56693, tid=0x000000000000a203
#
# JRE version: Java(TM) SE Runtime Environment (8.0_161-b12) (build 1.8.0_161-b12)
# Java VM: Java HotSpot(TM) 64-Bit Server VM (25.161-b12 mixed mode bsd-amd64 compressed oops)
# Problematic frame:
# C  [CppRDFox3516092778582587858.dylib+0x17d9f0]  std::__1::unordered_map<SmartPointer<_Rule const>, std::__1::unique_ptr<RuleInfo, std::__1::default_delete<RuleInfo> >, std::__1::hash<SmartPointer<_Rule const> >, std::__1::equal_to<SmartPointer<_Rule const> >, std::__1::allocator<std::__1::pair<SmartPointer<_Rule const> const, std::__1::unique_ptr<RuleInfo, std::__1::default_delete<RuleInfo> > > > >::operator[](SmartPointer<_Rule const> const&)+0x50
#
# Failed to write core dump. Core dumps have been disabled. To enable core dumping, try "ulimit -c unlimited" before starting Java again
#
# If you would like to submit a bug report, please visit:
#   http://bugreport.java.com/bugreport/crash.jsp
# The crash happened outside the Java Virtual Machine in native code.
# See problematic frame for where to report the bug.
#

---------------  T H R E A D  ---------------

Current thread (0x00007fc2a000d000):  JavaThread "ForkJoinPool.commonPool-worker-6" daemon [_thread_in_native, id=41475, stack(0x000070001064a000,0x000070001074a000)]

siginfo: si_signo: 11 (SIGSEGV), si_code: 0 (unknown), si_addr: 0x0000000000000000

Registers:
RAX=0x00007fc29d972280, RBX=0x0000000000000004, RCX=0x0000000000000000, RDX=0x0000000000000000
RSP=0x0000700010748b90, RBP=0x0000700010748bc0, RSI=0x5000000000000000, RDI=0x0000000000000005
R8 =0x0000000000000004, R9 =0x00007fc29d80a380, R10=0x0000000000000000, R11=0x00007fc29d800000
R12=0x0000700010748c88, R13=0x0000700010748cd8, R14=0x0000700010748cd8, R15=0x00007fc29e3e35b8
RIP=0x000000011105f9f0, EFLAGS=0x0000000000010206, ERR=0x0000000000000000
  TRAPNO=0x000000000000000d

Top of Stack: (sp=0x0000700010748b90)
0x0000700010748b90:   0000700010748bc0 00007fc29d972180
0x0000700010748ba0:   0000700010748c88 00007fc29d972180
0x0000700010748bb0:   0000700010748c84 00007fc29e3e3230
0x0000700010748bc0:   0000700010748cc0 0000000111057725
0x0000700010748bd0:   0000000108ada080 00007fc29d800000
0x0000700010748be0:   0000700010748c40 00007fff6ee99256
0x0000700010748bf0:   00007fc29d80a4b0 00007fc29d800000
0x0000700010748c00:   0000000000000a00 0000000000000001
0x0000700010748c10:   00007fc29d809cd0 00007fc29d8007e0
0x0000700010748c20:   0000700010748c88 00007fc29bd285c8
0x0000700010748c30:   0000700010748ce0 00007fc29e3e3290
0x0000700010748c40:   0000700010748cc0 00007fc29e3e3250
0x0000700010748c50:   0000700010748cd8 0000000000000000
0x0000700010748c60:   0000000100000000 00000005c327c000
0x0000700010748c70:   00007fc29e3e2430 00007fc29e3e3298
0x0000700010748c80:   0000000f9d8007e8 0000000f0000000f
0x0000700010748c90:   00007fc29d80a380 00007fc29db849c0
0x0000700010748ca0:   00007fc29e3e2401 00007fc29d80a380
0x0000700010748cb0:   00007fc29e3e3230 0000000000000000
0x0000700010748cc0:   0000700010748d10 000000011105b943
0x0000700010748cd0:   0000000108ade800 00007fc29d80a380
0x0000700010748ce0:   00007fc29d80a380 00007fc29bd2a8a8
0x0000700010748cf0:   00007fc29e3e2401 0000000000000001
0x0000700010748d00:   0000700010748f90 00007fc29e3e3210
0x0000700010748d10:   0000700010748d50 000000011102ba89
0x0000700010748d20:   00007fc29e3e3230 00007fc29bd284f0
0x0000700010748d30:   00007fc29e3e2400 0000700010749030
0x0000700010748d40:   00007fc2a000d1f8 0000700010748e78
0x0000700010748d50:   0000700010749080 0000000110f8c34b
0x0000700010748d60:   000000011188d9f0 000000011188d918
0x0000700010748d70:   000000011188d940 0000000000000001
0x0000700010748d80:   00007fc29e3e2400 0000000000000001 

Instructions: (pc=0x000000011105f9f0)
0x000000011105f9d0:   d2 48 89 c8 48 f7 f7 48 89 d1 eb 03 4c 21 c1 49
0x000000011105f9e0:   8b 07 48 8b 34 c8 48 85 f6 74 3a 0f 1f 44 00 00
0x000000011105f9f0:   48 8b 36 48 85 f6 74 2d 48 85 db 48 8b 46 08 75
0x000000011105fa00:   0f 4c 21 c0 eb 12 66 2e 0f 1f 84 00 00 00 00 00 

Register to memory mapping:

RAX=0x00007fc29d972280 is an unknown value
RBX=0x0000000000000004 is an unknown value
RCX=0x0000000000000000 is an unknown value
RDX=0x0000000000000000 is an unknown value
RSP=0x0000700010748b90 is pointing into the stack for thread: 0x00007fc2a000d000
RBP=0x0000700010748bc0 is pointing into the stack for thread: 0x00007fc2a000d000
RSI=0x5000000000000000 is an unknown value
RDI=0x0000000000000005 is an unknown value
R8 =0x0000000000000004 is an unknown value
R9 =0x00007fc29d80a380 is an unknown value
R10=0x0000000000000000 is an unknown value
R11=0x00007fc29d800000 is an unknown value
R12=0x0000700010748c88 is pointing into the stack for thread: 0x00007fc2a000d000
R13=0x0000700010748cd8 is pointing into the stack for thread: 0x00007fc2a000d000
R14=0x0000700010748cd8 is pointing into the stack for thread: 0x00007fc2a000d000
R15=0x00007fc29e3e35b8 is an unknown value


Stack: [0x000070001064a000,0x000070001074a000],  sp=0x0000700010748b90,  free space=1018k
Native frames: (J=compiled Java code, j=interpreted, Vv=VM code, C=native code)
C  [CppRDFox3516092778582587858.dylib+0x17d9f0]  std::__1::unordered_map<SmartPointer<_Rule const>, std::__1::unique_ptr<RuleInfo, std::__1::default_delete<RuleInfo> >, std::__1::hash<SmartPointer<_Rule const> >, std::__1::equal_to<SmartPointer<_Rule const> >, std::__1::allocator<std::__1::pair<SmartPointer<_Rule const> const, std::__1::unique_ptr<RuleInfo, std::__1::default_delete<RuleInfo> > > > >::operator[](SmartPointer<_Rule const> const&)+0x50
C  [CppRDFox3516092778582587858.dylib+0x175725]  RuleIndex::addRuleInfo(SmartPointer<_Rule const> const&, bool, bool, bool, bool)+0x325
C  [CppRDFox3516092778582587858.dylib+0x179943]  RuleIndex::addRule(unsigned long, unsigned long long const*, SmartPointer<_Rule const> const&, bool)+0xd3
C  [CppRDFox3516092778582587858.dylib+0x149a89]  DatalogEngine::addRules(std::__1::vector<SmartPointer<_Rule const>, std::__1::allocator<SmartPointer<_Rule const> > > const&)+0x59
C  [CppRDFox3516092778582587858.dylib+0xaa34b]  Java_uk_ac_ox_cs_JRDFox_store_DataStore_nAddRules+0xe0b
j  uk.ac.ox.cs.JRDFox.store.DataStore.nAddRules(J[Ljava/lang/String;IZ[Ljava/lang/String;)V+0
j  uk.ac.ox.cs.JRDFox.store.DataStore.importRules(Ljava/lang/String;Luk/ac/ox/cs/JRDFox/store/DataStore$UpdateType;ZLuk/ac/ox/cs/JRDFox/Prefixes;)V+30
j  uk.ac.ox.cs.JRDFox.store.DataStore.importRules(Ljava/lang/String;Luk/ac/ox/cs/JRDFox/store/DataStore$UpdateType;Luk/ac/ox/cs/JRDFox/Prefixes;)V+5
j  uk.ac.ox.cs.JRDFox.store.DataStore.importRules(Ljava/lang/String;Luk/ac/ox/cs/JRDFox/store/DataStore$UpdateType;)V+10
j  uk.ac.ox.cs.JRDFox.store.DataStore.importRules(Ljava/lang/String;)V+5
j  velox.StoreInitializer.transformAxiomToRule(Luk/ac/ox/cs/JRDFox/store/DataStore;Lorg/semanticweb/owlapi/model/OWLAxiom;)Ljava/lang/Object;+583
j  velox.StoreInitializer.lambda$0(Luk/ac/ox/cs/JRDFox/store/DataStore;Lorg/semanticweb/owlapi/model/OWLAxiom;)V+3
j  velox.StoreInitializer$$Lambda$208.accept(Ljava/lang/Object;)V+12
j  java.util.stream.ForEachOps$ForEachOp$OfRef.accept(Ljava/lang/Object;)V+5
j  java.util.ArrayList$ArrayListSpliterator.forEachRemaining(Ljava/util/function/Consumer;)V+99
j  java.util.stream.AbstractPipeline.copyInto(Ljava/util/stream/Sink;Ljava/util/Spliterator;)V+32
j  java.util.stream.ForEachOps$ForEachTask.compute()V+103
j  java.util.concurrent.CountedCompleter.exec()Z+1
j  java.util.concurrent.ForkJoinTask.doExec()I+10
j  java.util.concurrent.ForkJoinPool$WorkQueue.runTask(Ljava/util/concurrent/ForkJoinTask;)V+21
j  java.util.concurrent.ForkJoinPool.runWorker(Ljava/util/concurrent/ForkJoinPool$WorkQueue;)V+35
j  java.util.concurrent.ForkJoinWorkerThread.run()V+24
v  ~StubRoutines::call_stub
V  [libjvm.dylib+0x2ef9aa]  JavaCalls::call_helper(JavaValue*, methodHandle*, JavaCallArguments*, Thread*)+0x6ae
V  [libjvm.dylib+0x2f014e]  JavaCalls::call_virtual(JavaValue*, KlassHandle, Symbol*, Symbol*, JavaCallArguments*, Thread*)+0x164
V  [libjvm.dylib+0x2f02fa]  JavaCalls::call_virtual(JavaValue*, Handle, KlassHandle, Symbol*, Symbol*, Thread*)+0x4a
V  [libjvm.dylib+0x34aae5]  thread_entry(JavaThread*, Thread*)+0x7c
V  [libjvm.dylib+0x56edef]  JavaThread::thread_main_inner()+0x9b
V  [libjvm.dylib+0x5704ea]  JavaThread::run()+0x1c2
V  [libjvm.dylib+0x48d83a]  java_start(Thread*)+0xf6
C  [libsystem_pthread.dylib+0x3661]  _pthread_body+0x154
C  [libsystem_pthread.dylib+0x350d]  _pthread_body+0x0
C  [libsystem_pthread.dylib+0x2bf9]  thread_start+0xd
C  0x0000000000000000

Java frames: (J=compiled Java code, j=interpreted, Vv=VM code)
j  uk.ac.ox.cs.JRDFox.store.DataStore.nAddRules(J[Ljava/lang/String;IZ[Ljava/lang/String;)V+0
j  uk.ac.ox.cs.JRDFox.store.DataStore.importRules(Ljava/lang/String;Luk/ac/ox/cs/JRDFox/store/DataStore$UpdateType;ZLuk/ac/ox/cs/JRDFox/Prefixes;)V+30
j  uk.ac.ox.cs.JRDFox.store.DataStore.importRules(Ljava/lang/String;Luk/ac/ox/cs/JRDFox/store/DataStore$UpdateType;Luk/ac/ox/cs/JRDFox/Prefixes;)V+5
j  uk.ac.ox.cs.JRDFox.store.DataStore.importRules(Ljava/lang/String;Luk/ac/ox/cs/JRDFox/store/DataStore$UpdateType;)V+10
j  uk.ac.ox.cs.JRDFox.store.DataStore.importRules(Ljava/lang/String;)V+5
j  velox.StoreInitializer.transformAxiomToRule(Luk/ac/ox/cs/JRDFox/store/DataStore;Lorg/semanticweb/owlapi/model/OWLAxiom;)Ljava/lang/Object;+583
j  velox.StoreInitializer.lambda$0(Luk/ac/ox/cs/JRDFox/store/DataStore;Lorg/semanticweb/owlapi/model/OWLAxiom;)V+3
j  velox.StoreInitializer$$Lambda$208.accept(Ljava/lang/Object;)V+12
j  java.util.stream.ForEachOps$ForEachOp$OfRef.accept(Ljava/lang/Object;)V+5
j  java.util.ArrayList$ArrayListSpliterator.forEachRemaining(Ljava/util/function/Consumer;)V+99
j  java.util.stream.AbstractPipeline.copyInto(Ljava/util/stream/Sink;Ljava/util/Spliterator;)V+32
j  java.util.stream.ForEachOps$ForEachTask.compute()V+103
j  java.util.concurrent.CountedCompleter.exec()Z+1
j  java.util.concurrent.ForkJoinTask.doExec()I+10
j  java.util.concurrent.ForkJoinPool$WorkQueue.runTask(Ljava/util/concurrent/ForkJoinTask;)V+21
j  java.util.concurrent.ForkJoinPool.runWorker(Ljava/util/concurrent/ForkJoinPool$WorkQueue;)V+35
j  java.util.concurrent.ForkJoinWorkerThread.run()V+24
v  ~StubRoutines::call_stub

---------------  P R O C E S S  ---------------

Java Threads: ( => current thread )
  0x00007fc29c0dd800 JavaThread "ForkJoinPool.commonPool-worker-7" daemon [_thread_blocked, id=24067, stack(0x000070001074d000,0x000070001084d000)]
=>0x00007fc2a000d000 JavaThread "ForkJoinPool.commonPool-worker-6" daemon [_thread_in_native, id=41475, stack(0x000070001064a000,0x000070001074a000)]
  0x00007fc29c025000 JavaThread "ForkJoinPool.commonPool-worker-5" daemon [_thread_in_Java, id=41731, stack(0x0000700010547000,0x0000700010647000)]
  0x00007fc29d07e800 JavaThread "ForkJoinPool.commonPool-worker-4" daemon [_thread_in_native, id=41987, stack(0x0000700010444000,0x0000700010544000)]
  0x00007fc29e3e4000 JavaThread "ForkJoinPool.commonPool-worker-3" daemon [_thread_in_native, id=22787, stack(0x0000700010341000,0x0000700010441000)]
  0x00007fc29f0c2000 JavaThread "ForkJoinPool.commonPool-worker-2" daemon [_thread_in_native, id=22275, stack(0x00007000100b5000,0x00007000101b5000)]
  0x00007fc29f8fc800 JavaThread "ForkJoinPool.commonPool-worker-1" daemon [_thread_blocked, id=43267, stack(0x000070000ffb2000,0x00007000100b2000)]
  0x00007fc29d019800 JavaThread "Service Thread" daemon [_thread_blocked, id=14339, stack(0x000070000fdac000,0x000070000feac000)]
  0x00007fc29e00d000 JavaThread "C1 CompilerThread3" daemon [_thread_in_native, id=15107, stack(0x000070000fca9000,0x000070000fda9000)]
  0x00007fc29e00c000 JavaThread "C2 CompilerThread2" daemon [_thread_blocked, id=15363, stack(0x000070000fba6000,0x000070000fca6000)]
  0x00007fc29e00b800 JavaThread "C2 CompilerThread1" daemon [_thread_in_native, id=15875, stack(0x000070000faa3000,0x000070000fba3000)]
  0x00007fc29e00a000 JavaThread "C2 CompilerThread0" daemon [_thread_in_native, id=16387, stack(0x000070000f9a0000,0x000070000faa0000)]
  0x00007fc29e008000 JavaThread "Signal Dispatcher" daemon [_thread_blocked, id=13571, stack(0x000070000f89d000,0x000070000f99d000)]
  0x00007fc29c844800 JavaThread "Finalizer" daemon [_thread_blocked, id=18947, stack(0x000070000f79a000,0x000070000f89a000)]
  0x00007fc29c841800 JavaThread "Reference Handler" daemon [_thread_blocked, id=12035, stack(0x000070000f697000,0x000070000f797000)]
  0x00007fc29e808800 JavaThread "main" [_thread_in_native, id=5891, stack(0x000070000ec79000,0x000070000ed79000)]

Other Threads:
  0x00007fc29c83d000 VMThread [stack: 0x000070000f594000,0x000070000f694000] [id=11523]
  0x00007fc29c00d800 WatcherThread [stack: 0x000070000feaf000,0x000070000ffaf000] [id=21763]

VM state:not at safepoint (normal execution)

VM Mutex/Monitor currently owned by a thread: None

Heap:
 PSYoungGen      total 76288K, used 56598K [0x000000076ab00000, 0x0000000770000000, 0x00000007c0000000)
  eden space 65536K, 86% used [0x000000076ab00000,0x000000076e2459e8,0x000000076eb00000)
  from space 10752K, 0% used [0x000000076f580000,0x000000076f580000,0x0000000770000000)
  to   space 10752K, 0% used [0x000000076eb00000,0x000000076eb00000,0x000000076f580000)
 ParOldGen       total 175104K, used 0K [0x00000006c0000000, 0x00000006cab00000, 0x000000076ab00000)
  object space 175104K, 0% used [0x00000006c0000000,0x00000006c0000000,0x00000006cab00000)
 Metaspace       used 13185K, capacity 13704K, committed 13824K, reserved 1060864K
  class space    used 1822K, capacity 1994K, committed 2048K, reserved 1048576K

Card table byte_map: [0x000000010af6e000,0x000000010b76f000] byte_map_base: 0x000000010796e000

Marking Bits: (ParMarkBitMap*) 0x000000010a4f76c0
 Begin Bits: [0x000000012123d000, 0x000000012523d000)
 End Bits:   [0x000000012523d000, 0x000000012923d000)

Polling page: 0x0000000108b42000

CodeCache: size=245760Kb used=3957Kb max_used=3969Kb free=241802Kb
 bounds [0x000000011223d000, 0x000000011262d000, 0x000000012123d000]
 total_blobs=1490 nmethods=1151 adapters=252
 compilation: enabled

Compilation events (10 events):
Event: 1.241 Thread 0x00007fc29e00d000 nmethod 1101 0x00000001125f74d0 code [0x00000001125f7740, 0x00000001125f8978]
Event: 1.241 Thread 0x00007fc29e00d000 1102       3       java.util.regex.ASCII::toDigit (12 bytes)
Event: 1.242 Thread 0x00007fc29e00d000 nmethod 1102 0x00000001125f3350 code [0x00000001125f34c0, 0x00000001125f3630]
Event: 1.242 Thread 0x00007fc29e00d000 1103       3       java.util.regex.Pattern::sequence (553 bytes)
Event: 1.245 Thread 0x00007fc29e00d000 nmethod 1103 0x00000001125f9090 code [0x00000001125f9600, 0x00000001125fc718]
Event: 1.245 Thread 0x00007fc29e00d000 1106       3       java.util.regex.Pattern::append (39 bytes)
Event: 1.245 Thread 0x00007fc29e00d000 nmethod 1106 0x00000001125f17d0 code [0x00000001125f1940, 0x00000001125f1c88]
Event: 1.245 Thread 0x00007fc29e00d000 1107       3       java.util.regex.ASCII::isAscii (13 bytes)
Event: 1.245 Thread 0x00007fc29e00d000 nmethod 1107 0x00000001125f1410 code [0x00000001125f1580, 0x00000001125f1710]
Event: 1.245 Thread 0x00007fc29e00d000 1110       3       java.lang.String::compareTo (78 bytes)

GC Heap History (0 events):
No events

Deoptimization events (9 events):
Event: 0.123 Thread 0x00007fc29e808800 Uncommon trap: reason=unstable_if action=reinterpret pc=0x00000001123563e8 method=java.lang.String.hashCode()I @ 14
Event: 0.273 Thread 0x00007fc29e808800 Uncommon trap: reason=unstable_if action=reinterpret pc=0x00000001123d3608 method=java.lang.String.indexOf([CII[CIII)I @ 134
Event: 0.488 Thread 0x00007fc29e808800 Uncommon trap: reason=unstable_if action=reinterpret pc=0x000000011244abd8 method=java.lang.String.indexOf([CII[CIII)I @ 3
Event: 0.545 Thread 0x00007fc29e808800 Uncommon trap: reason=unstable_if action=reinterpret pc=0x0000000112402680 method=java.lang.String.replace(CC)Ljava/lang/String; @ 26
Event: 0.655 Thread 0x00007fc29e808800 Uncommon trap: reason=range_check action=make_not_entrant pc=0x000000011250af08 method=sun.reflect.generics.parser.SignatureParser.current()C @ 34
Event: 0.835 Thread 0x00007fc29e808800 Uncommon trap: reason=unstable_if action=reinterpret pc=0x0000000112471544 method=sun.misc.MetaIndex.mayContain(Ljava/lang/String;)Z @ 38
Event: 0.922 Thread 0x00007fc29e808800 Uncommon trap: reason=unstable_if action=reinterpret pc=0x00000001125a3904 method=java.io.BufferedReader.read()I @ 19
Event: 0.933 Thread 0x00007fc29e808800 Uncommon trap: reason=unstable_if action=reinterpret pc=0x00000001125a6fc4 method=java.io.BufferedReader.read()I @ 19
Event: 0.946 Thread 0x00007fc29e808800 Uncommon trap: reason=unstable_if action=reinterpret pc=0x00000001125b9c38 method=org.semanticweb.owlapi.functional.parser.CustomTokenizer.readChar()C @ 75

Classes redefined (0 events):
No events

Internal exceptions (10 events):
Event: 0.803 Thread 0x00007fc29e808800 Exception <a 'java/lang/IncompatibleClassChangeError': Found class java.lang.Object, but interface was expected> (0x000000076d3a4bc8) thrown at [/Users/java_re/workspace/8-2-build-macosx-x86_64/jdk8u161/10277/hotspot/src/share/vm/interpreter/linkResolver.
Event: 0.803 Thread 0x00007fc29e808800 Exception <a 'java/lang/IncompatibleClassChangeError': Found class java.lang.Object, but interface was expected> (0x000000076d3abfe0) thrown at [/Users/java_re/workspace/8-2-build-macosx-x86_64/jdk8u161/10277/hotspot/src/share/vm/interpreter/linkResolver.
Event: 0.804 Thread 0x00007fc29e808800 Exception <a 'java/lang/IncompatibleClassChangeError': Found class java.lang.Object, but interface was expected> (0x000000076d3b3478) thrown at [/Users/java_re/workspace/8-2-build-macosx-x86_64/jdk8u161/10277/hotspot/src/share/vm/interpreter/linkResolver.
Event: 0.946 Thread 0x00007fc29e808800 Exception <a 'java/lang/IncompatibleClassChangeError': Found class java.lang.Object, but interface was expected> (0x000000076d9bfb88) thrown at [/Users/java_re/workspace/8-2-build-macosx-x86_64/jdk8u161/10277/hotspot/src/share/vm/interpreter/linkResolver.
Event: 0.948 Thread 0x00007fc29e808800 Exception <a 'java/lang/NoSuchMethodError': java.lang.Object.lambda$identity$2(Ljava/lang/Object;)Ljava/lang/Object;> (0x000000076d9ce360) thrown at [/Users/java_re/workspace/8-2-build-macosx-x86_64/jdk8u161/10277/hotspot/src/share/vm/interpreter/linkReso
Event: 0.949 Thread 0x00007fc29e808800 Exception <a 'java/lang/NoSuchMethodError': java.lang.Object.lambda$determineIllegalPunnings$0(Ljava/util/Collection;Lorg/semanticweb/owlapi/model/OWLEntity;)Z> (0x000000076d9e3000) thrown at [/Users/java_re/workspace/8-2-build-macosx-x86_64/jdk8u161/1027
Event: 0.949 Thread 0x00007fc29e808800 Exception <a 'java/lang/NoSuchMethodError': java.lang.Object.lambda$determineIllegalPunnings$1(Lcom/google/common/collect/Multimap;Lorg/semanticweb/owlapi/model/OWLEntity;)V> (0x000000076d9e6f70) thrown at [/Users/java_re/workspace/8-2-build-macosx-x86_64
Event: 0.952 Thread 0x00007fc29e808800 Exception <a 'java/lang/NoSuchMethodError': java.lang.Object.lambda$axioms$0(Lorg/semanticweb/owlapi/model/AxiomType;Lorg/semanticweb/owlapi/model/OWLOntology;)Ljava/util/stream/Stream;> (0x000000076da34d20) thrown at [/Users/java_re/workspace/8-2-build-m
Event: 1.245 Thread 0x00007fc29e3e4000 Exception <a 'uk/ac/ox/cs/JRDFox/JRDFStoreException': RDFStoreException: Error parsing the programError in file 'in-memory program stream' at line = 1, column = 149: Atoms in a rule should be separated by ',' or by '&'.
 (file: src/java-bridge/uk_ac_ox_cs
Event: 1.245 Thread 0x00007fc29c025000 Exception <a 'uk/ac/ox/cs/JRDFox/JRDFStoreException': RDFStoreException: The query formula does not instantiate the following answer variables: ?VX (file: src/querying/QueryCompiler.cpp; line: 375)
> (0x000000076de85b78) thrown at [/Users/java_re/workspac

Events (10 events):
Event: 1.245 loading class org/semanticweb/owlapi/model/OWLAnnotation
Event: 1.245 loading class org/semanticweb/owlapi/model/OWLAnnotation done
Event: 1.245 loading class org/semanticweb/owlapi/model/OWLAnnotation
Event: 1.245 loading class org/semanticweb/owlapi/model/OWLAnnotation done
Event: 1.245 loading class org/semanticweb/owlapi/model/OWLAnnotation
Event: 1.245 loading class org/semanticweb/owlapi/model/OWLAnnotation done
Event: 1.245 loading class org/semanticweb/owlapi/util/SimpleRenderer
Event: 1.245 loading class org/semanticweb/owlapi/util/SimpleRenderer done
Event: 1.245 loading class org/semanticweb/owlapi/util/SimpleRenderer
Event: 1.245 loading class org/semanticweb/owlapi/util/SimpleRenderer done


Dynamic libraries:
0x000000001f2fc000 	/System/Library/Frameworks/Cocoa.framework/Versions/A/Cocoa
0x000000001f2fc000 	/System/Library/Frameworks/Security.framework/Versions/A/Security
0x000000001f2fc000 	/System/Library/Frameworks/ApplicationServices.framework/Versions/A/ApplicationServices
0x000000001f2fc000 	/usr/lib/libz.1.dylib
0x000000001f2fc000 	/usr/lib/libSystem.B.dylib
0x000000001f2fc000 	/usr/lib/libobjc.A.dylib
0x000000001f2fc000 	/System/Library/Frameworks/CoreFoundation.framework/Versions/A/CoreFoundation
0x000000001f2fc000 	/System/Library/Frameworks/Foundation.framework/Versions/C/Foundation
0x000000001f2fc000 	/System/Library/Frameworks/AppKit.framework/Versions/C/AppKit
0x000000001f2fc000 	/System/Library/Frameworks/CoreData.framework/Versions/A/CoreData
0x000000001f2fc000 	/System/Library/PrivateFrameworks/RemoteViewServices.framework/Versions/A/RemoteViewServices
0x000000001f2fc000 	/System/Library/PrivateFrameworks/UIFoundation.framework/Versions/A/UIFoundation
0x000000001f2fc000 	/System/Library/PrivateFrameworks/DFRFoundation.framework/Versions/A/DFRFoundation
0x000000001f2fc000 	/System/Library/Frameworks/Metal.framework/Versions/A/Metal
0x000000001f2fc000 	/System/Library/PrivateFrameworks/DesktopServicesPriv.framework/Versions/A/DesktopServicesPriv
0x000000001f2fc000 	/usr/lib/libenergytrace.dylib
0x000000001f2fc000 	/System/Library/PrivateFrameworks/SkyLight.framework/Versions/A/SkyLight
0x000000001f2fc000 	/System/Library/Frameworks/CoreGraphics.framework/Versions/A/CoreGraphics
0x000000001f2fc000 	/usr/lib/libScreenReader.dylib
0x000000001f2fc000 	/System/Library/Frameworks/Accelerate.framework/Versions/A/Accelerate
0x000000001f2fc000 	/System/Library/Frameworks/IOSurface.framework/Versions/A/IOSurface
0x000000001f2fc000 	/System/Library/Frameworks/AudioToolbox.framework/Versions/A/AudioToolbox
0x000000001f2fc000 	/System/Library/Frameworks/AudioUnit.framework/Versions/A/AudioUnit
0x000000001f2fc000 	/System/Library/PrivateFrameworks/DataDetectorsCore.framework/Versions/A/DataDetectorsCore
0x000000001f2fc000 	/System/Library/Frameworks/Carbon.framework/Versions/A/Frameworks/HIToolbox.framework/Versions/A/HIToolbox
0x000000001f2fc000 	/usr/lib/libicucore.A.dylib
0x000000001f2fc000 	/System/Library/Frameworks/QuartzCore.framework/Versions/A/QuartzCore
0x000000001f2fc000 	/System/Library/PrivateFrameworks/SignpostNotification.framework/Versions/A/SignpostNotification
0x000000001f2fc000 	/System/Library/Frameworks/Carbon.framework/Versions/A/Frameworks/SpeechRecognition.framework/Versions/A/SpeechRecognition
0x000000001f2fc000 	/usr/lib/libauto.dylib
0x000000001f2fc000 	/usr/lib/libxml2.2.dylib
0x000000001f2fc000 	/System/Library/PrivateFrameworks/CoreUI.framework/Versions/A/CoreUI
0x000000001f2fc000 	/System/Library/Frameworks/CoreAudio.framework/Versions/A/CoreAudio
0x000000001f2fc000 	/System/Library/Frameworks/DiskArbitration.framework/Versions/A/DiskArbitration
0x000000001f2fc000 	/usr/lib/liblangid.dylib
0x000000001f2fc000 	/System/Library/PrivateFrameworks/MultitouchSupport.framework/Versions/A/MultitouchSupport
0x000000001f2fc000 	/System/Library/Frameworks/IOKit.framework/Versions/A/IOKit
0x000000001f2fc000 	/usr/lib/libDiagnosticMessagesClient.dylib
0x000000001f2fc000 	/System/Library/Frameworks/CoreServices.framework/Versions/A/CoreServices
0x000000001f2fc000 	/System/Library/PrivateFrameworks/PerformanceAnalysis.framework/Versions/A/PerformanceAnalysis
0x000000001f2fc000 	/System/Library/Frameworks/OpenGL.framework/Versions/A/OpenGL
0x000000001f2fc000 	/System/Library/Frameworks/ColorSync.framework/Versions/A/ColorSync
0x000000001f2fc000 	/System/Library/Frameworks/CoreImage.framework/Versions/A/CoreImage
0x000000001f2fc000 	/System/Library/Frameworks/CoreText.framework/Versions/A/CoreText
0x000000001f2fc000 	/System/Library/Frameworks/ImageIO.framework/Versions/A/ImageIO
0x000000001f2fc000 	/System/Library/PrivateFrameworks/Backup.framework/Versions/A/Backup
0x000000001f2fc000 	/usr/lib/libarchive.2.dylib
0x000000001f2fc000 	/System/Library/Frameworks/CFNetwork.framework/Versions/A/CFNetwork
0x000000001f2fc000 	/System/Library/Frameworks/SystemConfiguration.framework/Versions/A/SystemConfiguration
0x000000001f2fc000 	/usr/lib/libCRFSuite.dylib
0x000000001f2fc000 	/usr/lib/libc++.1.dylib
0x000000001f2fc000 	/usr/lib/libc++abi.dylib
0x000000001f2fc000 	/usr/lib/system/libcache.dylib
0x000000001f2fc000 	/usr/lib/system/libcommonCrypto.dylib
0x000000001f2fc000 	/usr/lib/system/libcompiler_rt.dylib
0x000000001f2fc000 	/usr/lib/system/libcopyfile.dylib
0x000000001f2fc000 	/usr/lib/system/libcorecrypto.dylib
0x000000001f2fc000 	/usr/lib/system/libdispatch.dylib
0x000000001f2fc000 	/usr/lib/system/libdyld.dylib
0x000000001f2fc000 	/usr/lib/system/libkeymgr.dylib
0x000000001f2fc000 	/usr/lib/system/liblaunch.dylib
0x000000001f2fc000 	/usr/lib/system/libmacho.dylib
0x000000001f2fc000 	/usr/lib/system/libquarantine.dylib
0x000000001f2fc000 	/usr/lib/system/libremovefile.dylib
0x000000001f2fc000 	/usr/lib/system/libsystem_asl.dylib
0x000000001f2fc000 	/usr/lib/system/libsystem_blocks.dylib
0x000000001f2fc000 	/usr/lib/system/libsystem_c.dylib
0x000000001f2fc000 	/usr/lib/system/libsystem_configuration.dylib
0x000000001f2fc000 	/usr/lib/system/libsystem_coreservices.dylib
0x000000001f2fc000 	/usr/lib/system/libsystem_darwin.dylib
0x000000001f2fc000 	/usr/lib/system/libsystem_dnssd.dylib
0x000000001f2fc000 	/usr/lib/system/libsystem_info.dylib
0x000000001f2fc000 	/usr/lib/system/libsystem_m.dylib
0x000000001f2fc000 	/usr/lib/system/libsystem_malloc.dylib
0x000000001f2fc000 	/usr/lib/system/libsystem_network.dylib
0x000000001f2fc000 	/usr/lib/system/libsystem_networkextension.dylib
0x000000001f2fc000 	/usr/lib/system/libsystem_notify.dylib
0x000000001f2fc000 	/usr/lib/system/libsystem_sandbox.dylib
0x000000001f2fc000 	/usr/lib/system/libsystem_secinit.dylib
0x000000001f2fc000 	/usr/lib/system/libsystem_kernel.dylib
0x000000001f2fc000 	/usr/lib/system/libsystem_platform.dylib
0x000000001f2fc000 	/usr/lib/system/libsystem_pthread.dylib
0x000000001f2fc000 	/usr/lib/system/libsystem_symptoms.dylib
0x000000001f2fc000 	/usr/lib/system/libsystem_trace.dylib
0x000000001f2fc000 	/usr/lib/system/libunwind.dylib
0x000000001f2fc000 	/usr/lib/system/libxpc.dylib
0x000000001f2fc000 	/usr/lib/closure/libclosured.dylib
0x000000001f2fc000 	/usr/lib/libbsm.0.dylib
0x000000001f2fc000 	/usr/lib/system/libkxld.dylib
0x000000001f2fc000 	/usr/lib/libOpenScriptingUtil.dylib
0x000000001f2fc000 	/usr/lib/libcoretls.dylib
0x000000001f2fc000 	/usr/lib/libcoretls_cfhelpers.dylib
0x000000001f2fc000 	/usr/lib/libpam.2.dylib
0x000000001f2fc000 	/usr/lib/libsqlite3.dylib
0x000000001f2fc000 	/usr/lib/libxar.1.dylib
0x000000001f2fc000 	/usr/lib/libbz2.1.0.dylib
0x000000001f2fc000 	/usr/lib/liblzma.5.dylib
0x000000001f2fc000 	/usr/lib/libnetwork.dylib
0x000000001f2fc000 	/usr/lib/libapple_nghttp2.dylib
0x000000001f2fc000 	/usr/lib/libpcap.A.dylib
0x000000001f2fc000 	/usr/lib/libboringssl.dylib
0x000000001f2fc000 	/usr/lib/libusrtcp.dylib
0x000000001f2fc000 	/usr/lib/libapple_crypto.dylib
0x000000001f2fc000 	/System/Library/Frameworks/CoreServices.framework/Versions/A/Frameworks/FSEvents.framework/Versions/A/FSEvents
0x000000001f2fc000 	/System/Library/Frameworks/CoreServices.framework/Versions/A/Frameworks/CarbonCore.framework/Versions/A/CarbonCore
0x000000001f2fc000 	/System/Library/Frameworks/CoreServices.framework/Versions/A/Frameworks/Metadata.framework/Versions/A/Metadata
0x000000001f2fc000 	/System/Library/Frameworks/CoreServices.framework/Versions/A/Frameworks/OSServices.framework/Versions/A/OSServices
0x000000001f2fc000 	/System/Library/Frameworks/CoreServices.framework/Versions/A/Frameworks/SearchKit.framework/Versions/A/SearchKit
0x000000001f2fc000 	/System/Library/Frameworks/CoreServices.framework/Versions/A/Frameworks/AE.framework/Versions/A/AE
0x000000001f2fc000 	/System/Library/Frameworks/CoreServices.framework/Versions/A/Frameworks/LaunchServices.framework/Versions/A/LaunchServices
0x000000001f2fc000 	/System/Library/Frameworks/CoreServices.framework/Versions/A/Frameworks/DictionaryServices.framework/Versions/A/DictionaryServices
0x000000001f2fc000 	/System/Library/Frameworks/CoreServices.framework/Versions/A/Frameworks/SharedFileList.framework/Versions/A/SharedFileList
0x000000001f2fc000 	/System/Library/Frameworks/NetFS.framework/Versions/A/NetFS
0x000000001f2fc000 	/System/Library/PrivateFrameworks/NetAuth.framework/Versions/A/NetAuth
0x000000001f2fc000 	/System/Library/PrivateFrameworks/login.framework/Versions/A/Frameworks/loginsupport.framework/Versions/A/loginsupport
0x000000001f2fc000 	/System/Library/PrivateFrameworks/TCC.framework/Versions/A/TCC
0x000000001f2fc000 	/usr/lib/libmecabra.dylib
0x000000001f2fc000 	/System/Library/Frameworks/ApplicationServices.framework/Versions/A/Frameworks/ATS.framework/Versions/A/ATS
0x000000001f2fc000 	/System/Library/Frameworks/ApplicationServices.framework/Versions/A/Frameworks/ColorSyncLegacy.framework/Versions/A/ColorSyncLegacy
0x000000001f2fc000 	/System/Library/Frameworks/ApplicationServices.framework/Versions/A/Frameworks/HIServices.framework/Versions/A/HIServices
0x000000001f2fc000 	/System/Library/Frameworks/ApplicationServices.framework/Versions/A/Frameworks/LangAnalysis.framework/Versions/A/LangAnalysis
0x000000001f2fc000 	/System/Library/Frameworks/ApplicationServices.framework/Versions/A/Frameworks/PrintCore.framework/Versions/A/PrintCore
0x000000001f2fc000 	/System/Library/Frameworks/ApplicationServices.framework/Versions/A/Frameworks/QD.framework/Versions/A/QD
0x000000001f2fc000 	/System/Library/Frameworks/ApplicationServices.framework/Versions/A/Frameworks/SpeechSynthesis.framework/Versions/A/SpeechSynthesis
0x000000001f2fc000 	/System/Library/Frameworks/CoreDisplay.framework/Versions/A/CoreDisplay
0x000000001f2fc000 	/System/Library/Frameworks/Accelerate.framework/Versions/A/Frameworks/vImage.framework/Versions/A/vImage
0x000000001f2fc000 	/System/Library/Frameworks/Accelerate.framework/Versions/A/Frameworks/vecLib.framework/Versions/A/vecLib
0x000000001f2fc000 	/System/Library/Frameworks/Accelerate.framework/Versions/A/Frameworks/vecLib.framework/Versions/A/libvDSP.dylib
0x000000001f2fc000 	/System/Library/Frameworks/Accelerate.framework/Versions/A/Frameworks/vecLib.framework/Versions/A/libBNNS.dylib
0x000000001f2fc000 	/System/Library/Frameworks/Accelerate.framework/Versions/A/Frameworks/vecLib.framework/Versions/A/libQuadrature.dylib
0x000000001f2fc000 	/System/Library/Frameworks/Accelerate.framework/Versions/A/Frameworks/vecLib.framework/Versions/A/libvMisc.dylib
0x000000001f2fc000 	/System/Library/Frameworks/Accelerate.framework/Versions/A/Frameworks/vecLib.framework/Versions/A/libLAPACK.dylib
0x000000001f2fc000 	/System/Library/Frameworks/Accelerate.framework/Versions/A/Frameworks/vecLib.framework/Versions/A/libBLAS.dylib
0x000000001f2fc000 	/System/Library/Frameworks/Accelerate.framework/Versions/A/Frameworks/vecLib.framework/Versions/A/libLinearAlgebra.dylib
0x000000001f2fc000 	/System/Library/Frameworks/Accelerate.framework/Versions/A/Frameworks/vecLib.framework/Versions/A/libSparse.dylib
0x000000001f2fc000 	/System/Library/Frameworks/Accelerate.framework/Versions/A/Frameworks/vecLib.framework/Versions/A/libSparseBLAS.dylib
0x000000001f2fc000 	/System/Library/PrivateFrameworks/GPUWrangler.framework/Versions/A/GPUWrangler
0x000000001f2fc000 	/System/Library/PrivateFrameworks/IOAccelerator.framework/Versions/A/IOAccelerator
0x000000001f2fc000 	/System/Library/PrivateFrameworks/IOPresentment.framework/Versions/A/IOPresentment
0x000000001f2fc000 	/System/Library/PrivateFrameworks/DSExternalDisplay.framework/Versions/A/DSExternalDisplay
0x000000001f2fc000 	/System/Library/Frameworks/OpenGL.framework/Versions/A/Libraries/libCoreFSCache.dylib
0x000000001f2fc000 	/System/Library/Frameworks/CoreVideo.framework/Versions/A/CoreVideo
0x000000001f2fc000 	/System/Library/PrivateFrameworks/GraphVisualizer.framework/Versions/A/GraphVisualizer
0x000000001f2fc000 	/System/Library/Frameworks/MetalPerformanceShaders.framework/Versions/A/MetalPerformanceShaders
0x000000001f2fc000 	/usr/lib/libFosl_dynamic.dylib
0x000000001f2fc000 	/System/Library/PrivateFrameworks/FaceCore.framework/Versions/A/FaceCore
0x000000001f2fc000 	/System/Library/Frameworks/OpenCL.framework/Versions/A/OpenCL
0x000000001f2fc000 	/usr/lib/libcompression.dylib
0x000000001f2fc000 	/System/Library/Frameworks/ApplicationServices.framework/Versions/A/Frameworks/ATS.framework/Versions/A/Resources/libFontParser.dylib
0x000000001f2fc000 	/System/Library/Frameworks/ApplicationServices.framework/Versions/A/Frameworks/ATS.framework/Versions/A/Resources/libFontRegistry.dylib
0x000000001f2fc000 	/System/Library/Frameworks/ImageIO.framework/Versions/A/Resources/libJPEG.dylib
0x000000001f2fc000 	/System/Library/Frameworks/ImageIO.framework/Versions/A/Resources/libTIFF.dylib
0x000000001f2fc000 	/System/Library/Frameworks/ImageIO.framework/Versions/A/Resources/libPng.dylib
0x000000001f2fc000 	/System/Library/Frameworks/ImageIO.framework/Versions/A/Resources/libGIF.dylib
0x000000001f2fc000 	/System/Library/Frameworks/ImageIO.framework/Versions/A/Resources/libJP2.dylib
0x000000001f2fc000 	/System/Library/Frameworks/ImageIO.framework/Versions/A/Resources/libRadiance.dylib
0x000000001f2fc000 	/System/Library/PrivateFrameworks/AppleJPEG.framework/Versions/A/AppleJPEG
0x000000001f2fc000 	/System/Library/Frameworks/MetalPerformanceShaders.framework/Frameworks/MPSCore.framework/Versions/A/MPSCore
0x000000001f2fc000 	/System/Library/Frameworks/MetalPerformanceShaders.framework/Frameworks/MPSImage.framework/Versions/A/MPSImage
0x000000001f2fc000 	/System/Library/Frameworks/MetalPerformanceShaders.framework/Frameworks/MPSNeuralNetwork.framework/Versions/A/MPSNeuralNetwork
0x000000001f2fc000 	/System/Library/Frameworks/MetalPerformanceShaders.framework/Frameworks/MPSMatrix.framework/Versions/A/MPSMatrix
0x000000001f2fc000 	/System/Library/PrivateFrameworks/MetalTools.framework/Versions/A/MetalTools
0x000000001f2fc000 	/System/Library/Frameworks/OpenGL.framework/Versions/A/Libraries/libGLU.dylib
0x000000001f2fc000 	/System/Library/Frameworks/OpenGL.framework/Versions/A/Libraries/libGFXShared.dylib
0x000000001f2fc000 	/System/Library/Frameworks/OpenGL.framework/Versions/A/Libraries/libGL.dylib
0x000000001f2fc000 	/System/Library/Frameworks/OpenGL.framework/Versions/A/Libraries/libGLImage.dylib
0x000000001f2fc000 	/System/Library/Frameworks/OpenGL.framework/Versions/A/Libraries/libCVMSPluginSupport.dylib
0x000000001f2fc000 	/System/Library/Frameworks/OpenGL.framework/Versions/A/Libraries/libCoreVMClient.dylib
0x000000001f2fc000 	/usr/lib/libcups.2.dylib
0x000000001f2fc000 	/System/Library/Frameworks/Kerberos.framework/Versions/A/Kerberos
0x000000001f2fc000 	/System/Library/Frameworks/GSS.framework/Versions/A/GSS
0x000000001f2fc000 	/usr/lib/libresolv.9.dylib
0x000000001f2fc000 	/usr/lib/libiconv.2.dylib
0x000000001f2fc000 	/System/Library/PrivateFrameworks/Heimdal.framework/Versions/A/Heimdal
0x000000001f2fc000 	/usr/lib/libheimdal-asn1.dylib
0x000000001f2fc000 	/System/Library/Frameworks/OpenDirectory.framework/Versions/A/OpenDirectory
0x000000001f2fc000 	/System/Library/PrivateFrameworks/CommonAuth.framework/Versions/A/CommonAuth
0x000000001f2fc000 	/System/Library/Frameworks/OpenDirectory.framework/Versions/A/Frameworks/CFOpenDirectory.framework/Versions/A/CFOpenDirectory
0x000000001f2fc000 	/System/Library/Frameworks/SecurityFoundation.framework/Versions/A/SecurityFoundation
0x000000001f2fc000 	/System/Library/PrivateFrameworks/APFS.framework/Versions/A/APFS
0x000000001f2fc000 	/usr/lib/libutil.dylib
0x000000001f2fc000 	/System/Library/PrivateFrameworks/AppleSauce.framework/Versions/A/AppleSauce
0x000000001f2fc000 	/System/Library/PrivateFrameworks/LinguisticData.framework/Versions/A/LinguisticData
0x000000001f2fc000 	/usr/lib/libmarisa.dylib
0x000000001f2fc000 	/System/Library/PrivateFrameworks/Lexicon.framework/Versions/A/Lexicon
0x000000001f2fc000 	/usr/lib/libChineseTokenizer.dylib
0x000000001f2fc000 	/usr/lib/libcmph.dylib
0x000000001f2fc000 	/System/Library/PrivateFrameworks/LanguageModeling.framework/Versions/A/LanguageModeling
0x000000001f2fc000 	/System/Library/PrivateFrameworks/CoreEmoji.framework/Versions/A/CoreEmoji
0x000000001f2fc000 	/System/Library/Frameworks/ServiceManagement.framework/Versions/A/ServiceManagement
0x000000001f2fc000 	/System/Library/PrivateFrameworks/BackgroundTaskManagement.framework/Versions/A/BackgroundTaskManagement
0x000000001f2fc000 	/usr/lib/libxslt.1.dylib
0x000000001f2fc000 	/System/Library/Frameworks/Carbon.framework/Versions/A/Frameworks/Ink.framework/Versions/A/Ink
0x000000001f2fc000 	/System/Library/PrivateFrameworks/TextureIO.framework/Versions/A/TextureIO
0x000000001f2fc000 	/usr/lib/libate.dylib
0x000000001f2fc000 	/System/Library/PrivateFrameworks/CrashReporterSupport.framework/Versions/A/CrashReporterSupport
0x000000001f2fc000 	/System/Library/PrivateFrameworks/Sharing.framework/Versions/A/Sharing
0x000000001f2fc000 	/System/Library/PrivateFrameworks/IconServices.framework/Versions/A/IconServices
0x000000001f2fc000 	/System/Library/PrivateFrameworks/AuthKit.framework/Versions/A/AuthKit
0x000000001f2fc000 	/System/Library/PrivateFrameworks/Apple80211.framework/Versions/A/Apple80211
0x000000001f2fc000 	/System/Library/PrivateFrameworks/CoreUtils.framework/Versions/A/CoreUtils
0x000000001f2fc000 	/System/Library/Frameworks/CoreWLAN.framework/Versions/A/CoreWLAN
0x000000001f2fc000 	/System/Library/Frameworks/IOBluetooth.framework/Versions/A/IOBluetooth
0x000000001f2fc000 	/System/Library/PrivateFrameworks/ProtocolBuffer.framework/Versions/A/ProtocolBuffer
0x000000001f2fc000 	/System/Library/PrivateFrameworks/MobileKeyBag.framework/Versions/A/MobileKeyBag
0x000000001f2fc000 	/System/Library/PrivateFrameworks/CorePhoneNumbers.framework/Versions/A/CorePhoneNumbers
0x000000001f2fc000 	/System/Library/PrivateFrameworks/AppleIDAuthSupport.framework/Versions/A/AppleIDAuthSupport
0x000000001f2fc000 	/System/Library/PrivateFrameworks/KeychainCircle.framework/Versions/A/KeychainCircle
0x000000001f2fc000 	/System/Library/PrivateFrameworks/CoreWiFi.framework/Versions/A/CoreWiFi
0x000000001f2fc000 	/System/Library/Frameworks/CoreBluetooth.framework/Versions/A/CoreBluetooth
0x000000001f2fc000 	/System/Library/PrivateFrameworks/DebugSymbols.framework/Versions/A/DebugSymbols
0x000000001f2fc000 	/System/Library/PrivateFrameworks/CoreSymbolication.framework/Versions/A/CoreSymbolication
0x000000001f2fc000 	/System/Library/PrivateFrameworks/Symbolication.framework/Versions/A/Symbolication
0x000000001f2fc000 	/System/Library/PrivateFrameworks/AppleFSCompression.framework/Versions/A/AppleFSCompression
0x000000001f2fc000 	/System/Library/PrivateFrameworks/SpeechRecognitionCore.framework/Versions/A/SpeechRecognitionCore
0x0000000109c00000 	/Library/Java/JavaVirtualMachines/jdk1.8.0_161.jdk/Contents/Home/jre/lib/server/libjvm.dylib
0x000000001f2fc000 	/usr/lib/libstdc++.6.0.9.dylib
0x0000000108afe000 	/Library/Java/JavaVirtualMachines/jdk1.8.0_161.jdk/Contents/Home/jre/lib/libverify.dylib
0x0000000108b0c000 	/Library/Java/JavaVirtualMachines/jdk1.8.0_161.jdk/Contents/Home/jre/lib/libjava.dylib
0x0000000108b8c000 	/Library/Java/JavaVirtualMachines/jdk1.8.0_161.jdk/Contents/Home/jre/lib/libzip.dylib
0x0000000110ee2000 	/private/var/folders/k0/15vs_byd1cdd6nv9xqkw7trm0000gp/T/CppRDFox3516092778582587858.dylib

VM Arguments:
jvm_args: -Dfile.encoding=UTF-8 
java_command: launcher.Launcher
java_class_path (initial): /Library/Java/JavaVirtualMachines/jdk1.8.0_161.jdk/Contents/Home/jre/lib/resources.jar:/Library/Java/JavaVirtualMachines/jdk1.8.0_161.jdk/Contents/Home/jre/lib/rt.jar:/Library/Java/JavaVirtualMachines/jdk1.8.0_161.jdk/Contents/Home/jre/lib/jsse.jar:/Library/Java/JavaVirtualMachines/jdk1.8.0_161.jdk/Contents/Home/jre/lib/jce.jar:/Library/Java/JavaVirtualMachines/jdk1.8.0_161.jdk/Contents/Home/jre/lib/charsets.jar:/Library/Java/JavaVirtualMachines/jdk1.8.0_161.jdk/Contents/Home/jre/lib/jfr.jar:/Library/Java/JavaVirtualMachines/jdk1.8.0_161.jdk/Contents/Home/jre/lib/ext/sunec.jar:/Library/Java/JavaVirtualMachines/jdk1.8.0_161.jdk/Contents/Home/jre/lib/ext/nashorn.jar:/Library/Java/JavaVirtualMachines/jdk1.8.0_161.jdk/Contents/Home/jre/lib/ext/cldrdata.jar:/Library/Java/JavaVirtualMachines/jdk1.8.0_161.jdk/Contents/Home/jre/lib/ext/jfxrt.jar:/Library/Java/JavaVirtualMachines/jdk1.8.0_161.jdk/Contents/Home/jre/lib/ext/dnsns.jar:/Library/Java/JavaVirtualMachines/jdk1.8.0_161.jdk/Contents/Home/jre/lib/ext/localedata.jar:/Library/Java/JavaVirtualMachines/jdk1.8.0_161.jdk/Contents/Home/jre/lib/ext/sunjce_provider.jar:/Library/Java/JavaVirtualMachines/jdk1.8.0_161.jdk/Contents/Home/jre/lib/ext/sunpkcs11.jar:/Library/Java/JavaVirtualMachines/jdk1.8.0_161.jdk/Contents/Home/jre/lib/ext/jaccess.jar:/Library/Java/JavaVirtualMachines/jdk1.8.0_161.jdk/Contents/Home/jre/lib/ext/zipfs.jar:/System/Library/Java/Extensions/MRJToolkit.jar:/Users/carralma/Desktop/velox-evalution/code/Velox/Velox/target/classes:/Users/carralma/Desktop/velox-evalution/code/Velox/Velox/Libraries/JRDFox.jar:/Users/carralma/.m2/repository/net/sourceforge/owlapi/owlapi-distribution/5.1.7/owlapi-distribution-5.1.7.jar:/Users/carralma/.m2/repository/net/sourceforge/owlapi/owlapi-compatibility/5.1.7/owlapi-compatibility-5.1.7.jar:/Users/carralma/.m2/repository/net/sourceforge/owlapi/owlapi-apibinding/5.1.7/owlapi-apibinding-5.1.7.jar:/Users/carralma/.m2/repository/net/sourceforge/owlapi
Launcher Type: SUN_STANDARD

Environment Variables:
PATH=/usr/bin:/bin:/usr/sbin:/sbin
SHELL=/bin/bash
DISPLAY=/private/tmp/com.apple.launchd.XiXb8OmcGF/org.macosforge.xquartz:0

Signal Handlers:
SIGSEGV: [libjvm.dylib+0x5b5439], sa_mask[0]=11111111011111110111111111111111, sa_flags=SA_ONSTACK|SA_RESTART|SA_SIGINFO
SIGBUS: [libjvm.dylib+0x5b5439], sa_mask[0]=11111111011111110111111111111111, sa_flags=SA_RESTART|SA_SIGINFO
SIGFPE: [libjvm.dylib+0x48ae24], sa_mask[0]=11111111011111110111111111111111, sa_flags=SA_RESTART|SA_SIGINFO
SIGPIPE: [libjvm.dylib+0x48ae24], sa_mask[0]=11111111011111110111111111111111, sa_flags=SA_RESTART|SA_SIGINFO
SIGXFSZ: [libjvm.dylib+0x48ae24], sa_mask[0]=11111111011111110111111111111111, sa_flags=SA_RESTART|SA_SIGINFO
SIGILL: [libjvm.dylib+0x48ae24], sa_mask[0]=11111111011111110111111111111111, sa_flags=SA_RESTART|SA_SIGINFO
SIGUSR1: SIG_DFL, sa_mask[0]=00000000000000000000000000000000, sa_flags=none
SIGUSR2: [libjvm.dylib+0x48a942], sa_mask[0]=00100000000000000000000000000000, sa_flags=SA_RESTART|SA_SIGINFO
SIGHUP: [libjvm.dylib+0x488f0d], sa_mask[0]=11111111011111110111111111111111, sa_flags=SA_RESTART|SA_SIGINFO
SIGINT: [libjvm.dylib+0x488f0d], sa_mask[0]=11111111011111110111111111111111, sa_flags=SA_RESTART|SA_SIGINFO
SIGTERM: [libjvm.dylib+0x488f0d], sa_mask[0]=11111111011111110111111111111111, sa_flags=SA_RESTART|SA_SIGINFO
SIGQUIT: [libjvm.dylib+0x488f0d], sa_mask[0]=11111111011111110111111111111111, sa_flags=SA_RESTART|SA_SIGINFO


---------------  S Y S T E M  ---------------

OS:Bsduname:Darwin 17.7.0 Darwin Kernel Version 17.7.0: Thu Jun 21 22:53:14 PDT 2018; root:xnu-4570.71.2~1/RELEASE_X86_64 x86_64
rlimit: STACK 8192k, CORE 0k, NPROC 1418, NOFILE 10240, AS infinity
load average:3.01 2.13 1.93

CPU:total 8 (initial active 8) (4 cores per cpu, 2 threads per core) family 6 model 70 stepping 1, cmov, cx8, fxsr, mmx, sse, sse2, sse3, ssse3, sse4.1, sse4.2, popcnt, avx, avx2, aes, clmul, erms, lzcnt, ht, tsc, tscinvbit, bmi1, bmi2

Memory: 4k page, physical 16777216k(1498396k free)

/proc/meminfo:


vm_info: Java HotSpot(TM) 64-Bit Server VM (25.161-b12) for bsd-amd64 JRE (1.8.0_161-b12), built on Dec 19 2017 16:22:20 by "java_re" with gcc 4.2.1 (Based on Apple Inc. build 5658) (LLVM build 2336.11.00)

time: Wed Sep 19 15:20:11 2018
elapsed time: 1 seconds (0d 0h 0m 1s)

